21 [139865310214016] INFO perfrun.launcher <> - argc = 7; cmdline = /opt/intel/vtune_amplifier_2018.4.0.573462/bin64/amplxe-runss --ui-output-format xml --ui-output-fd 5 --option-file /home/zyc/PAC2019/r-1561277178-pure_c-hotspots/config/runss.options 
43 [139865310214016] INFO perfrun.launcher <> - plugin system has been added successfully
43 [139865310214016] INFO perfrun.launcher <> - plugin itt has been added successfully
43 [139865310214016] INFO perfrun.launcher <> - plugin ptracecollector has been added successfully
43 [139865310214016] INFO perfrun.launcher <> - plugin gpu has been added successfully
44 [139865310214016] INFO perfrun.launcher <> - plugin  has been added successfully
44 [139865310214016] INFO perfrun.launcher <> - plugin  has been added successfully
44 [139865310214016] INFO perfrun.launcher <> - plugin  has been added successfully
44 [139865310214016] INFO perfrun.launcher <> - plugin mrte has been added successfully
44 [139865310214016] INFO perfrun.launcher <> - plugin emon has been added successfully
44 [139865310214016] INFO perfrun.launcher <> - plugin stdsrc has been added successfully
45 [139865310214016] INFO perfrun.launcher <> - plugin sep has been added successfully
45 [139865310214016] INFO perfrun.launcher <> - plugin vtsspp has been added successfully
45 [139865310214016] INFO perfrun.sdk <> - Reading value (2) from file: /proc/sys/kernel/perf_event_paranoid
50 [139865310214016] INFO perfrun.perfcollector <> - cpu: family = 6 model = 79
50 [139865310214016] INFO perfrun.perfcollector <> - dir found : /sys/bus/event_source/devices/cpu
50 [139865310214016] INFO perfrun.perfcollector <> - format: pc config:19 mask:19
50 [139865310214016] INFO perfrun.perfcollector <> - format: any config:21 mask:21
50 [139865310214016] INFO perfrun.perfcollector <> - format: inv config:23 mask:23
50 [139865310214016] INFO perfrun.perfcollector <> - format: edge config:18 mask:18
51 [139865310214016] INFO perfrun.perfcollector <> - format: cmask config:24-31 mask:24-31
51 [139865310214016] INFO perfrun.perfcollector <> - format: event config:0-7 mask:0-7
51 [139865310214016] INFO perfrun.perfcollector <> - format: in_tx config:32 mask:32
51 [139865310214016] INFO perfrun.perfcollector <> - format: ldlat config1:0-15 mask:0-15
51 [139865310214016] INFO perfrun.perfcollector <> - format: umask config:8-15 mask:8-15
51 [139865310214016] INFO perfrun.perfcollector <> - format: in_tx_cp config:33 mask:33
51 [139865310214016] INFO perfrun.perfcollector <> - format: offcore_rsp config1:0-63 mask:0-63
51 [139865310214016] INFO perfrun.perfcollector <> - hwInfo : PERF_CPU_PMU_DETAILS
51 [139865310214016] INFO perfrun.perfcollector <> - pmu added : family : cpu , id : 0
51 [139865310214016] INFO perfrun.perfcollector <> - dir found : /sys/bus/event_source/devices/msr
51 [139865310214016] INFO perfrun.perfcollector <> - format: event config:0-63 mask:0-63
51 [139865310214016] WARN perfrun.perfcollector <> - pmu hwInfo is not set, at file: vcs/perfrun1/plugins/perfcollector/src/controller.cpp:657
51 [139865310214016] INFO perfrun.perfcollector <> - pmu added : family : msr , id : 0
51 [139865310214016] INFO perfrun.perfcollector <> - dir found : /sys/bus/event_source/devices/uncore_cbox_10
51 [139865310214016] INFO perfrun.perfcollector <> - format: edge config:18 mask:18
51 [139865310214016] INFO perfrun.perfcollector <> - format: event config:0-7 mask:0-7
51 [139865310214016] INFO perfrun.perfcollector <> - format: umask config:8-15 mask:8-15
51 [139865310214016] INFO perfrun.perfcollector <> - format: filter_c6 config1:61 mask:61
52 [139865310214016] INFO perfrun.perfcollector <> - format: filter_nc config1:62 mask:62
52 [139865310214016] INFO perfrun.perfcollector <> - format: filter_isoc config1:63 mask:63
52 [139865310214016] INFO perfrun.perfcollector <> - format: filter_link config1:6-8 mask:6-8
52 [139865310214016] INFO perfrun.perfcollector <> - format: filter_nid config1:32-47 mask:32-47
52 [139865310214016] INFO perfrun.perfcollector <> - format: filter_opc config1:52-60 mask:52-60
52 [139865310214016] INFO perfrun.perfcollector <> - format: filter_tid config1:0-5 mask:0-5
52 [139865310214016] INFO perfrun.perfcollector <> - format: tid_en config:19 mask:19
52 [139865310214016] INFO perfrun.perfcollector <> - format: thresh config:24-31 mask:24-31
52 [139865310214016] INFO perfrun.perfcollector <> - format: filter_state config1:17-23 mask:17-23
52 [139865310214016] WARN perfrun.perfcollector <> - pmu hwInfo is not set, at file: vcs/perfrun1/plugins/perfcollector/src/controller.cpp:657
52 [139865310214016] INFO perfrun.perfcollector <> - pmu added : family : uncore_cbox , id : 10
52 [139865310214016] INFO perfrun.perfcollector <> - dir found : /sys/bus/event_source/devices/uncore_cbox_11
52 [139865310214016] INFO perfrun.perfcollector <> - format: edge config:18 mask:18
52 [139865310214016] INFO perfrun.perfcollector <> - format: event config:0-7 mask:0-7
52 [139865310214016] INFO perfrun.perfcollector <> - format: umask config:8-15 mask:8-15
52 [139865310214016] INFO perfrun.perfcollector <> - format: filter_c6 config1:61 mask:61
52 [139865310214016] INFO perfrun.perfcollector <> - format: filter_nc config1:62 mask:62
52 [139865310214016] INFO perfrun.perfcollector <> - format: filter_isoc config1:63 mask:63
52 [139865310214016] INFO perfrun.perfcollector <> - format: filter_link config1:6-8 mask:6-8
53 [139865310214016] INFO perfrun.perfcollector <> - format: filter_nid config1:32-47 mask:32-47
53 [139865310214016] INFO perfrun.perfcollector <> - format: filter_opc config1:52-60 mask:52-60
53 [139865310214016] INFO perfrun.perfcollector <> - format: filter_tid config1:0-5 mask:0-5
53 [139865310214016] INFO perfrun.perfcollector <> - format: tid_en config:19 mask:19
53 [139865310214016] INFO perfrun.perfcollector <> - format: thresh config:24-31 mask:24-31
53 [139865310214016] INFO perfrun.perfcollector <> - format: filter_state config1:17-23 mask:17-23
53 [139865310214016] WARN perfrun.perfcollector <> - pmu hwInfo is not set, at file: vcs/perfrun1/plugins/perfcollector/src/controller.cpp:657
53 [139865310214016] INFO perfrun.perfcollector <> - pmu added : family : uncore_cbox , id : 11
53 [139865310214016] INFO perfrun.perfcollector <> - dir found : /sys/bus/event_source/devices/uncore_cbox_12
53 [139865310214016] INFO perfrun.perfcollector <> - format: edge config:18 mask:18
53 [139865310214016] INFO perfrun.perfcollector <> - format: event config:0-7 mask:0-7
53 [139865310214016] INFO perfrun.perfcollector <> - format: umask config:8-15 mask:8-15
53 [139865310214016] INFO perfrun.perfcollector <> - format: filter_c6 config1:61 mask:61
53 [139865310214016] INFO perfrun.perfcollector <> - format: filter_nc config1:62 mask:62
53 [139865310214016] INFO perfrun.perfcollector <> - format: filter_isoc config1:63 mask:63
53 [139865310214016] INFO perfrun.perfcollector <> - format: filter_link config1:6-8 mask:6-8
53 [139865310214016] INFO perfrun.perfcollector <> - format: filter_nid config1:32-47 mask:32-47
53 [139865310214016] INFO perfrun.perfcollector <> - format: filter_opc config1:52-60 mask:52-60
53 [139865310214016] INFO perfrun.perfcollector <> - format: filter_tid config1:0-5 mask:0-5
53 [139865310214016] INFO perfrun.perfcollector <> - format: tid_en config:19 mask:19
54 [139865310214016] INFO perfrun.perfcollector <> - format: thresh config:24-31 mask:24-31
54 [139865310214016] INFO perfrun.perfcollector <> - format: filter_state config1:17-23 mask:17-23
54 [139865310214016] WARN perfrun.perfcollector <> - pmu hwInfo is not set, at file: vcs/perfrun1/plugins/perfcollector/src/controller.cpp:657
54 [139865310214016] INFO perfrun.perfcollector <> - pmu added : family : uncore_cbox , id : 12
54 [139865310214016] INFO perfrun.perfcollector <> - dir found : /sys/bus/event_source/devices/uncore_cbox_13
54 [139865310214016] INFO perfrun.perfcollector <> - format: edge config:18 mask:18
54 [139865310214016] INFO perfrun.perfcollector <> - format: event config:0-7 mask:0-7
54 [139865310214016] INFO perfrun.perfcollector <> - format: umask config:8-15 mask:8-15
54 [139865310214016] INFO perfrun.perfcollector <> - format: filter_c6 config1:61 mask:61
54 [139865310214016] INFO perfrun.perfcollector <> - format: filter_nc config1:62 mask:62
54 [139865310214016] INFO perfrun.perfcollector <> - format: filter_isoc config1:63 mask:63
54 [139865310214016] INFO perfrun.perfcollector <> - format: filter_link config1:6-8 mask:6-8
54 [139865310214016] INFO perfrun.perfcollector <> - format: filter_nid config1:32-47 mask:32-47
54 [139865310214016] INFO perfrun.perfcollector <> - format: filter_opc config1:52-60 mask:52-60
54 [139865310214016] INFO perfrun.perfcollector <> - format: filter_tid config1:0-5 mask:0-5
54 [139865310214016] INFO perfrun.perfcollector <> - format: tid_en config:19 mask:19
54 [139865310214016] INFO perfrun.perfcollector <> - format: thresh config:24-31 mask:24-31
54 [139865310214016] INFO perfrun.perfcollector <> - format: filter_state config1:17-23 mask:17-23
54 [139865310214016] WARN perfrun.perfcollector <> - pmu hwInfo is not set, at file: vcs/perfrun1/plugins/perfcollector/src/controller.cpp:657
54 [139865310214016] INFO perfrun.perfcollector <> - pmu added : family : uncore_cbox , id : 13
54 [139865310214016] INFO perfrun.perfcollector <> - dir found : /sys/bus/event_source/devices/software
54 [139865310214016] WARN perfrun.perfcollector <> - format subdir doesn't exist, at file: vcs/perfrun1/plugins/perfcollector/src/controller.cpp:578
55 [139865310214016] WARN perfrun.perfcollector <> - pmu hwInfo is not set, at file: vcs/perfrun1/plugins/perfcollector/src/controller.cpp:657
55 [139865310214016] INFO perfrun.perfcollector <> - pmu added : family : software , id : 0
55 [139865310214016] INFO perfrun.perfcollector <> - dir found : /sys/bus/event_source/devices/power
55 [139865310214016] INFO perfrun.perfcollector <> - format: event config:0-7 mask:0-7
55 [139865310214016] WARN perfrun.perfcollector <> - pmu hwInfo is not set, at file: vcs/perfrun1/plugins/perfcollector/src/controller.cpp:657
55 [139865310214016] INFO perfrun.perfcollector <> - pmu added : family : power , id : 0
55 [139865310214016] INFO perfrun.perfcollector <> - dir found : /sys/bus/event_source/devices/uncore_pcu
55 [139865310214016] INFO perfrun.perfcollector <> - format: inv config:23 mask:23
55 [139865310214016] INFO perfrun.perfcollector <> - format: occ_invert config:30 mask:30
55 [139865310214016] INFO perfrun.perfcollector <> - format: edge config:18 mask:18
55 [139865310214016] INFO perfrun.perfcollector <> - format: event config:0-7 mask:0-7
55 [139865310214016] INFO perfrun.perfcollector <> - format: occ_sel config:14-15 mask:14-15
55 [139865310214016] INFO perfrun.perfcollector <> - format: thresh config:24-28 mask:24-28
55 [139865310214016] INFO perfrun.perfcollector <> - format: filter_band0 config1:0-7 mask:0-7
55 [139865310214016] INFO perfrun.perfcollector <> - format: filter_band1 config1:8-15 mask:8-15
55 [139865310214016] INFO perfrun.perfcollector <> - format: filter_band2 config1:16-23 mask:16-23
55 [139865310214016] INFO perfrun.perfcollector <> - format: filter_band3 config1:24-31 mask:24-31
55 [139865310214016] INFO perfrun.perfcollector <> - format: occ_edge config:14-51 mask:14-51
56 [139865310214016] WARN perfrun.perfcollector <> - pmu hwInfo is not set, at file: vcs/perfrun1/plugins/perfcollector/src/controller.cpp:657
56 [139865310214016] INFO perfrun.perfcollector <> - pmu added : family : uncore_pcu , id : 0
56 [139865310214016] INFO perfrun.perfcollector <> - dir found : /sys/bus/event_source/devices/tracepoint
56 [139865310214016] WARN perfrun.perfcollector <> - format subdir doesn't exist, at file: vcs/perfrun1/plugins/perfcollector/src/controller.cpp:578
56 [139865310214016] WARN perfrun.perfcollector <> - pmu hwInfo is not set, at file: vcs/perfrun1/plugins/perfcollector/src/controller.cpp:657
56 [139865310214016] INFO perfrun.perfcollector <> - pmu added : family : tracepoint , id : 0
56 [139865310214016] INFO perfrun.perfcollector <> - dir found : /sys/bus/event_source/devices/uncore_imc_0
56 [139865310214016] INFO perfrun.perfcollector <> - format: inv config:23 mask:23
56 [139865310214016] INFO perfrun.perfcollector <> - format: edge config:18 mask:18
56 [139865310214016] INFO perfrun.perfcollector <> - format: event config:0-7 mask:0-7
56 [139865310214016] INFO perfrun.perfcollector <> - format: umask config:8-15 mask:8-15
56 [139865310214016] INFO perfrun.perfcollector <> - format: thresh config:24-31 mask:24-31
56 [139865310214016] INFO perfrun.perfcollector <> - hwInfo : PERF_IMC_PMU_DETAILS
56 [139865310214016] INFO perfrun.perfcollector <> - pmu added : family : uncore_imc , id : 0
56 [139865310214016] INFO perfrun.perfcollector <> - dir found : /sys/bus/event_source/devices/uncore_imc_1
56 [139865310214016] INFO perfrun.perfcollector <> - format: inv config:23 mask:23
56 [139865310214016] INFO perfrun.perfcollector <> - format: edge config:18 mask:18
56 [139865310214016] INFO perfrun.perfcollector <> - format: event config:0-7 mask:0-7
56 [139865310214016] INFO perfrun.perfcollector <> - format: umask config:8-15 mask:8-15
56 [139865310214016] INFO perfrun.perfcollector <> - format: thresh config:24-31 mask:24-31
56 [139865310214016] INFO perfrun.perfcollector <> - hwInfo : PERF_IMC_PMU_DETAILS
57 [139865310214016] INFO perfrun.perfcollector <> - pmu added : family : uncore_imc , id : 1
57 [139865310214016] INFO perfrun.perfcollector <> - dir found : /sys/bus/event_source/devices/uncore_imc_4
57 [139865310214016] INFO perfrun.perfcollector <> - format: inv config:23 mask:23
57 [139865310214016] INFO perfrun.perfcollector <> - format: edge config:18 mask:18
57 [139865310214016] INFO perfrun.perfcollector <> - format: event config:0-7 mask:0-7
57 [139865310214016] INFO perfrun.perfcollector <> - format: umask config:8-15 mask:8-15
57 [139865310214016] INFO perfrun.perfcollector <> - format: thresh config:24-31 mask:24-31
57 [139865310214016] INFO perfrun.perfcollector <> - hwInfo : PERF_IMC_PMU_DETAILS
57 [139865310214016] INFO perfrun.perfcollector <> - pmu added : family : uncore_imc , id : 4
57 [139865310214016] INFO perfrun.perfcollector <> - dir found : /sys/bus/event_source/devices/uncore_imc_5
57 [139865310214016] INFO perfrun.perfcollector <> - format: inv config:23 mask:23
57 [139865310214016] INFO perfrun.perfcollector <> - format: edge config:18 mask:18
57 [139865310214016] INFO perfrun.perfcollector <> - format: event config:0-7 mask:0-7
57 [139865310214016] INFO perfrun.perfcollector <> - format: umask config:8-15 mask:8-15
57 [139865310214016] INFO perfrun.perfcollector <> - format: thresh config:24-31 mask:24-31
57 [139865310214016] INFO perfrun.perfcollector <> - hwInfo : PERF_IMC_PMU_DETAILS
57 [139865310214016] INFO perfrun.perfcollector <> - pmu added : family : uncore_imc , id : 5
57 [139865310214016] INFO perfrun.perfcollector <> - dir found : /sys/bus/event_source/devices/uncore_qpi_0
57 [139865310214016] INFO perfrun.perfcollector <> - format: inv config:23 mask:23
57 [139865310214016] INFO perfrun.perfcollector <> - format: edge config:18 mask:18
57 [139865310214016] INFO perfrun.perfcollector <> - format: match_rnid4 config1:31 mask:31
57 [139865310214016] INFO perfrun.perfcollector <> - format: event config:0-7,21 mask:0-7,21
58 [139865310214016] INFO perfrun.perfcollector <> - format: mask0 config2:0-31 mask:0-31
58 [139865310214016] INFO perfrun.perfcollector <> - format: mask1 config2:32-63 mask:32-63
58 [139865310214016] INFO perfrun.perfcollector <> - format: umask config:8-15 mask:8-15
58 [139865310214016] INFO perfrun.perfcollector <> - format: mask_rnid30 config2:32-35 mask:32-35
58 [139865310214016] INFO perfrun.perfcollector <> - format: match_rnid30 config1:32-35 mask:32-35
58 [139865310214016] INFO perfrun.perfcollector <> - format: match_dnid config1:13-17 mask:13-17
58 [139865310214016] INFO perfrun.perfcollector <> - format: mask_mc config2:9-12 mask:9-12
58 [139865310214016] INFO perfrun.perfcollector <> - format: mask_dnid config2:13-17 mask:13-17
58 [139865310214016] INFO perfrun.perfcollector <> - format: match_opc config1:5-8 mask:5-8
58 [139865310214016] INFO perfrun.perfcollector <> - format: match_rds config1:48-51 mask:48-51
58 [139865310214016] INFO perfrun.perfcollector <> - format: match_vnw config1:3-4 mask:3-4
58 [139865310214016] INFO perfrun.perfcollector <> - format: mask_opc config2:5-8 mask:5-8
58 [139865310214016] INFO perfrun.perfcollector <> - format: mask_rds config2:48-51 mask:48-51
58 [139865310214016] INFO perfrun.perfcollector <> - format: mask_vnw config2:3-4 mask:3-4
58 [139865310214016] INFO perfrun.perfcollector <> - format: match_mc config1:9-12 mask:9-12
58 [139865310214016] INFO perfrun.perfcollector <> - format: match0 config1:0-31 mask:0-31
58 [139865310214016] INFO perfrun.perfcollector <> - format: match1 config1:32-63 mask:32-63
58 [139865310214016] INFO perfrun.perfcollector <> - format: mask_rnid4 config2:31 mask:31
58 [139865310214016] INFO perfrun.perfcollector <> - format: thresh config:24-31 mask:24-31
58 [139865310214016] INFO perfrun.perfcollector <> - hwInfo : PERF_QPI_PMU_DETAILS
59 [139865310214016] INFO perfrun.perfcollector <> - pmu added : family : uncore_qpi , id : 0
59 [139865310214016] INFO perfrun.perfcollector <> - dir found : /sys/bus/event_source/devices/uncore_qpi_1
59 [139865310214016] INFO perfrun.perfcollector <> - format: inv config:23 mask:23
59 [139865310214016] INFO perfrun.perfcollector <> - format: edge config:18 mask:18
59 [139865310214016] INFO perfrun.perfcollector <> - format: match_rnid4 config1:31 mask:31
59 [139865310214016] INFO perfrun.perfcollector <> - format: event config:0-7,21 mask:0-7,21
59 [139865310214016] INFO perfrun.perfcollector <> - format: mask0 config2:0-31 mask:0-31
59 [139865310214016] INFO perfrun.perfcollector <> - format: mask1 config2:32-63 mask:32-63
59 [139865310214016] INFO perfrun.perfcollector <> - format: umask config:8-15 mask:8-15
59 [139865310214016] INFO perfrun.perfcollector <> - format: mask_rnid30 config2:32-35 mask:32-35
59 [139865310214016] INFO perfrun.perfcollector <> - format: match_rnid30 config1:32-35 mask:32-35
59 [139865310214016] INFO perfrun.perfcollector <> - format: match_dnid config1:13-17 mask:13-17
59 [139865310214016] INFO perfrun.perfcollector <> - format: mask_mc config2:9-12 mask:9-12
59 [139865310214016] INFO perfrun.perfcollector <> - format: mask_dnid config2:13-17 mask:13-17
59 [139865310214016] INFO perfrun.perfcollector <> - format: match_opc config1:5-8 mask:5-8
59 [139865310214016] INFO perfrun.perfcollector <> - format: match_rds config1:48-51 mask:48-51
59 [139865310214016] INFO perfrun.perfcollector <> - format: match_vnw config1:3-4 mask:3-4
59 [139865310214016] INFO perfrun.perfcollector <> - format: mask_opc config2:5-8 mask:5-8
59 [139865310214016] INFO perfrun.perfcollector <> - format: mask_rds config2:48-51 mask:48-51
59 [139865310214016] INFO perfrun.perfcollector <> - format: mask_vnw config2:3-4 mask:3-4
60 [139865310214016] INFO perfrun.perfcollector <> - format: match_mc config1:9-12 mask:9-12
60 [139865310214016] INFO perfrun.perfcollector <> - format: match0 config1:0-31 mask:0-31
60 [139865310214016] INFO perfrun.perfcollector <> - format: match1 config1:32-63 mask:32-63
60 [139865310214016] INFO perfrun.perfcollector <> - format: mask_rnid4 config2:31 mask:31
60 [139865310214016] INFO perfrun.perfcollector <> - format: thresh config:24-31 mask:24-31
60 [139865310214016] INFO perfrun.perfcollector <> - hwInfo : PERF_QPI_PMU_DETAILS
60 [139865310214016] INFO perfrun.perfcollector <> - pmu added : family : uncore_qpi , id : 1
60 [139865310214016] INFO perfrun.perfcollector <> - dir found : /sys/bus/event_source/devices/uncore_cbox_0
60 [139865310214016] INFO perfrun.perfcollector <> - format: edge config:18 mask:18
60 [139865310214016] INFO perfrun.perfcollector <> - format: event config:0-7 mask:0-7
60 [139865310214016] INFO perfrun.perfcollector <> - format: umask config:8-15 mask:8-15
60 [139865310214016] INFO perfrun.perfcollector <> - format: filter_c6 config1:61 mask:61
60 [139865310214016] INFO perfrun.perfcollector <> - format: filter_nc config1:62 mask:62
60 [139865310214016] INFO perfrun.perfcollector <> - format: filter_isoc config1:63 mask:63
60 [139865310214016] INFO perfrun.perfcollector <> - format: filter_link config1:6-8 mask:6-8
60 [139865310214016] INFO perfrun.perfcollector <> - format: filter_nid config1:32-47 mask:32-47
60 [139865310214016] INFO perfrun.perfcollector <> - format: filter_opc config1:52-60 mask:52-60
60 [139865310214016] INFO perfrun.perfcollector <> - format: filter_tid config1:0-5 mask:0-5
60 [139865310214016] INFO perfrun.perfcollector <> - format: tid_en config:19 mask:19
60 [139865310214016] INFO perfrun.perfcollector <> - format: thresh config:24-31 mask:24-31
61 [139865310214016] INFO perfrun.perfcollector <> - format: filter_state config1:17-23 mask:17-23
61 [139865310214016] WARN perfrun.perfcollector <> - pmu hwInfo is not set, at file: vcs/perfrun1/plugins/perfcollector/src/controller.cpp:657
61 [139865310214016] INFO perfrun.perfcollector <> - pmu added : family : uncore_cbox , id : 0
61 [139865310214016] INFO perfrun.perfcollector <> - dir found : /sys/bus/event_source/devices/uncore_cbox_1
61 [139865310214016] INFO perfrun.perfcollector <> - format: edge config:18 mask:18
61 [139865310214016] INFO perfrun.perfcollector <> - format: event config:0-7 mask:0-7
61 [139865310214016] INFO perfrun.perfcollector <> - format: umask config:8-15 mask:8-15
61 [139865310214016] INFO perfrun.perfcollector <> - format: filter_c6 config1:61 mask:61
61 [139865310214016] INFO perfrun.perfcollector <> - format: filter_nc config1:62 mask:62
61 [139865310214016] INFO perfrun.perfcollector <> - format: filter_isoc config1:63 mask:63
61 [139865310214016] INFO perfrun.perfcollector <> - format: filter_link config1:6-8 mask:6-8
61 [139865310214016] INFO perfrun.perfcollector <> - format: filter_nid config1:32-47 mask:32-47
61 [139865310214016] INFO perfrun.perfcollector <> - format: filter_opc config1:52-60 mask:52-60
61 [139865310214016] INFO perfrun.perfcollector <> - format: filter_tid config1:0-5 mask:0-5
61 [139865310214016] INFO perfrun.perfcollector <> - format: tid_en config:19 mask:19
61 [139865310214016] INFO perfrun.perfcollector <> - format: thresh config:24-31 mask:24-31
61 [139865310214016] INFO perfrun.perfcollector <> - format: filter_state config1:17-23 mask:17-23
61 [139865310214016] WARN perfrun.perfcollector <> - pmu hwInfo is not set, at file: vcs/perfrun1/plugins/perfcollector/src/controller.cpp:657
61 [139865310214016] INFO perfrun.perfcollector <> - pmu added : family : uncore_cbox , id : 1
61 [139865310214016] INFO perfrun.perfcollector <> - dir found : /sys/bus/event_source/devices/uncore_cbox_2
62 [139865310214016] INFO perfrun.perfcollector <> - format: edge config:18 mask:18
62 [139865310214016] INFO perfrun.perfcollector <> - format: event config:0-7 mask:0-7
62 [139865310214016] INFO perfrun.perfcollector <> - format: umask config:8-15 mask:8-15
62 [139865310214016] INFO perfrun.perfcollector <> - format: filter_c6 config1:61 mask:61
62 [139865310214016] INFO perfrun.perfcollector <> - format: filter_nc config1:62 mask:62
62 [139865310214016] INFO perfrun.perfcollector <> - format: filter_isoc config1:63 mask:63
62 [139865310214016] INFO perfrun.perfcollector <> - format: filter_link config1:6-8 mask:6-8
62 [139865310214016] INFO perfrun.perfcollector <> - format: filter_nid config1:32-47 mask:32-47
62 [139865310214016] INFO perfrun.perfcollector <> - format: filter_opc config1:52-60 mask:52-60
62 [139865310214016] INFO perfrun.perfcollector <> - format: filter_tid config1:0-5 mask:0-5
62 [139865310214016] INFO perfrun.perfcollector <> - format: tid_en config:19 mask:19
62 [139865310214016] INFO perfrun.perfcollector <> - format: thresh config:24-31 mask:24-31
62 [139865310214016] INFO perfrun.perfcollector <> - format: filter_state config1:17-23 mask:17-23
62 [139865310214016] WARN perfrun.perfcollector <> - pmu hwInfo is not set, at file: vcs/perfrun1/plugins/perfcollector/src/controller.cpp:657
62 [139865310214016] INFO perfrun.perfcollector <> - pmu added : family : uncore_cbox , id : 2
62 [139865310214016] INFO perfrun.perfcollector <> - dir found : /sys/bus/event_source/devices/uncore_cbox_3
62 [139865310214016] INFO perfrun.perfcollector <> - format: edge config:18 mask:18
62 [139865310214016] INFO perfrun.perfcollector <> - format: event config:0-7 mask:0-7
62 [139865310214016] INFO perfrun.perfcollector <> - format: umask config:8-15 mask:8-15
62 [139865310214016] INFO perfrun.perfcollector <> - format: filter_c6 config1:61 mask:61
63 [139865310214016] INFO perfrun.perfcollector <> - format: filter_nc config1:62 mask:62
63 [139865310214016] INFO perfrun.perfcollector <> - format: filter_isoc config1:63 mask:63
63 [139865310214016] INFO perfrun.perfcollector <> - format: filter_link config1:6-8 mask:6-8
63 [139865310214016] INFO perfrun.perfcollector <> - format: filter_nid config1:32-47 mask:32-47
63 [139865310214016] INFO perfrun.perfcollector <> - format: filter_opc config1:52-60 mask:52-60
63 [139865310214016] INFO perfrun.perfcollector <> - format: filter_tid config1:0-5 mask:0-5
63 [139865310214016] INFO perfrun.perfcollector <> - format: tid_en config:19 mask:19
63 [139865310214016] INFO perfrun.perfcollector <> - format: thresh config:24-31 mask:24-31
63 [139865310214016] INFO perfrun.perfcollector <> - format: filter_state config1:17-23 mask:17-23
63 [139865310214016] WARN perfrun.perfcollector <> - pmu hwInfo is not set, at file: vcs/perfrun1/plugins/perfcollector/src/controller.cpp:657
63 [139865310214016] INFO perfrun.perfcollector <> - pmu added : family : uncore_cbox , id : 3
63 [139865310214016] INFO perfrun.perfcollector <> - dir found : /sys/bus/event_source/devices/uncore_cbox_4
63 [139865310214016] INFO perfrun.perfcollector <> - format: edge config:18 mask:18
63 [139865310214016] INFO perfrun.perfcollector <> - format: event config:0-7 mask:0-7
63 [139865310214016] INFO perfrun.perfcollector <> - format: umask config:8-15 mask:8-15
63 [139865310214016] INFO perfrun.perfcollector <> - format: filter_c6 config1:61 mask:61
63 [139865310214016] INFO perfrun.perfcollector <> - format: filter_nc config1:62 mask:62
63 [139865310214016] INFO perfrun.perfcollector <> - format: filter_isoc config1:63 mask:63
63 [139865310214016] INFO perfrun.perfcollector <> - format: filter_link config1:6-8 mask:6-8
63 [139865310214016] INFO perfrun.perfcollector <> - format: filter_nid config1:32-47 mask:32-47
63 [139865310214016] INFO perfrun.perfcollector <> - format: filter_opc config1:52-60 mask:52-60
64 [139865310214016] INFO perfrun.perfcollector <> - format: filter_tid config1:0-5 mask:0-5
64 [139865310214016] INFO perfrun.perfcollector <> - format: tid_en config:19 mask:19
64 [139865310214016] INFO perfrun.perfcollector <> - format: thresh config:24-31 mask:24-31
64 [139865310214016] INFO perfrun.perfcollector <> - format: filter_state config1:17-23 mask:17-23
64 [139865310214016] WARN perfrun.perfcollector <> - pmu hwInfo is not set, at file: vcs/perfrun1/plugins/perfcollector/src/controller.cpp:657
64 [139865310214016] INFO perfrun.perfcollector <> - pmu added : family : uncore_cbox , id : 4
64 [139865310214016] INFO perfrun.perfcollector <> - dir found : /sys/bus/event_source/devices/uncore_cbox_5
64 [139865310214016] INFO perfrun.perfcollector <> - format: edge config:18 mask:18
64 [139865310214016] INFO perfrun.perfcollector <> - format: event config:0-7 mask:0-7
64 [139865310214016] INFO perfrun.perfcollector <> - format: umask config:8-15 mask:8-15
64 [139865310214016] INFO perfrun.perfcollector <> - format: filter_c6 config1:61 mask:61
64 [139865310214016] INFO perfrun.perfcollector <> - format: filter_nc config1:62 mask:62
64 [139865310214016] INFO perfrun.perfcollector <> - format: filter_isoc config1:63 mask:63
64 [139865310214016] INFO perfrun.perfcollector <> - format: filter_link config1:6-8 mask:6-8
64 [139865310214016] INFO perfrun.perfcollector <> - format: filter_nid config1:32-47 mask:32-47
64 [139865310214016] INFO perfrun.perfcollector <> - format: filter_opc config1:52-60 mask:52-60
64 [139865310214016] INFO perfrun.perfcollector <> - format: filter_tid config1:0-5 mask:0-5
64 [139865310214016] INFO perfrun.perfcollector <> - format: tid_en config:19 mask:19
64 [139865310214016] INFO perfrun.perfcollector <> - format: thresh config:24-31 mask:24-31
64 [139865310214016] INFO perfrun.perfcollector <> - format: filter_state config1:17-23 mask:17-23
64 [139865310214016] WARN perfrun.perfcollector <> - pmu hwInfo is not set, at file: vcs/perfrun1/plugins/perfcollector/src/controller.cpp:657
65 [139865310214016] INFO perfrun.perfcollector <> - pmu added : family : uncore_cbox , id : 5
65 [139865310214016] INFO perfrun.perfcollector <> - dir found : /sys/bus/event_source/devices/uncore_cbox_6
65 [139865310214016] INFO perfrun.perfcollector <> - format: edge config:18 mask:18
65 [139865310214016] INFO perfrun.perfcollector <> - format: event config:0-7 mask:0-7
65 [139865310214016] INFO perfrun.perfcollector <> - format: umask config:8-15 mask:8-15
65 [139865310214016] INFO perfrun.perfcollector <> - format: filter_c6 config1:61 mask:61
65 [139865310214016] INFO perfrun.perfcollector <> - format: filter_nc config1:62 mask:62
65 [139865310214016] INFO perfrun.perfcollector <> - format: filter_isoc config1:63 mask:63
65 [139865310214016] INFO perfrun.perfcollector <> - format: filter_link config1:6-8 mask:6-8
65 [139865310214016] INFO perfrun.perfcollector <> - format: filter_nid config1:32-47 mask:32-47
65 [139865310214016] INFO perfrun.perfcollector <> - format: filter_opc config1:52-60 mask:52-60
65 [139865310214016] INFO perfrun.perfcollector <> - format: filter_tid config1:0-5 mask:0-5
65 [139865310214016] INFO perfrun.perfcollector <> - format: tid_en config:19 mask:19
65 [139865310214016] INFO perfrun.perfcollector <> - format: thresh config:24-31 mask:24-31
65 [139865310214016] INFO perfrun.perfcollector <> - format: filter_state config1:17-23 mask:17-23
65 [139865310214016] WARN perfrun.perfcollector <> - pmu hwInfo is not set, at file: vcs/perfrun1/plugins/perfcollector/src/controller.cpp:657
65 [139865310214016] INFO perfrun.perfcollector <> - pmu added : family : uncore_cbox , id : 6
65 [139865310214016] INFO perfrun.perfcollector <> - dir found : /sys/bus/event_source/devices/uncore_cbox_7
65 [139865310214016] INFO perfrun.perfcollector <> - format: edge config:18 mask:18
65 [139865310214016] INFO perfrun.perfcollector <> - format: event config:0-7 mask:0-7
65 [139865310214016] INFO perfrun.perfcollector <> - format: umask config:8-15 mask:8-15
66 [139865310214016] INFO perfrun.perfcollector <> - format: filter_c6 config1:61 mask:61
66 [139865310214016] INFO perfrun.perfcollector <> - format: filter_nc config1:62 mask:62
66 [139865310214016] INFO perfrun.perfcollector <> - format: filter_isoc config1:63 mask:63
66 [139865310214016] INFO perfrun.perfcollector <> - format: filter_link config1:6-8 mask:6-8
66 [139865310214016] INFO perfrun.perfcollector <> - format: filter_nid config1:32-47 mask:32-47
66 [139865310214016] INFO perfrun.perfcollector <> - format: filter_opc config1:52-60 mask:52-60
66 [139865310214016] INFO perfrun.perfcollector <> - format: filter_tid config1:0-5 mask:0-5
66 [139865310214016] INFO perfrun.perfcollector <> - format: tid_en config:19 mask:19
66 [139865310214016] INFO perfrun.perfcollector <> - format: thresh config:24-31 mask:24-31
66 [139865310214016] INFO perfrun.perfcollector <> - format: filter_state config1:17-23 mask:17-23
66 [139865310214016] WARN perfrun.perfcollector <> - pmu hwInfo is not set, at file: vcs/perfrun1/plugins/perfcollector/src/controller.cpp:657
66 [139865310214016] INFO perfrun.perfcollector <> - pmu added : family : uncore_cbox , id : 7
66 [139865310214016] INFO perfrun.perfcollector <> - dir found : /sys/bus/event_source/devices/uncore_cbox_8
66 [139865310214016] INFO perfrun.perfcollector <> - format: edge config:18 mask:18
66 [139865310214016] INFO perfrun.perfcollector <> - format: event config:0-7 mask:0-7
66 [139865310214016] INFO perfrun.perfcollector <> - format: umask config:8-15 mask:8-15
66 [139865310214016] INFO perfrun.perfcollector <> - format: filter_c6 config1:61 mask:61
66 [139865310214016] INFO perfrun.perfcollector <> - format: filter_nc config1:62 mask:62
66 [139865310214016] INFO perfrun.perfcollector <> - format: filter_isoc config1:63 mask:63
66 [139865310214016] INFO perfrun.perfcollector <> - format: filter_link config1:6-8 mask:6-8
66 [139865310214016] INFO perfrun.perfcollector <> - format: filter_nid config1:32-47 mask:32-47
66 [139865310214016] INFO perfrun.perfcollector <> - format: filter_opc config1:52-60 mask:52-60
67 [139865310214016] INFO perfrun.perfcollector <> - format: filter_tid config1:0-5 mask:0-5
67 [139865310214016] INFO perfrun.perfcollector <> - format: tid_en config:19 mask:19
67 [139865310214016] INFO perfrun.perfcollector <> - format: thresh config:24-31 mask:24-31
67 [139865310214016] INFO perfrun.perfcollector <> - format: filter_state config1:17-23 mask:17-23
67 [139865310214016] WARN perfrun.perfcollector <> - pmu hwInfo is not set, at file: vcs/perfrun1/plugins/perfcollector/src/controller.cpp:657
67 [139865310214016] INFO perfrun.perfcollector <> - pmu added : family : uncore_cbox , id : 8
67 [139865310214016] INFO perfrun.perfcollector <> - dir found : /sys/bus/event_source/devices/uncore_cbox_9
67 [139865310214016] INFO perfrun.perfcollector <> - format: edge config:18 mask:18
67 [139865310214016] INFO perfrun.perfcollector <> - format: event config:0-7 mask:0-7
67 [139865310214016] INFO perfrun.perfcollector <> - format: umask config:8-15 mask:8-15
67 [139865310214016] INFO perfrun.perfcollector <> - format: filter_c6 config1:61 mask:61
67 [139865310214016] INFO perfrun.perfcollector <> - format: filter_nc config1:62 mask:62
67 [139865310214016] INFO perfrun.perfcollector <> - format: filter_isoc config1:63 mask:63
67 [139865310214016] INFO perfrun.perfcollector <> - format: filter_link config1:6-8 mask:6-8
67 [139865310214016] INFO perfrun.perfcollector <> - format: filter_nid config1:32-47 mask:32-47
67 [139865310214016] INFO perfrun.perfcollector <> - format: filter_opc config1:52-60 mask:52-60
67 [139865310214016] INFO perfrun.perfcollector <> - format: filter_tid config1:0-5 mask:0-5
67 [139865310214016] INFO perfrun.perfcollector <> - format: tid_en config:19 mask:19
67 [139865310214016] INFO perfrun.perfcollector <> - format: thresh config:24-31 mask:24-31
67 [139865310214016] INFO perfrun.perfcollector <> - format: filter_state config1:17-23 mask:17-23
67 [139865310214016] WARN perfrun.perfcollector <> - pmu hwInfo is not set, at file: vcs/perfrun1/plugins/perfcollector/src/controller.cpp:657
67 [139865310214016] INFO perfrun.perfcollector <> - pmu added : family : uncore_cbox , id : 9
68 [139865310214016] INFO perfrun.perfcollector <> - dir found : /sys/bus/event_source/devices/kprobe
68 [139865310214016] INFO perfrun.perfcollector <> - format: retprobe config:0 mask:0
68 [139865310214016] WARN perfrun.perfcollector <> - pmu hwInfo is not set, at file: vcs/perfrun1/plugins/perfcollector/src/controller.cpp:657
68 [139865310214016] INFO perfrun.perfcollector <> - pmu added : family : kprobe , id : 0
68 [139865310214016] INFO perfrun.perfcollector <> - dir found : /sys/bus/event_source/devices/uncore_r2pcie
68 [139865310214016] INFO perfrun.perfcollector <> - format: inv config:23 mask:23
68 [139865310214016] INFO perfrun.perfcollector <> - format: edge config:18 mask:18
68 [139865310214016] INFO perfrun.perfcollector <> - format: event config:0-7 mask:0-7
68 [139865310214016] INFO perfrun.perfcollector <> - format: umask config:8-15 mask:8-15
68 [139865310214016] INFO perfrun.perfcollector <> - format: thresh config:24-31 mask:24-31
68 [139865310214016] WARN perfrun.perfcollector <> - pmu hwInfo is not set, at file: vcs/perfrun1/plugins/perfcollector/src/controller.cpp:657
68 [139865310214016] INFO perfrun.perfcollector <> - pmu added : family : uncore_r2pcie , id : 0
68 [139865310214016] INFO perfrun.perfcollector <> - dir found : /sys/bus/event_source/devices/uncore_r3qpi_0
68 [139865310214016] INFO perfrun.perfcollector <> - format: inv config:23 mask:23
68 [139865310214016] INFO perfrun.perfcollector <> - format: edge config:18 mask:18
68 [139865310214016] INFO perfrun.perfcollector <> - format: event config:0-7 mask:0-7
68 [139865310214016] INFO perfrun.perfcollector <> - format: umask config:8-15 mask:8-15
68 [139865310214016] INFO perfrun.perfcollector <> - format: thresh config:24-31 mask:24-31
68 [139865310214016] WARN perfrun.perfcollector <> - pmu hwInfo is not set, at file: vcs/perfrun1/plugins/perfcollector/src/controller.cpp:657
68 [139865310214016] INFO perfrun.perfcollector <> - pmu added : family : uncore_r3qpi , id : 0
68 [139865310214016] INFO perfrun.perfcollector <> - dir found : /sys/bus/event_source/devices/uncore_r3qpi_1
68 [139865310214016] INFO perfrun.perfcollector <> - format: inv config:23 mask:23
69 [139865310214016] INFO perfrun.perfcollector <> - format: edge config:18 mask:18
69 [139865310214016] INFO perfrun.perfcollector <> - format: event config:0-7 mask:0-7
69 [139865310214016] INFO perfrun.perfcollector <> - format: umask config:8-15 mask:8-15
69 [139865310214016] INFO perfrun.perfcollector <> - format: thresh config:24-31 mask:24-31
69 [139865310214016] WARN perfrun.perfcollector <> - pmu hwInfo is not set, at file: vcs/perfrun1/plugins/perfcollector/src/controller.cpp:657
69 [139865310214016] INFO perfrun.perfcollector <> - pmu added : family : uncore_r3qpi , id : 1
69 [139865310214016] INFO perfrun.perfcollector <> - dir found : /sys/bus/event_source/devices/uprobe
69 [139865310214016] INFO perfrun.perfcollector <> - format: retprobe config:0 mask:0
69 [139865310214016] WARN perfrun.perfcollector <> - pmu hwInfo is not set, at file: vcs/perfrun1/plugins/perfcollector/src/controller.cpp:657
69 [139865310214016] INFO perfrun.perfcollector <> - pmu added : family : uprobe , id : 0
69 [139865310214016] INFO perfrun.perfcollector <> - dir found : /sys/bus/event_source/devices/intel_bts
69 [139865310214016] WARN perfrun.perfcollector <> - format subdir doesn't exist, at file: vcs/perfrun1/plugins/perfcollector/src/controller.cpp:578
69 [139865310214016] WARN perfrun.perfcollector <> - pmu hwInfo is not set, at file: vcs/perfrun1/plugins/perfcollector/src/controller.cpp:657
69 [139865310214016] INFO perfrun.perfcollector <> - pmu added : family : intel_bts , id : 0
69 [139865310214016] INFO perfrun.perfcollector <> - dir found : /sys/bus/event_source/devices/breakpoint
69 [139865310214016] WARN perfrun.perfcollector <> - format subdir doesn't exist, at file: vcs/perfrun1/plugins/perfcollector/src/controller.cpp:578
69 [139865310214016] WARN perfrun.perfcollector <> - pmu hwInfo is not set, at file: vcs/perfrun1/plugins/perfcollector/src/controller.cpp:657
69 [139865310214016] INFO perfrun.perfcollector <> - pmu added : family : breakpoint , id : 0
69 [139865310214016] INFO perfrun.perfcollector <> - dir found : /sys/bus/event_source/devices/uncore_ha_0
69 [139865310214016] INFO perfrun.perfcollector <> - format: inv config:23 mask:23
69 [139865310214016] INFO perfrun.perfcollector <> - format: edge config:18 mask:18
69 [139865310214016] INFO perfrun.perfcollector <> - format: event config:0-7 mask:0-7
69 [139865310214016] INFO perfrun.perfcollector <> - format: umask config:8-15 mask:8-15
69 [139865310214016] INFO perfrun.perfcollector <> - format: thresh config:24-31 mask:24-31
69 [139865310214016] WARN perfrun.perfcollector <> - pmu hwInfo is not set, at file: vcs/perfrun1/plugins/perfcollector/src/controller.cpp:657
69 [139865310214016] INFO perfrun.perfcollector <> - pmu added : family : uncore_ha , id : 0
69 [139865310214016] INFO perfrun.perfcollector <> - dir found : /sys/bus/event_source/devices/uncore_ha_1
69 [139865310214016] INFO perfrun.perfcollector <> - format: inv config:23 mask:23
70 [139865310214016] INFO perfrun.perfcollector <> - format: edge config:18 mask:18
70 [139865310214016] INFO perfrun.perfcollector <> - format: event config:0-7 mask:0-7
70 [139865310214016] INFO perfrun.perfcollector <> - format: umask config:8-15 mask:8-15
70 [139865310214016] INFO perfrun.perfcollector <> - format: thresh config:24-31 mask:24-31
70 [139865310214016] WARN perfrun.perfcollector <> - pmu hwInfo is not set, at file: vcs/perfrun1/plugins/perfcollector/src/controller.cpp:657
70 [139865310214016] INFO perfrun.perfcollector <> - pmu added : family : uncore_ha , id : 1
70 [139865310214016] INFO perfrun.perfcollector <> - dir found : /sys/bus/event_source/devices/uncore_ubox
70 [139865310214016] INFO perfrun.perfcollector <> - format: inv config:23 mask:23
70 [139865310214016] INFO perfrun.perfcollector <> - format: edge config:18 mask:18
70 [139865310214016] INFO perfrun.perfcollector <> - format: event config:0-7 mask:0-7
70 [139865310214016] INFO perfrun.perfcollector <> - format: umask config:8-15 mask:8-15
70 [139865310214016] INFO perfrun.perfcollector <> - format: thresh config:24-28 mask:24-28
70 [139865310214016] WARN perfrun.perfcollector <> - pmu hwInfo is not set, at file: vcs/perfrun1/plugins/perfcollector/src/controller.cpp:657
70 [139865310214016] INFO perfrun.perfcollector <> - pmu added : family : uncore_ubox , id : 0
70 [139865310214016] INFO perfrun.perfcollector <> - dir found : /sys/bus/event_source/devices/intel_pt
70 [139865310214016] INFO perfrun.perfcollector <> - format: pt config:0 mask:0
70 [139865310214016] INFO perfrun.perfcollector <> - format: cyc config:1 mask:1
70 [139865310214016] INFO perfrun.perfcollector <> - format: mtc config:9 mask:9
70 [139865310214016] INFO perfrun.perfcollector <> - format: ptw config:12 mask:12
70 [139865310214016] INFO perfrun.perfcollector <> - format: tsc config:10 mask:10
70 [139865310214016] INFO perfrun.perfcollector <> - format: psb_period config:24-27 mask:24-27
70 [139865310214016] INFO perfrun.perfcollector <> - format: fup_on_ptw config:5 mask:5
71 [139865310214016] INFO perfrun.perfcollector <> - format: pwr_evt config:4 mask:4
71 [139865310214016] INFO perfrun.perfcollector <> - format: noretcomp config:11 mask:11
71 [139865310214016] INFO perfrun.perfcollector <> - format: mtc_period config:14-17 mask:14-17
71 [139865310214016] INFO perfrun.perfcollector <> - format: branch config:13 mask:13
71 [139865310214016] INFO perfrun.perfcollector <> - format: cyc_thresh config:19-22 mask:19-22
71 [139865310214016] WARN perfrun.perfcollector <> - pmu hwInfo is not set, at file: vcs/perfrun1/plugins/perfcollector/src/controller.cpp:657
71 [139865310214016] INFO perfrun.perfcollector <> - pmu added : family : intel_pt , id : 0
71 [139865310214016] INFO perfrun.launcher <> - plugin perf has been added successfully
71 [139865310214016] INFO perfrun.launcher <> - plugin tpss has been added successfully
71 [139865310214016] INFO perfrun.launcher <> - plugin cuscol has been added successfully
71 [139865310214016] INFO perfrun.launcher <> - plugin exprof has been added successfully
71 [139865310214016] INFO perfrun.launcher <> - plugin dpdk has been added successfully
71 [139865310214016] INFO perfrun.launcher <> - plugin media has been added successfully
71 [139865310214016] INFO perfrun.launcher <> - plugin commcollector has been added successfully
71 [139865310214016] INFO perfrun.launcher <> - plugin cve has been added successfully
72 [139865310214016] INFO perfrun.launcher <> - the option was added --interval: Specify an interval of data collection (for example, sampling) in milliseconds.
72 [139865310214016] INFO perfrun.launcher <> - the option was added --follow-child: Profile process with or without children.
72 [139865310214016] INFO perfrun.launcher <> - the option was added --gelding: BADMSG: perfrun1.launcher.plugin_manager::gelding
72 [139865310214016] INFO perfrun.launcher <> - the option was added --time-source: Specify time source for measurement. Possible values: sys - wall clock time; tsc - time stamp counter; ext - time from an external source; auto - auto select accurate time source.
72 [139865310214016] INFO perfrun.launcher <> - the option was added --stack: Enable or disable collection of stacks.
72 [139865310214016] INFO perfrun.launcher <> - the option was added --stack-stitching: Enable or disable the stack stitching algorithm for Intel TBB-based applications.
72 [139865310214016] INFO perfrun.launcher <> - the option was added --type: Specify type of data to be collected. For example, --type cpu:counters,waiting:nostack,io.
73 [139865310214016] INFO perfrun.launcher <> - the option was added --mrte-mode: Specify Java/.NET/other managed runtime collection mode. Possible values: native - collect information only for native code; managed - collect information only for managed code; mixed - collect information for both managed and native code; auto - choose the mode based on binary type.
73 [139865310214016] INFO perfrun.launcher <> - the option was added --mrte-mode-list: List supported Java/.NET/other managed runtime collection modes.
73 [139865310214016] INFO perfrun.launcher <> - the option was added --mrte-type: Specify which managed runtimes to collect. Possible values: java - collect information for Java; dotnet - collect information for .NET; python - collect information for CPython. You can specify several values separated by comma.
73 [139865310214016] INFO perfrun.launcher <> - the option was added --mrte-type-list: List supported Java/.NET/other managed runtime types.
73 [139865310214016] INFO perfrun.launcher <> - the option was added --trace-strategy: Specify how to profile a process tree. <string> can be "<process>:trace:notrace" - profile the process but do not profile its children. Shorthand parameters: t - trace, nt - notrace. For example, "vtunedemo.exe:t:t".
73 [139865310214016] INFO perfrun.launcher <> - the option was added --collector: BADMSG: perfrun1.launcher.plugin_manager::collector
73 [139865310214016] INFO perfrun.launcher <> - the option was added --system-wide: Enable system-wide profiling. This mode may require additional permissions.
73 [139865310214016] INFO perfrun.launcher <> - the option was added --kvm-guest: Enable KVM guest OS profiling.
73 [139865310214016] INFO perfrun.launcher <> - the option was added --kvm-guest-kallsyms: Specify a local path to the /proc/kallsyms file copied from the guest OS for proper symbol resolution.
73 [139865310214016] INFO perfrun.launcher <> - the option was added --kvm-guest-modules: Specify a local path to the /proc/modules file copied from the guest OS for proper symbol resolution.
73 [139865310214016] INFO perfrun.launcher <> - the option was added --target-system: BADMSG: perfrun1.launcher.plugin_manager::target-system
73 [139865310214016] INFO perfrun.launcher <> - the option was added --dump-vdso: Dump [vdso] to result directory
73 [139865310214016] INFO perfrun.launcher <> - the option was added --bandwidth-limits: Measure bandwidth limits
73 [139865310214016] INFO perfrun.launcher <> - the option was added --bandwidth-strategy: Bandwidth limits determination specific properties (example: --bandwidth-strategy array-size=0,duration=500).
73 [139865310214016] INFO perfrun.launcher <> - the option was added --bandwidth-config: List of benchmarks to run.
74 [139865310214016] INFO perfrun.launcher <> - the option was added --system-collector-config: Specify subcollectors. Possible values: all, vdso, container, device-info, none.
74 [139865310214016] INFO perfrun.launcher <> - the option was added --itt-config: Specify a sub-set of ITT API to collect.
74 [139865310214016] INFO perfrun.launcher <> - the option was added --itt-debug: Set pseudo-breakpoint at ITT API collector's start to enable the debugger to attach early.
74 [139865310214016] INFO perfrun.launcher <> - the option was added --itt-ring-buffer-multiplier: The size of internal ITT API collector ring buffer, in bytes per second
74 [139865310214016] INFO perfrun.launcher <> - the option was added --ptrace: Ptrace collector.
74 [139865310214016] INFO perfrun.launcher <> - the option was added --target-pid: BADMSG: perfrun1.ptracecollector::target-pid
74 [139865310214016] INFO perfrun.launcher <> - the option was added --ptrace-server-pid: BADMSG: perfrun1.ptracecollector::ptrace-server-pid
74 [139865310214016] INFO perfrun.launcher <> - the option was added --ptrace-trace: BADMSG: perfrun1.ptracecollector::ptrace-trace
74 [139865310214016] INFO perfrun.launcher <> - the option was added --ptrace-time-source: BADMSG: perfrun1.ptracecollector::ptrace-time-source
74 [139865310214016] INFO perfrun.launcher <> - the option was added --ptrace-start-type: BADMSG: perfrun1.ptracecollector::ptrace-start-type
74 [139865310214016] INFO perfrun.launcher <> - the option was added --gpu-config: Specify types of GPU data to be collected. Possible values: preset1, preset2.
74 [139865310214016] INFO perfrun.launcher <> - the option was added --gpu-debug: Enable self-testing of the GPGPU profiling collector.
74 [139865310214016] INFO perfrun.launcher <> - the option was added --stdsrc-config: Specify Standard Sources category tag(s).
74 [139865310214016] INFO perfrun.launcher <> - the option was added --ftrace-config-list: List Linux Ftrace category tag(s).
75 [139865310214016] INFO perfrun.launcher <> - the option was added --ftrace-config: Specify Linux Ftrace category tag(s).
75 [139865310214016] INFO perfrun.launcher <> - the option was added --ftrace-function-groups: Enable tracing of specific groups of functions.
75 [139865310214016] INFO perfrun.launcher <> - the option was added --event-info: BADMSG: perfrun1.stdsrc::event-info
75 [139865310214016] INFO perfrun.launcher <> - the option was added --cpu-list: List supported CPUs.
75 [139865310214016] INFO perfrun.launcher <> - the option was added --target-list: List available targets for performing sampling collection.
75 [139865310214016] INFO perfrun.launcher <> - the option was added --event-value-list: Display event information.
75 [139865310214016] INFO perfrun.launcher <> - the option was added --platform-value-list: Display details of supported platforms.
75 [139865310214016] INFO perfrun.launcher <> - the option was added --uncore-event-list: List uncore events for which a sampling data collection can be performed on this platform.
75 [139865310214016] INFO perfrun.launcher <> - the option was added --modifier-list: Specify the event name <string> for which the modifiers list is requested.
75 [139865310214016] INFO perfrun.launcher <> - the option was added --pmu-list: List supported PMUs.
75 [139865310214016] INFO perfrun.launcher <> - the option was added --os-mode-only: Enable sampling data collection for OS-mode processes only.
75 [139865310214016] INFO perfrun.launcher <> - the option was added --user-mode-only: Enable sampling data collection for user-mode processes only.
75 [139865310214016] INFO perfrun.launcher <> - the option was added --event-config: Perform data collection for the events with <string> configured using the format <event name1>":modifier1=val:modifier2=val/constraint1={:modifier3=val:modifier4=val}...,"<event name2>":... Specify the events(s) to monitor and embed the event names within double quotes("). [:modifier=val] specifies individual event modifiers along with the respective values for a given platform. Note that the modifiers can be generic to an event as well as specific to a constraint (or an event qualifier). The constraint specific special modifiers appear after [/constraint=]. The modifiers can be in decimal or hexadecimal format. Only specific modifiers accept the value as a string. Each event specification is delimited by a comma (,). For a list of supported modifiers and constraints, refer to the documentation.
75 [139865310214016] INFO perfrun.launcher <> - the option was added --chipset-event-config: BADMSG: perfrun1.sep::chipset-event-config
75 [139865310214016] INFO perfrun.launcher <> - the option was added --uncore-event-config: Perform uncore data collection in ebc count mode for the events with <string> configured using the format "<event name1>"...,"<event name2>":... Specify the events(s) to monitor and embed the event names within double quotes(").
75 [139865310214016] INFO perfrun.launcher <> - the option was added --count-emon: Enable counting mode and output the data in EMON format.
76 [139865310214016] INFO perfrun.launcher <> - the option was added --event-based-counts: Enable event-based counting mode. During sampling data collection, event counts data is collected for the list of events specified in -event-config option.
76 [139865310214016] INFO perfrun.launcher <> - the option was added --event-mux-tfactor: Specify the event multiplexing tfactor as <integer> to set the length of the interval between interrupts. The larger the tfactor value, the larger the period between interrupts. Currently this option is only available on Intel platforms codenamed Knights Corner.
76 [139865310214016] INFO perfrun.launcher <> - the option was added --full-pebs-capture: Capture full pebs information.
76 [139865310214016] INFO perfrun.launcher <> - the option was added --last-branch-records: Capture Last Branch Records information.
76 [139865310214016] INFO perfrun.launcher <> - the option was added --pmu-type: Specify the targeted PMU name as <string>.
76 [139865310214016] INFO perfrun.launcher <> - the option was added --platform-type: Specify the targeted platform number as <number>.
76 [139865310214016] INFO perfrun.launcher <> - the option was added --bts-count: Specify the <integer> number of BTS records collected after each sample or context switch (VTSS++ only).
76 [139865310214016] INFO perfrun.launcher <> - the option was added --cpu-mask: Specify which CPU(s) <string> to collect data on. For example, specify "2-8,10,12-14" to sample only CPUs 2 through 8, 10, and 12 through 14.
76 [139865310214016] INFO perfrun.launcher <> - the option was added --event-mux-alg: Specify the event multiplexing algorithm. Possible values: sequence, timer, trigger.
76 [139865310214016] INFO perfrun.launcher <> - the option was added --event-mux-timeslice: Specify the event multiplexing time slice value as <integer>. The time slice specifies the duration between cycles for each event multiplexing group. The default value is 50 milliseconds. This option is valid only for timer-based event multiplexing. Specify the event multiplexing time slice value as <integer>. The time slice specifies the duration between cycles for each event multiplexing group. The default value is 1 millisecond. This option is valid only for timer-based event multiplexing.
76 [139865310214016] INFO perfrun.launcher <> - the option was added --event-mux-factor: Specify the event multiplexing factor as <integer>. It controls the switching of event multiplexing groups. The default factor is 50. This option is valid only for trigger-based event multiplexing. Specify the event multiplexing factor as <integer>. It controls the switching of event multiplexing groups. The default factor is 1. This option is valid only for trigger-based event multiplexing.
76 [139865310214016] INFO perfrun.launcher <> - the option was added --event-mux-trigger: Specify the name of the trigger event for event multiplexing as <string>. This option is valid only for trigger-based event multiplexing. The default trigger is CPU_CLK_UNHALTED.CORE (or CPU_CLK_UNHALTED.THREAD). BADMSG: perfrun1.vtsspp::event-mux-trigger
76 [139865310214016] INFO perfrun.launcher <> - the option was added --pwr-config: BADMSG: perfrun1.vtsspp::pwr-config
76 [139865310214016] INFO perfrun.launcher <> - the option was added --sys-config: BADMSG: perfrun1.vtsspp::sys-config
76 [139865310214016] INFO perfrun.launcher <> - the option was added --pt-mode: BADMSG: perfrun1.vtsspp::pt-mode
77 [139865310214016] INFO perfrun.launcher <> - the option was added --sample-after-multiplier: Specify the sample after multiplier as <double>. This multiplier modifies the sample after value for all the events specified in -event-config option. The values can range from 0.1 to 100.0. SAV multiplier value
77 [139865310214016] INFO perfrun.launcher <> - the option was added --uncore-sampling-interval: Specify the uncore sampling interval as <integer>. This value set the uncore sampling interval for all the uncore events specified in -event-config option.
77 [139865310214016] INFO perfrun.launcher <> - the option was added --count: Enable counting mode. Enable counting mode
77 [139865310214016] INFO perfrun.launcher <> - the option was added --trace-mpi: Configure collector to trace MPI code.
77 [139865310214016] INFO perfrun.launcher <> - the option was added --raw-perf-config: Specify a verified configuration for the Perf collector in the format: <describer>,<content>. For example: map-events-file,<path_to_map_events_file>.
77 [139865310214016] INFO perfrun.launcher <> - the option was added --stackwalk: Specify stack unwinding method. Possible values: online - unwind stacks during collection; offline - unwind stacks after collection is finished. Specify stack unwinding method. Possible value: lbr - unwind stacks during collection. Specify stack unwinding method. Possible values: online - unwind stacks during collection; offline - unwind stacks after collection is finished; lbr - enable LBR-based call stack collection. Specify stack unwinding method. Possible values: online - unwind stacks during collection; offline - unwind stacks after collection is finished. Specify stack unwinding method. Possible values: online - unwind stacks during collection; offline - unwind stacks after collection is finished.
77 [139865310214016] INFO perfrun.launcher <> - the option was added --filter-include: Filter data during collection. Possible values: contended=<on|off> - filter out uncontended events; contended_nostack=<time> - filter out stacks for contended events that take less than <time> microseconds; wait=<time> - ignore transitions and blocks with wait time less than <time> microseconds; wait_nostack=<time> - filter out stacks for waits that take less than <time> microseconds.
77 [139865310214016] INFO perfrun.launcher <> - the option was added --debug-pin: Debug PIN tool and runtime.
77 [139865310214016] INFO perfrun.launcher <> - the option was added --debug-exception: Disallow the application to set own abnormal termination handler.
77 [139865310214016] INFO perfrun.launcher <> - the option was added --trace-type: Specify the trace file granularity. Possible values: per-thread - per-thread trace file generation; per-process - per-process trace file generation.
77 [139865310214016] INFO perfrun.launcher <> - the option was added --instrumentation-type: Specify type of instrumentation.
77 [139865310214016] INFO perfrun.launcher <> - the option was added --altstack: Enable or disable usage of altstacks for profiling signal handlers.
77 [139865310214016] INFO perfrun.launcher <> - the option was added --profiling-signal: BADMSG: perfrun1.ptracecollector::profiling-signal Alternate profiling signal.
77 [139865310214016] INFO perfrun.launcher <> - the option was added --memory-strategy: Specify a minimal memory object size to be traced and a hash table size for faster objects search; for example: --memory-strategy obj-size-min=1024,hash-table-size=4096.
77 [139865310214016] INFO perfrun.launcher <> - the option was added --gpu-profiling-config: Specify a type of deep GPU profiling applied for all kernels and a comma-separated list of GPU kernel names and invocations in the following format: profiling_type[@kernel_name[:start_idx:step:stop_idx]], where profiling_type is one of following: none, bblatency, memlatency; kernel_name is the name of GPU kernel; start_idx is the number of the first invocation; and stop_idx is the number of the last invocation to be profiled.
78 [139865310214016] INFO perfrun.launcher <> - the option was added --custom-collector: Allows to provide arbitrary command line to be run on collection steps.
78 [139865310214016] INFO perfrun.launcher <> - the option was added --exprof-com-list: List available COM ports.
78 [139865310214016] INFO perfrun.launcher <> - the option was added --exprof-dvc-list: List available DvC IDs.
78 [139865310214016] INFO perfrun.launcher <> - the option was added --exprof-trace-channel: BADMSG: perfrun1.exprof::exprof-trace-channel
78 [139865310214016] INFO perfrun.launcher <> - the option was added --exprof-event-config: Specify ExactProfiling Event Classes.
78 [139865310214016] INFO perfrun.launcher <> - the option was added --analyze-dpdk: analyze-dpdk
78 [139865310214016] INFO perfrun.launcher <> - the option was added --network-sampling-interval: network-sampling-interval
78 [139865310214016] INFO perfrun.launcher <> - the option was added --dpdk-file-prefix: dpdk-file-prefix
83 [139865310214016] INFO perfrun.launcher <> - create msngr2::ICliToolContext
84 [139865310214016] INFO perfrun.launcher <> - create file finder object
84 [139865310214016] INFO perfrun.launcher <> - create a result directory: pattern = /home/zyc/PAC2019/r-1561277178-pure_c-hotspots pid = 4294967295
86 [139865310214016] INFO perfrun.sdk <> - checked that the directory /home/zyc/PAC2019/r-1561277178-pure_c-hotspots is a local directory
86 [139865310214016] INFO perfrun.sdk <> - the directory /home/zyc/PAC2019/r-1561277178-pure_c-hotspots is a local directory with FS type ID 1481003842
86 [139865310214016] INFO perfrun.launcher <> - create data directory = /home/zyc/PAC2019/r-1561277178-pure_c-hotspots/data.0
96 [139865198429952] INFO perfrun.sdk <> - Allocating TMU :/home/zyc/PAC2019/r-1561277178-pure_c-hotspots/data.0/systemcollector-16739-gpu4.sc
96 [139865198429952] INFO perfrun.system <> - Tpss based collection
97 [139865198429952] INFO perfrun.launcher <> - plugin [ptracecollector] was disabled because it doesn't support the given collection type.
97 [139865198429952] INFO perfrun.launcher <> - plugin [gpu] was disabled because it doesn't support the given collection type.
97 [139865198429952] INFO perfrun.launcher <> - plugin [] was disabled because it doesn't support the given collection type.
97 [139865198429952] INFO perfrun.launcher <> - plugin [] was disabled because it doesn't support the given collection type.
97 [139865198429952] INFO perfrun.launcher <> - plugin [] was disabled because it doesn't support the given collection type.
97 [139865198429952] INFO perfrun.launcher <> - plugin [mrte] was disabled because it doesn't support the given collection type.
97 [139865198429952] INFO perfrun.launcher <> - plugin [emon] was disabled because it doesn't support the given collection type.
97 [139865198429952] INFO perfrun.launcher <> - plugin [stdsrc] was disabled because it doesn't support the given collection type.
97 [139865198429952] INFO perfrun.launcher <> - plugin [sep] was disabled because it doesn't support the given collection type.
97 [139865198429952] INFO perfrun.launcher <> - plugin [vtsspp] was disabled because it doesn't support the given collection type.
97 [139865198429952] INFO perfrun.launcher <> - plugin [perf] was disabled because it doesn't support the given collection type.
97 [139865198429952] INFO perfrun.tpss <> - initialize tpss controller
97 [139865198429952] INFO perfrun.tpss <> - configure collection mode: value = cpu:counters:nostack
97 [139865198429952] INFO perfrun.tpss <> - configure collection mode: value = cpu:stack
97 [139865198429952] INFO perfrun.tpss <> - default obj-size-min=1024
97 [139865198429952] INFO perfrun.tpss <> - default hash-table-size=0
194 [139865198429952] INFO perfrun.launcher <> - plugin [cuscol] was disabled because it doesn't support the given collection type.
194 [139865198429952] INFO perfrun.launcher <> - plugin [exprof] was disabled because it doesn't support the given collection type.
194 [139865198429952] INFO perfrun.launcher <> - plugin [dpdk] was disabled because it doesn't support the given collection type.
194 [139865198429952] INFO perfrun.commcollector <> - Disabling commcollector because integrity connection type is not used
194 [139865198429952] INFO perfrun.launcher <> - plugin [commcollector] was disabled because it doesn't support the given collection type.
194 [139865198429952] INFO perfrun.launcher <> - plugin [cve] was disabled because it doesn't support the given collection type.
194 [139865310214016] INFO perfrun.launcher <> - set environment variable: LD_LIBRARY_PATH = /opt/intel/vtune_amplifier_2018.4.0.573462/lib32/runtime:/opt/intel/vtune_amplifier_2018.4.0.573462/lib64/runtime:/opt/intel/itac/2018.4.025/intel64/slib:/opt/intel/compilers_and_libraries_2018.5.274/linux/compiler/lib/intel64:/opt/intel/compilers_and_libraries_2018.5.274/linux/compiler/lib/intel64_lin:/opt/intel/compilers_and_libraries_2018.5.274/linux/mpi/intel64/lib:/opt/intel/compilers_and_libraries_2018.5.274/linux/mpi/mic/lib:/opt/intel/compilers_and_libraries_2018.5.274/linux/ipp/lib/intel64:/opt/intel/compilers_and_libraries_2018.5.274/linux/compiler/lib/intel64_lin:/opt/intel/compilers_and_libraries_2018.5.274/linux/mkl/lib/intel64_lin:/opt/intel/compilers_and_libraries_2018.5.274/linux/tbb/lib/intel64/gcc4.7:/opt/intel/compilers_and_libraries_2018.5.274/linux/tbb/lib/intel64/gcc4.7:/opt/intel/debugger_2018/iga/lib:/opt/intel/debugger_2018/libipt/intel64/lib:/opt/intel/compilers_and_libraries_2018.5.274/linux/daal/lib/intel64_lin:/home/zyc/unshare/usr/lib:/opt/intel/itac/2018.4.025/intel64/slib:/opt/intel/compilers_and_libraries_2018.5.274/linux/compiler/lib/intel64:/opt/intel/compilers_and_libraries_2018.5.274/linux/compiler/lib/intel64_lin:/opt/intel/compilers_and_libraries_2018.5.274/linux/mpi/intel64/lib:/opt/intel/compilers_and_libraries_2018.5.274/linux/mpi/mic/lib:/opt/intel/compilers_and_libraries_2018.5.274/linux/ipp/lib/intel64:/opt/intel/compilers_and_libraries_2018.5.274/linux/compiler/lib/intel64_lin:/opt/intel/compilers_and_libraries_2018.5.274/linux/mkl/lib/intel64_lin:/opt/intel/compilers_and_libraries_2018.5.274/linux/tbb/lib/intel64/gcc4.7:/opt/intel/compilers_and_libraries_2018.5.274/linux/tbb/lib/intel64/gcc4.7:/opt/intel/debugger_2018/iga/lib:/opt/intel/debugger_2018/libipt/intel64/lib:/opt/intel/compilers_and_libraries_2018.5.274/linux/daal/lib/intel64_lin:/opt/intel/compilers_and_libraries_2018.5.274/linux/daal/../tbb/lib/intel64_lin/gcc4.4:/home/zyc/unshare/usr/lib:
194 [139865310214016] INFO perfrun.launcher <> - set environment variable: INTEL_LIBITTNOTIFY32 = /opt/intel/vtune_amplifier_2018.4.0.573462/lib32/runtime/libittnotify_collector.so
194 [139865310214016] INFO perfrun.launcher <> - set environment variable: INTEL_LIBITTNOTIFY64 = /opt/intel/vtune_amplifier_2018.4.0.573462/lib64/runtime/libittnotify_collector.so
194 [139865310214016] INFO perfrun.launcher <> - set environment variable: INTEL_ITTNOTIFY_GROUPS = 
194 [139865310214016] INFO perfrun.launcher <> - set environment variable: INTEL_JIT_PROFILER32 = /opt/intel/vtune_amplifier_2018.4.0.573462/lib32/runtime/libittnotify_collector.so
194 [139865310214016] INFO perfrun.launcher <> - set environment variable: INTEL_JIT_PROFILER64 = /opt/intel/vtune_amplifier_2018.4.0.573462/lib64/runtime/libittnotify_collector.so
194 [139865310214016] INFO perfrun.launcher <> - set environment variable: VS_PROFILER = libittnotify_collector.so
194 [139865310214016] INFO perfrun.launcher <> - set environment variable: ENABLE_JITPROFILING = 1
194 [139865310214016] INFO perfrun.launcher <> - set environment variable: CL_CONFIG_USE_VTUNE = True
195 [139865310214016] INFO perfrun.launcher <> - set environment variable: __OCL_MIC_INTEL_LIBITTNOTIFY64 = /amplxe/results/libittnotify_collector.so
195 [139865310214016] INFO perfrun.launcher <> - set environment variable: __OCL_MIC_INTEL_JIT_PROFILER64 = /amplxe/results/libittnotify_collector.so
195 [139865310214016] INFO perfrun.launcher <> - set environment variable: KMP_FORKJOIN_FRAMES = 0
195 [139865310214016] INFO perfrun.launcher <> - set environment variable: KMP_FORKJOIN_FRAMES_MODE = 0
195 [139865310214016] INFO perfrun.launcher <> - RpcServer: run RPC server to handle requests
196 [139865310214016] INFO perfrun.launcher <> - Launcher: command line to start before modification = ./FYArray.exe
196 [139865310214016] INFO perfrun.launcher <> - Launcher: command line to start after modification = /opt/intel/vtune_amplifier_2018.4.0.573462/bin64/pin -error_file /home/zyc/PAC2019/r-1561277178-pure_c-hotspots/data.0/pinerr.tpsslog -detach_reattach -follow_execv -tool_load_option deepbind -t64 /opt/intel/vtune_amplifier_2018.4.0.573462/lib64/libtpsstool.so -t /opt/intel/vtune_amplifier_2018.4.0.573462/lib32/libtpsstool.so -server_name tpss_ipc.16739 -prd_dir /opt/intel/vtune_amplifier_2018.4.0.573462 -- ./FYArray.exe
196 [139865310214016] INFO perfrun.launcher <> - ProcessCreator object was created
197 [139865310214016] INFO perfrun.launcher <> - Launcher: the process was started in suspend mode
199 [139865198429952] INFO perfrun.system <> - Helper runtool '/opt/intel/vtune_amplifier_2018.4.0.573462/bin32/amplxe-runss -dump-vdso -r /home/zyc/PAC2019/r-1561277178-pure_c-hotspots --tmp-dir /tmp/amplxe-tmp-zyc' returned 1
275 [139865198429952] INFO perfrun.system <> - Helper runtool '/opt/intel/vtune_amplifier_2018.4.0.573462/bin64/amplxe-runss -dump-vdso -r /home/zyc/PAC2019/r-1561277178-pure_c-hotspots --tmp-dir /tmp/amplxe-tmp-zyc' returned 0
282 [139865198429952] WARN perfrun.sdk <> - Failed to find xl binary on any of the system paths: /bin, /sbin, /usr/bin, /usr/sbin., at file: vcs/perfrun1/sdk/src/utils.cpp:433
282 [139865198429952] WARN perfrun.system <> - Could not start ContainerMapping collector, at file: vcs/perfrun1/plugins/system/src/controller.cpp:496
288 [139865198429952] INFO perfrun.itt <> - start itt controller for pid #16745
288 [139865198429952] INFO perfrun.tpss <> - start tpss controller for pid #16745
339 [139865310214016] INFO perfrun.launcher <> - Launcher: all plugins were started
339 [139865310214016] INFO perfrun.launcher <> - DirectoryMonitor object was created
339 [139865310214016] INFO perfrun.launcher <> - DirectoryMonitor: a callback was added
339 [139865310214016] INFO perfrun.launcher <> - DirectoryMonitor was started with pingTime = 1000
339 [139865310214016] INFO perfrun.launcher <> - DeadlineTimer is going to be constructed
339 [139865310214016] INFO perfrun.launcher <> - DeadlineTimer: a callback was added
342 [139865310214016] INFO perfrun.launcher <> - Launcher: resume the profiled application and  wait its termination or stop command
46237 [139865310214016] INFO perfrun.launcher <> - Launcher: the profiled application was terminated  with exit code = 0
46252 [139865198429952] INFO perfrun.itt <> - stop itt controller
46252 [139865198429952] INFO perfrun.itt <> - detach itt controller
46252 [139865198429952] INFO perfrun.tpss <> - stop tpss controller
46253 [139865198429952] INFO perfrun.sdk <> - De-allocating TMU: /home/zyc/PAC2019/r-1561277178-pure_c-hotspots/data.0/systemcollector-16739-gpu4.sc
46253 [139865198429952] INFO perfrun.system <> - closed the system trace file: /home/zyc/PAC2019/r-1561277178-pure_c-hotspots/data.0/systemcollector-16739-gpu4.sc
46253 [139865310214016] INFO perfrun.launcher <> - Launcher: all plugins were stopped.
46253 [139865310214016] INFO perfrun.launcher <> - DeadlineTimer is going to be destroyed
46253 [139865310214016] INFO perfrun.launcher <> - DirectoryMonitor object was destroyed
46253 [139865310214016] WARN perfrun.launcher <> - Stop command is ignored because it is received when collection is already stopped, at file: vcs/perfrun1/launcher/src/command_handler.cpp:209
46255 [139865310214016] INFO perfrun.launcher <> - Application exit code: 0
46255 [139865310214016] INFO perfrun.launcher <> - Exit code: 0
