12 [140457020602240] INFO perfrun.launcher <> - argc = 6; cmdline = /opt/intel/vtune_amplifier_2018.4.0.573462/bin64/amplxe-runss -dump-vdso -r /home/zyc/PAC2019/r-1561277178-pure_c-hotspots --tmp-dir /tmp/amplxe-tmp-zyc 
22 [140457020602240] INFO perfrun.launcher <> - plugin system has been added successfully
22 [140457020602240] INFO perfrun.launcher <> - plugin itt has been added successfully
22 [140457020602240] INFO perfrun.launcher <> - plugin ptracecollector has been added successfully
22 [140457020602240] INFO perfrun.launcher <> - plugin gpu has been added successfully
22 [140457020602240] INFO perfrun.launcher <> - plugin  has been added successfully
22 [140457020602240] INFO perfrun.launcher <> - plugin  has been added successfully
22 [140457020602240] INFO perfrun.launcher <> - plugin  has been added successfully
22 [140457020602240] INFO perfrun.launcher <> - plugin mrte has been added successfully
22 [140457020602240] INFO perfrun.launcher <> - plugin emon has been added successfully
23 [140457020602240] INFO perfrun.launcher <> - plugin stdsrc has been added successfully
23 [140457020602240] INFO perfrun.launcher <> - plugin sep has been added successfully
23 [140457020602240] INFO perfrun.launcher <> - plugin vtsspp has been added successfully
23 [140457020602240] INFO perfrun.sdk <> - Reading value (2) from file: /proc/sys/kernel/perf_event_paranoid
25 [140457020602240] INFO perfrun.perfcollector <> - cpu: family = 6 model = 79
25 [140457020602240] INFO perfrun.perfcollector <> - dir found : /sys/bus/event_source/devices/cpu
26 [140457020602240] INFO perfrun.perfcollector <> - format: pc config:19 mask:19
26 [140457020602240] INFO perfrun.perfcollector <> - format: any config:21 mask:21
26 [140457020602240] INFO perfrun.perfcollector <> - format: inv config:23 mask:23
26 [140457020602240] INFO perfrun.perfcollector <> - format: edge config:18 mask:18
26 [140457020602240] INFO perfrun.perfcollector <> - format: cmask config:24-31 mask:24-31
26 [140457020602240] INFO perfrun.perfcollector <> - format: event config:0-7 mask:0-7
26 [140457020602240] INFO perfrun.perfcollector <> - format: in_tx config:32 mask:32
26 [140457020602240] INFO perfrun.perfcollector <> - format: ldlat config1:0-15 mask:0-15
26 [140457020602240] INFO perfrun.perfcollector <> - format: umask config:8-15 mask:8-15
26 [140457020602240] INFO perfrun.perfcollector <> - format: in_tx_cp config:33 mask:33
26 [140457020602240] INFO perfrun.perfcollector <> - format: offcore_rsp config1:0-63 mask:0-63
26 [140457020602240] INFO perfrun.perfcollector <> - hwInfo : PERF_CPU_PMU_DETAILS
26 [140457020602240] INFO perfrun.perfcollector <> - pmu added : family : cpu , id : 0
26 [140457020602240] INFO perfrun.perfcollector <> - dir found : /sys/bus/event_source/devices/msr
26 [140457020602240] INFO perfrun.perfcollector <> - format: event config:0-63 mask:0-63
26 [140457020602240] WARN perfrun.perfcollector <> - pmu hwInfo is not set, at file: vcs/perfrun1/plugins/perfcollector/src/controller.cpp:657
26 [140457020602240] INFO perfrun.perfcollector <> - pmu added : family : msr , id : 0
26 [140457020602240] INFO perfrun.perfcollector <> - dir found : /sys/bus/event_source/devices/uncore_cbox_10
26 [140457020602240] INFO perfrun.perfcollector <> - format: edge config:18 mask:18
26 [140457020602240] INFO perfrun.perfcollector <> - format: event config:0-7 mask:0-7
26 [140457020602240] INFO perfrun.perfcollector <> - format: umask config:8-15 mask:8-15
26 [140457020602240] INFO perfrun.perfcollector <> - format: filter_c6 config1:61 mask:61
26 [140457020602240] INFO perfrun.perfcollector <> - format: filter_nc config1:62 mask:62
26 [140457020602240] INFO perfrun.perfcollector <> - format: filter_isoc config1:63 mask:63
26 [140457020602240] INFO perfrun.perfcollector <> - format: filter_link config1:6-8 mask:6-8
26 [140457020602240] INFO perfrun.perfcollector <> - format: filter_nid config1:32-47 mask:32-47
26 [140457020602240] INFO perfrun.perfcollector <> - format: filter_opc config1:52-60 mask:52-60
26 [140457020602240] INFO perfrun.perfcollector <> - format: filter_tid config1:0-5 mask:0-5
26 [140457020602240] INFO perfrun.perfcollector <> - format: tid_en config:19 mask:19
26 [140457020602240] INFO perfrun.perfcollector <> - format: thresh config:24-31 mask:24-31
26 [140457020602240] INFO perfrun.perfcollector <> - format: filter_state config1:17-23 mask:17-23
26 [140457020602240] WARN perfrun.perfcollector <> - pmu hwInfo is not set, at file: vcs/perfrun1/plugins/perfcollector/src/controller.cpp:657
26 [140457020602240] INFO perfrun.perfcollector <> - pmu added : family : uncore_cbox , id : 10
26 [140457020602240] INFO perfrun.perfcollector <> - dir found : /sys/bus/event_source/devices/uncore_cbox_11
26 [140457020602240] INFO perfrun.perfcollector <> - format: edge config:18 mask:18
26 [140457020602240] INFO perfrun.perfcollector <> - format: event config:0-7 mask:0-7
26 [140457020602240] INFO perfrun.perfcollector <> - format: umask config:8-15 mask:8-15
26 [140457020602240] INFO perfrun.perfcollector <> - format: filter_c6 config1:61 mask:61
26 [140457020602240] INFO perfrun.perfcollector <> - format: filter_nc config1:62 mask:62
26 [140457020602240] INFO perfrun.perfcollector <> - format: filter_isoc config1:63 mask:63
27 [140457020602240] INFO perfrun.perfcollector <> - format: filter_link config1:6-8 mask:6-8
27 [140457020602240] INFO perfrun.perfcollector <> - format: filter_nid config1:32-47 mask:32-47
27 [140457020602240] INFO perfrun.perfcollector <> - format: filter_opc config1:52-60 mask:52-60
27 [140457020602240] INFO perfrun.perfcollector <> - format: filter_tid config1:0-5 mask:0-5
27 [140457020602240] INFO perfrun.perfcollector <> - format: tid_en config:19 mask:19
27 [140457020602240] INFO perfrun.perfcollector <> - format: thresh config:24-31 mask:24-31
27 [140457020602240] INFO perfrun.perfcollector <> - format: filter_state config1:17-23 mask:17-23
27 [140457020602240] WARN perfrun.perfcollector <> - pmu hwInfo is not set, at file: vcs/perfrun1/plugins/perfcollector/src/controller.cpp:657
27 [140457020602240] INFO perfrun.perfcollector <> - pmu added : family : uncore_cbox , id : 11
27 [140457020602240] INFO perfrun.perfcollector <> - dir found : /sys/bus/event_source/devices/uncore_cbox_12
27 [140457020602240] INFO perfrun.perfcollector <> - format: edge config:18 mask:18
27 [140457020602240] INFO perfrun.perfcollector <> - format: event config:0-7 mask:0-7
27 [140457020602240] INFO perfrun.perfcollector <> - format: umask config:8-15 mask:8-15
27 [140457020602240] INFO perfrun.perfcollector <> - format: filter_c6 config1:61 mask:61
27 [140457020602240] INFO perfrun.perfcollector <> - format: filter_nc config1:62 mask:62
27 [140457020602240] INFO perfrun.perfcollector <> - format: filter_isoc config1:63 mask:63
27 [140457020602240] INFO perfrun.perfcollector <> - format: filter_link config1:6-8 mask:6-8
27 [140457020602240] INFO perfrun.perfcollector <> - format: filter_nid config1:32-47 mask:32-47
27 [140457020602240] INFO perfrun.perfcollector <> - format: filter_opc config1:52-60 mask:52-60
27 [140457020602240] INFO perfrun.perfcollector <> - format: filter_tid config1:0-5 mask:0-5
27 [140457020602240] INFO perfrun.perfcollector <> - format: tid_en config:19 mask:19
27 [140457020602240] INFO perfrun.perfcollector <> - format: thresh config:24-31 mask:24-31
27 [140457020602240] INFO perfrun.perfcollector <> - format: filter_state config1:17-23 mask:17-23
27 [140457020602240] WARN perfrun.perfcollector <> - pmu hwInfo is not set, at file: vcs/perfrun1/plugins/perfcollector/src/controller.cpp:657
27 [140457020602240] INFO perfrun.perfcollector <> - pmu added : family : uncore_cbox , id : 12
27 [140457020602240] INFO perfrun.perfcollector <> - dir found : /sys/bus/event_source/devices/uncore_cbox_13
27 [140457020602240] INFO perfrun.perfcollector <> - format: edge config:18 mask:18
27 [140457020602240] INFO perfrun.perfcollector <> - format: event config:0-7 mask:0-7
27 [140457020602240] INFO perfrun.perfcollector <> - format: umask config:8-15 mask:8-15
27 [140457020602240] INFO perfrun.perfcollector <> - format: filter_c6 config1:61 mask:61
27 [140457020602240] INFO perfrun.perfcollector <> - format: filter_nc config1:62 mask:62
27 [140457020602240] INFO perfrun.perfcollector <> - format: filter_isoc config1:63 mask:63
27 [140457020602240] INFO perfrun.perfcollector <> - format: filter_link config1:6-8 mask:6-8
27 [140457020602240] INFO perfrun.perfcollector <> - format: filter_nid config1:32-47 mask:32-47
27 [140457020602240] INFO perfrun.perfcollector <> - format: filter_opc config1:52-60 mask:52-60
27 [140457020602240] INFO perfrun.perfcollector <> - format: filter_tid config1:0-5 mask:0-5
27 [140457020602240] INFO perfrun.perfcollector <> - format: tid_en config:19 mask:19
27 [140457020602240] INFO perfrun.perfcollector <> - format: thresh config:24-31 mask:24-31
27 [140457020602240] INFO perfrun.perfcollector <> - format: filter_state config1:17-23 mask:17-23
27 [140457020602240] WARN perfrun.perfcollector <> - pmu hwInfo is not set, at file: vcs/perfrun1/plugins/perfcollector/src/controller.cpp:657
27 [140457020602240] INFO perfrun.perfcollector <> - pmu added : family : uncore_cbox , id : 13
27 [140457020602240] INFO perfrun.perfcollector <> - dir found : /sys/bus/event_source/devices/software
27 [140457020602240] WARN perfrun.perfcollector <> - format subdir doesn't exist, at file: vcs/perfrun1/plugins/perfcollector/src/controller.cpp:578
27 [140457020602240] WARN perfrun.perfcollector <> - pmu hwInfo is not set, at file: vcs/perfrun1/plugins/perfcollector/src/controller.cpp:657
27 [140457020602240] INFO perfrun.perfcollector <> - pmu added : family : software , id : 0
27 [140457020602240] INFO perfrun.perfcollector <> - dir found : /sys/bus/event_source/devices/power
28 [140457020602240] INFO perfrun.perfcollector <> - format: event config:0-7 mask:0-7
28 [140457020602240] WARN perfrun.perfcollector <> - pmu hwInfo is not set, at file: vcs/perfrun1/plugins/perfcollector/src/controller.cpp:657
28 [140457020602240] INFO perfrun.perfcollector <> - pmu added : family : power , id : 0
28 [140457020602240] INFO perfrun.perfcollector <> - dir found : /sys/bus/event_source/devices/uncore_pcu
28 [140457020602240] INFO perfrun.perfcollector <> - format: inv config:23 mask:23
28 [140457020602240] INFO perfrun.perfcollector <> - format: occ_invert config:30 mask:30
28 [140457020602240] INFO perfrun.perfcollector <> - format: edge config:18 mask:18
28 [140457020602240] INFO perfrun.perfcollector <> - format: event config:0-7 mask:0-7
28 [140457020602240] INFO perfrun.perfcollector <> - format: occ_sel config:14-15 mask:14-15
28 [140457020602240] INFO perfrun.perfcollector <> - format: thresh config:24-28 mask:24-28
28 [140457020602240] INFO perfrun.perfcollector <> - format: filter_band0 config1:0-7 mask:0-7
28 [140457020602240] INFO perfrun.perfcollector <> - format: filter_band1 config1:8-15 mask:8-15
28 [140457020602240] INFO perfrun.perfcollector <> - format: filter_band2 config1:16-23 mask:16-23
28 [140457020602240] INFO perfrun.perfcollector <> - format: filter_band3 config1:24-31 mask:24-31
28 [140457020602240] INFO perfrun.perfcollector <> - format: occ_edge config:14-51 mask:14-51
28 [140457020602240] WARN perfrun.perfcollector <> - pmu hwInfo is not set, at file: vcs/perfrun1/plugins/perfcollector/src/controller.cpp:657
28 [140457020602240] INFO perfrun.perfcollector <> - pmu added : family : uncore_pcu , id : 0
28 [140457020602240] INFO perfrun.perfcollector <> - dir found : /sys/bus/event_source/devices/tracepoint
28 [140457020602240] WARN perfrun.perfcollector <> - format subdir doesn't exist, at file: vcs/perfrun1/plugins/perfcollector/src/controller.cpp:578
28 [140457020602240] WARN perfrun.perfcollector <> - pmu hwInfo is not set, at file: vcs/perfrun1/plugins/perfcollector/src/controller.cpp:657
28 [140457020602240] INFO perfrun.perfcollector <> - pmu added : family : tracepoint , id : 0
28 [140457020602240] INFO perfrun.perfcollector <> - dir found : /sys/bus/event_source/devices/uncore_imc_0
28 [140457020602240] INFO perfrun.perfcollector <> - format: inv config:23 mask:23
28 [140457020602240] INFO perfrun.perfcollector <> - format: edge config:18 mask:18
28 [140457020602240] INFO perfrun.perfcollector <> - format: event config:0-7 mask:0-7
28 [140457020602240] INFO perfrun.perfcollector <> - format: umask config:8-15 mask:8-15
28 [140457020602240] INFO perfrun.perfcollector <> - format: thresh config:24-31 mask:24-31
28 [140457020602240] INFO perfrun.perfcollector <> - hwInfo : PERF_IMC_PMU_DETAILS
28 [140457020602240] INFO perfrun.perfcollector <> - pmu added : family : uncore_imc , id : 0
28 [140457020602240] INFO perfrun.perfcollector <> - dir found : /sys/bus/event_source/devices/uncore_imc_1
28 [140457020602240] INFO perfrun.perfcollector <> - format: inv config:23 mask:23
28 [140457020602240] INFO perfrun.perfcollector <> - format: edge config:18 mask:18
28 [140457020602240] INFO perfrun.perfcollector <> - format: event config:0-7 mask:0-7
28 [140457020602240] INFO perfrun.perfcollector <> - format: umask config:8-15 mask:8-15
28 [140457020602240] INFO perfrun.perfcollector <> - format: thresh config:24-31 mask:24-31
28 [140457020602240] INFO perfrun.perfcollector <> - hwInfo : PERF_IMC_PMU_DETAILS
28 [140457020602240] INFO perfrun.perfcollector <> - pmu added : family : uncore_imc , id : 1
28 [140457020602240] INFO perfrun.perfcollector <> - dir found : /sys/bus/event_source/devices/uncore_imc_4
28 [140457020602240] INFO perfrun.perfcollector <> - format: inv config:23 mask:23
29 [140457020602240] INFO perfrun.perfcollector <> - format: edge config:18 mask:18
29 [140457020602240] INFO perfrun.perfcollector <> - format: event config:0-7 mask:0-7
29 [140457020602240] INFO perfrun.perfcollector <> - format: umask config:8-15 mask:8-15
29 [140457020602240] INFO perfrun.perfcollector <> - format: thresh config:24-31 mask:24-31
29 [140457020602240] INFO perfrun.perfcollector <> - hwInfo : PERF_IMC_PMU_DETAILS
29 [140457020602240] INFO perfrun.perfcollector <> - pmu added : family : uncore_imc , id : 4
29 [140457020602240] INFO perfrun.perfcollector <> - dir found : /sys/bus/event_source/devices/uncore_imc_5
29 [140457020602240] INFO perfrun.perfcollector <> - format: inv config:23 mask:23
29 [140457020602240] INFO perfrun.perfcollector <> - format: edge config:18 mask:18
29 [140457020602240] INFO perfrun.perfcollector <> - format: event config:0-7 mask:0-7
29 [140457020602240] INFO perfrun.perfcollector <> - format: umask config:8-15 mask:8-15
29 [140457020602240] INFO perfrun.perfcollector <> - format: thresh config:24-31 mask:24-31
29 [140457020602240] INFO perfrun.perfcollector <> - hwInfo : PERF_IMC_PMU_DETAILS
29 [140457020602240] INFO perfrun.perfcollector <> - pmu added : family : uncore_imc , id : 5
29 [140457020602240] INFO perfrun.perfcollector <> - dir found : /sys/bus/event_source/devices/uncore_qpi_0
29 [140457020602240] INFO perfrun.perfcollector <> - format: inv config:23 mask:23
29 [140457020602240] INFO perfrun.perfcollector <> - format: edge config:18 mask:18
29 [140457020602240] INFO perfrun.perfcollector <> - format: match_rnid4 config1:31 mask:31
29 [140457020602240] INFO perfrun.perfcollector <> - format: event config:0-7,21 mask:0-7,21
29 [140457020602240] INFO perfrun.perfcollector <> - format: mask0 config2:0-31 mask:0-31
29 [140457020602240] INFO perfrun.perfcollector <> - format: mask1 config2:32-63 mask:32-63
29 [140457020602240] INFO perfrun.perfcollector <> - format: umask config:8-15 mask:8-15
29 [140457020602240] INFO perfrun.perfcollector <> - format: mask_rnid30 config2:32-35 mask:32-35
29 [140457020602240] INFO perfrun.perfcollector <> - format: match_rnid30 config1:32-35 mask:32-35
29 [140457020602240] INFO perfrun.perfcollector <> - format: match_dnid config1:13-17 mask:13-17
29 [140457020602240] INFO perfrun.perfcollector <> - format: mask_mc config2:9-12 mask:9-12
29 [140457020602240] INFO perfrun.perfcollector <> - format: mask_dnid config2:13-17 mask:13-17
29 [140457020602240] INFO perfrun.perfcollector <> - format: match_opc config1:5-8 mask:5-8
29 [140457020602240] INFO perfrun.perfcollector <> - format: match_rds config1:48-51 mask:48-51
29 [140457020602240] INFO perfrun.perfcollector <> - format: match_vnw config1:3-4 mask:3-4
29 [140457020602240] INFO perfrun.perfcollector <> - format: mask_opc config2:5-8 mask:5-8
29 [140457020602240] INFO perfrun.perfcollector <> - format: mask_rds config2:48-51 mask:48-51
29 [140457020602240] INFO perfrun.perfcollector <> - format: mask_vnw config2:3-4 mask:3-4
29 [140457020602240] INFO perfrun.perfcollector <> - format: match_mc config1:9-12 mask:9-12
29 [140457020602240] INFO perfrun.perfcollector <> - format: match0 config1:0-31 mask:0-31
29 [140457020602240] INFO perfrun.perfcollector <> - format: match1 config1:32-63 mask:32-63
29 [140457020602240] INFO perfrun.perfcollector <> - format: mask_rnid4 config2:31 mask:31
29 [140457020602240] INFO perfrun.perfcollector <> - format: thresh config:24-31 mask:24-31
29 [140457020602240] INFO perfrun.perfcollector <> - hwInfo : PERF_QPI_PMU_DETAILS
29 [140457020602240] INFO perfrun.perfcollector <> - pmu added : family : uncore_qpi , id : 0
29 [140457020602240] INFO perfrun.perfcollector <> - dir found : /sys/bus/event_source/devices/uncore_qpi_1
29 [140457020602240] INFO perfrun.perfcollector <> - format: inv config:23 mask:23
30 [140457020602240] INFO perfrun.perfcollector <> - format: edge config:18 mask:18
30 [140457020602240] INFO perfrun.perfcollector <> - format: match_rnid4 config1:31 mask:31
30 [140457020602240] INFO perfrun.perfcollector <> - format: event config:0-7,21 mask:0-7,21
30 [140457020602240] INFO perfrun.perfcollector <> - format: mask0 config2:0-31 mask:0-31
30 [140457020602240] INFO perfrun.perfcollector <> - format: mask1 config2:32-63 mask:32-63
30 [140457020602240] INFO perfrun.perfcollector <> - format: umask config:8-15 mask:8-15
30 [140457020602240] INFO perfrun.perfcollector <> - format: mask_rnid30 config2:32-35 mask:32-35
30 [140457020602240] INFO perfrun.perfcollector <> - format: match_rnid30 config1:32-35 mask:32-35
30 [140457020602240] INFO perfrun.perfcollector <> - format: match_dnid config1:13-17 mask:13-17
30 [140457020602240] INFO perfrun.perfcollector <> - format: mask_mc config2:9-12 mask:9-12
30 [140457020602240] INFO perfrun.perfcollector <> - format: mask_dnid config2:13-17 mask:13-17
30 [140457020602240] INFO perfrun.perfcollector <> - format: match_opc config1:5-8 mask:5-8
30 [140457020602240] INFO perfrun.perfcollector <> - format: match_rds config1:48-51 mask:48-51
30 [140457020602240] INFO perfrun.perfcollector <> - format: match_vnw config1:3-4 mask:3-4
30 [140457020602240] INFO perfrun.perfcollector <> - format: mask_opc config2:5-8 mask:5-8
30 [140457020602240] INFO perfrun.perfcollector <> - format: mask_rds config2:48-51 mask:48-51
30 [140457020602240] INFO perfrun.perfcollector <> - format: mask_vnw config2:3-4 mask:3-4
30 [140457020602240] INFO perfrun.perfcollector <> - format: match_mc config1:9-12 mask:9-12
30 [140457020602240] INFO perfrun.perfcollector <> - format: match0 config1:0-31 mask:0-31
30 [140457020602240] INFO perfrun.perfcollector <> - format: match1 config1:32-63 mask:32-63
30 [140457020602240] INFO perfrun.perfcollector <> - format: mask_rnid4 config2:31 mask:31
30 [140457020602240] INFO perfrun.perfcollector <> - format: thresh config:24-31 mask:24-31
30 [140457020602240] INFO perfrun.perfcollector <> - hwInfo : PERF_QPI_PMU_DETAILS
30 [140457020602240] INFO perfrun.perfcollector <> - pmu added : family : uncore_qpi , id : 1
30 [140457020602240] INFO perfrun.perfcollector <> - dir found : /sys/bus/event_source/devices/uncore_cbox_0
30 [140457020602240] INFO perfrun.perfcollector <> - format: edge config:18 mask:18
30 [140457020602240] INFO perfrun.perfcollector <> - format: event config:0-7 mask:0-7
30 [140457020602240] INFO perfrun.perfcollector <> - format: umask config:8-15 mask:8-15
30 [140457020602240] INFO perfrun.perfcollector <> - format: filter_c6 config1:61 mask:61
30 [140457020602240] INFO perfrun.perfcollector <> - format: filter_nc config1:62 mask:62
30 [140457020602240] INFO perfrun.perfcollector <> - format: filter_isoc config1:63 mask:63
30 [140457020602240] INFO perfrun.perfcollector <> - format: filter_link config1:6-8 mask:6-8
30 [140457020602240] INFO perfrun.perfcollector <> - format: filter_nid config1:32-47 mask:32-47
30 [140457020602240] INFO perfrun.perfcollector <> - format: filter_opc config1:52-60 mask:52-60
30 [140457020602240] INFO perfrun.perfcollector <> - format: filter_tid config1:0-5 mask:0-5
30 [140457020602240] INFO perfrun.perfcollector <> - format: tid_en config:19 mask:19
30 [140457020602240] INFO perfrun.perfcollector <> - format: thresh config:24-31 mask:24-31
30 [140457020602240] INFO perfrun.perfcollector <> - format: filter_state config1:17-23 mask:17-23
30 [140457020602240] WARN perfrun.perfcollector <> - pmu hwInfo is not set, at file: vcs/perfrun1/plugins/perfcollector/src/controller.cpp:657
30 [140457020602240] INFO perfrun.perfcollector <> - pmu added : family : uncore_cbox , id : 0
30 [140457020602240] INFO perfrun.perfcollector <> - dir found : /sys/bus/event_source/devices/uncore_cbox_1
30 [140457020602240] INFO perfrun.perfcollector <> - format: edge config:18 mask:18
30 [140457020602240] INFO perfrun.perfcollector <> - format: event config:0-7 mask:0-7
30 [140457020602240] INFO perfrun.perfcollector <> - format: umask config:8-15 mask:8-15
31 [140457020602240] INFO perfrun.perfcollector <> - format: filter_c6 config1:61 mask:61
31 [140457020602240] INFO perfrun.perfcollector <> - format: filter_nc config1:62 mask:62
31 [140457020602240] INFO perfrun.perfcollector <> - format: filter_isoc config1:63 mask:63
31 [140457020602240] INFO perfrun.perfcollector <> - format: filter_link config1:6-8 mask:6-8
31 [140457020602240] INFO perfrun.perfcollector <> - format: filter_nid config1:32-47 mask:32-47
31 [140457020602240] INFO perfrun.perfcollector <> - format: filter_opc config1:52-60 mask:52-60
31 [140457020602240] INFO perfrun.perfcollector <> - format: filter_tid config1:0-5 mask:0-5
31 [140457020602240] INFO perfrun.perfcollector <> - format: tid_en config:19 mask:19
31 [140457020602240] INFO perfrun.perfcollector <> - format: thresh config:24-31 mask:24-31
31 [140457020602240] INFO perfrun.perfcollector <> - format: filter_state config1:17-23 mask:17-23
31 [140457020602240] WARN perfrun.perfcollector <> - pmu hwInfo is not set, at file: vcs/perfrun1/plugins/perfcollector/src/controller.cpp:657
31 [140457020602240] INFO perfrun.perfcollector <> - pmu added : family : uncore_cbox , id : 1
31 [140457020602240] INFO perfrun.perfcollector <> - dir found : /sys/bus/event_source/devices/uncore_cbox_2
31 [140457020602240] INFO perfrun.perfcollector <> - format: edge config:18 mask:18
31 [140457020602240] INFO perfrun.perfcollector <> - format: event config:0-7 mask:0-7
31 [140457020602240] INFO perfrun.perfcollector <> - format: umask config:8-15 mask:8-15
31 [140457020602240] INFO perfrun.perfcollector <> - format: filter_c6 config1:61 mask:61
31 [140457020602240] INFO perfrun.perfcollector <> - format: filter_nc config1:62 mask:62
31 [140457020602240] INFO perfrun.perfcollector <> - format: filter_isoc config1:63 mask:63
31 [140457020602240] INFO perfrun.perfcollector <> - format: filter_link config1:6-8 mask:6-8
31 [140457020602240] INFO perfrun.perfcollector <> - format: filter_nid config1:32-47 mask:32-47
31 [140457020602240] INFO perfrun.perfcollector <> - format: filter_opc config1:52-60 mask:52-60
31 [140457020602240] INFO perfrun.perfcollector <> - format: filter_tid config1:0-5 mask:0-5
31 [140457020602240] INFO perfrun.perfcollector <> - format: tid_en config:19 mask:19
31 [140457020602240] INFO perfrun.perfcollector <> - format: thresh config:24-31 mask:24-31
31 [140457020602240] INFO perfrun.perfcollector <> - format: filter_state config1:17-23 mask:17-23
31 [140457020602240] WARN perfrun.perfcollector <> - pmu hwInfo is not set, at file: vcs/perfrun1/plugins/perfcollector/src/controller.cpp:657
31 [140457020602240] INFO perfrun.perfcollector <> - pmu added : family : uncore_cbox , id : 2
31 [140457020602240] INFO perfrun.perfcollector <> - dir found : /sys/bus/event_source/devices/uncore_cbox_3
31 [140457020602240] INFO perfrun.perfcollector <> - format: edge config:18 mask:18
31 [140457020602240] INFO perfrun.perfcollector <> - format: event config:0-7 mask:0-7
31 [140457020602240] INFO perfrun.perfcollector <> - format: umask config:8-15 mask:8-15
31 [140457020602240] INFO perfrun.perfcollector <> - format: filter_c6 config1:61 mask:61
31 [140457020602240] INFO perfrun.perfcollector <> - format: filter_nc config1:62 mask:62
31 [140457020602240] INFO perfrun.perfcollector <> - format: filter_isoc config1:63 mask:63
31 [140457020602240] INFO perfrun.perfcollector <> - format: filter_link config1:6-8 mask:6-8
31 [140457020602240] INFO perfrun.perfcollector <> - format: filter_nid config1:32-47 mask:32-47
31 [140457020602240] INFO perfrun.perfcollector <> - format: filter_opc config1:52-60 mask:52-60
31 [140457020602240] INFO perfrun.perfcollector <> - format: filter_tid config1:0-5 mask:0-5
31 [140457020602240] INFO perfrun.perfcollector <> - format: tid_en config:19 mask:19
31 [140457020602240] INFO perfrun.perfcollector <> - format: thresh config:24-31 mask:24-31
31 [140457020602240] INFO perfrun.perfcollector <> - format: filter_state config1:17-23 mask:17-23
31 [140457020602240] WARN perfrun.perfcollector <> - pmu hwInfo is not set, at file: vcs/perfrun1/plugins/perfcollector/src/controller.cpp:657
31 [140457020602240] INFO perfrun.perfcollector <> - pmu added : family : uncore_cbox , id : 3
31 [140457020602240] INFO perfrun.perfcollector <> - dir found : /sys/bus/event_source/devices/uncore_cbox_4
32 [140457020602240] INFO perfrun.perfcollector <> - format: edge config:18 mask:18
32 [140457020602240] INFO perfrun.perfcollector <> - format: event config:0-7 mask:0-7
32 [140457020602240] INFO perfrun.perfcollector <> - format: umask config:8-15 mask:8-15
32 [140457020602240] INFO perfrun.perfcollector <> - format: filter_c6 config1:61 mask:61
32 [140457020602240] INFO perfrun.perfcollector <> - format: filter_nc config1:62 mask:62
32 [140457020602240] INFO perfrun.perfcollector <> - format: filter_isoc config1:63 mask:63
32 [140457020602240] INFO perfrun.perfcollector <> - format: filter_link config1:6-8 mask:6-8
32 [140457020602240] INFO perfrun.perfcollector <> - format: filter_nid config1:32-47 mask:32-47
32 [140457020602240] INFO perfrun.perfcollector <> - format: filter_opc config1:52-60 mask:52-60
32 [140457020602240] INFO perfrun.perfcollector <> - format: filter_tid config1:0-5 mask:0-5
32 [140457020602240] INFO perfrun.perfcollector <> - format: tid_en config:19 mask:19
32 [140457020602240] INFO perfrun.perfcollector <> - format: thresh config:24-31 mask:24-31
32 [140457020602240] INFO perfrun.perfcollector <> - format: filter_state config1:17-23 mask:17-23
32 [140457020602240] WARN perfrun.perfcollector <> - pmu hwInfo is not set, at file: vcs/perfrun1/plugins/perfcollector/src/controller.cpp:657
32 [140457020602240] INFO perfrun.perfcollector <> - pmu added : family : uncore_cbox , id : 4
32 [140457020602240] INFO perfrun.perfcollector <> - dir found : /sys/bus/event_source/devices/uncore_cbox_5
32 [140457020602240] INFO perfrun.perfcollector <> - format: edge config:18 mask:18
32 [140457020602240] INFO perfrun.perfcollector <> - format: event config:0-7 mask:0-7
32 [140457020602240] INFO perfrun.perfcollector <> - format: umask config:8-15 mask:8-15
32 [140457020602240] INFO perfrun.perfcollector <> - format: filter_c6 config1:61 mask:61
32 [140457020602240] INFO perfrun.perfcollector <> - format: filter_nc config1:62 mask:62
32 [140457020602240] INFO perfrun.perfcollector <> - format: filter_isoc config1:63 mask:63
32 [140457020602240] INFO perfrun.perfcollector <> - format: filter_link config1:6-8 mask:6-8
32 [140457020602240] INFO perfrun.perfcollector <> - format: filter_nid config1:32-47 mask:32-47
32 [140457020602240] INFO perfrun.perfcollector <> - format: filter_opc config1:52-60 mask:52-60
32 [140457020602240] INFO perfrun.perfcollector <> - format: filter_tid config1:0-5 mask:0-5
32 [140457020602240] INFO perfrun.perfcollector <> - format: tid_en config:19 mask:19
32 [140457020602240] INFO perfrun.perfcollector <> - format: thresh config:24-31 mask:24-31
32 [140457020602240] INFO perfrun.perfcollector <> - format: filter_state config1:17-23 mask:17-23
32 [140457020602240] WARN perfrun.perfcollector <> - pmu hwInfo is not set, at file: vcs/perfrun1/plugins/perfcollector/src/controller.cpp:657
32 [140457020602240] INFO perfrun.perfcollector <> - pmu added : family : uncore_cbox , id : 5
32 [140457020602240] INFO perfrun.perfcollector <> - dir found : /sys/bus/event_source/devices/uncore_cbox_6
32 [140457020602240] INFO perfrun.perfcollector <> - format: edge config:18 mask:18
32 [140457020602240] INFO perfrun.perfcollector <> - format: event config:0-7 mask:0-7
32 [140457020602240] INFO perfrun.perfcollector <> - format: umask config:8-15 mask:8-15
32 [140457020602240] INFO perfrun.perfcollector <> - format: filter_c6 config1:61 mask:61
32 [140457020602240] INFO perfrun.perfcollector <> - format: filter_nc config1:62 mask:62
32 [140457020602240] INFO perfrun.perfcollector <> - format: filter_isoc config1:63 mask:63
32 [140457020602240] INFO perfrun.perfcollector <> - format: filter_link config1:6-8 mask:6-8
32 [140457020602240] INFO perfrun.perfcollector <> - format: filter_nid config1:32-47 mask:32-47
32 [140457020602240] INFO perfrun.perfcollector <> - format: filter_opc config1:52-60 mask:52-60
32 [140457020602240] INFO perfrun.perfcollector <> - format: filter_tid config1:0-5 mask:0-5
32 [140457020602240] INFO perfrun.perfcollector <> - format: tid_en config:19 mask:19
33 [140457020602240] INFO perfrun.perfcollector <> - format: thresh config:24-31 mask:24-31
33 [140457020602240] INFO perfrun.perfcollector <> - format: filter_state config1:17-23 mask:17-23
33 [140457020602240] WARN perfrun.perfcollector <> - pmu hwInfo is not set, at file: vcs/perfrun1/plugins/perfcollector/src/controller.cpp:657
33 [140457020602240] INFO perfrun.perfcollector <> - pmu added : family : uncore_cbox , id : 6
33 [140457020602240] INFO perfrun.perfcollector <> - dir found : /sys/bus/event_source/devices/uncore_cbox_7
33 [140457020602240] INFO perfrun.perfcollector <> - format: edge config:18 mask:18
33 [140457020602240] INFO perfrun.perfcollector <> - format: event config:0-7 mask:0-7
33 [140457020602240] INFO perfrun.perfcollector <> - format: umask config:8-15 mask:8-15
33 [140457020602240] INFO perfrun.perfcollector <> - format: filter_c6 config1:61 mask:61
33 [140457020602240] INFO perfrun.perfcollector <> - format: filter_nc config1:62 mask:62
33 [140457020602240] INFO perfrun.perfcollector <> - format: filter_isoc config1:63 mask:63
33 [140457020602240] INFO perfrun.perfcollector <> - format: filter_link config1:6-8 mask:6-8
33 [140457020602240] INFO perfrun.perfcollector <> - format: filter_nid config1:32-47 mask:32-47
33 [140457020602240] INFO perfrun.perfcollector <> - format: filter_opc config1:52-60 mask:52-60
33 [140457020602240] INFO perfrun.perfcollector <> - format: filter_tid config1:0-5 mask:0-5
33 [140457020602240] INFO perfrun.perfcollector <> - format: tid_en config:19 mask:19
33 [140457020602240] INFO perfrun.perfcollector <> - format: thresh config:24-31 mask:24-31
33 [140457020602240] INFO perfrun.perfcollector <> - format: filter_state config1:17-23 mask:17-23
33 [140457020602240] WARN perfrun.perfcollector <> - pmu hwInfo is not set, at file: vcs/perfrun1/plugins/perfcollector/src/controller.cpp:657
33 [140457020602240] INFO perfrun.perfcollector <> - pmu added : family : uncore_cbox , id : 7
33 [140457020602240] INFO perfrun.perfcollector <> - dir found : /sys/bus/event_source/devices/uncore_cbox_8
33 [140457020602240] INFO perfrun.perfcollector <> - format: edge config:18 mask:18
33 [140457020602240] INFO perfrun.perfcollector <> - format: event config:0-7 mask:0-7
33 [140457020602240] INFO perfrun.perfcollector <> - format: umask config:8-15 mask:8-15
33 [140457020602240] INFO perfrun.perfcollector <> - format: filter_c6 config1:61 mask:61
33 [140457020602240] INFO perfrun.perfcollector <> - format: filter_nc config1:62 mask:62
33 [140457020602240] INFO perfrun.perfcollector <> - format: filter_isoc config1:63 mask:63
33 [140457020602240] INFO perfrun.perfcollector <> - format: filter_link config1:6-8 mask:6-8
33 [140457020602240] INFO perfrun.perfcollector <> - format: filter_nid config1:32-47 mask:32-47
33 [140457020602240] INFO perfrun.perfcollector <> - format: filter_opc config1:52-60 mask:52-60
33 [140457020602240] INFO perfrun.perfcollector <> - format: filter_tid config1:0-5 mask:0-5
33 [140457020602240] INFO perfrun.perfcollector <> - format: tid_en config:19 mask:19
33 [140457020602240] INFO perfrun.perfcollector <> - format: thresh config:24-31 mask:24-31
33 [140457020602240] INFO perfrun.perfcollector <> - format: filter_state config1:17-23 mask:17-23
33 [140457020602240] WARN perfrun.perfcollector <> - pmu hwInfo is not set, at file: vcs/perfrun1/plugins/perfcollector/src/controller.cpp:657
33 [140457020602240] INFO perfrun.perfcollector <> - pmu added : family : uncore_cbox , id : 8
33 [140457020602240] INFO perfrun.perfcollector <> - dir found : /sys/bus/event_source/devices/uncore_cbox_9
33 [140457020602240] INFO perfrun.perfcollector <> - format: edge config:18 mask:18
33 [140457020602240] INFO perfrun.perfcollector <> - format: event config:0-7 mask:0-7
33 [140457020602240] INFO perfrun.perfcollector <> - format: umask config:8-15 mask:8-15
33 [140457020602240] INFO perfrun.perfcollector <> - format: filter_c6 config1:61 mask:61
33 [140457020602240] INFO perfrun.perfcollector <> - format: filter_nc config1:62 mask:62
33 [140457020602240] INFO perfrun.perfcollector <> - format: filter_isoc config1:63 mask:63
34 [140457020602240] INFO perfrun.perfcollector <> - format: filter_link config1:6-8 mask:6-8
34 [140457020602240] INFO perfrun.perfcollector <> - format: filter_nid config1:32-47 mask:32-47
34 [140457020602240] INFO perfrun.perfcollector <> - format: filter_opc config1:52-60 mask:52-60
34 [140457020602240] INFO perfrun.perfcollector <> - format: filter_tid config1:0-5 mask:0-5
34 [140457020602240] INFO perfrun.perfcollector <> - format: tid_en config:19 mask:19
34 [140457020602240] INFO perfrun.perfcollector <> - format: thresh config:24-31 mask:24-31
34 [140457020602240] INFO perfrun.perfcollector <> - format: filter_state config1:17-23 mask:17-23
34 [140457020602240] WARN perfrun.perfcollector <> - pmu hwInfo is not set, at file: vcs/perfrun1/plugins/perfcollector/src/controller.cpp:657
34 [140457020602240] INFO perfrun.perfcollector <> - pmu added : family : uncore_cbox , id : 9
34 [140457020602240] INFO perfrun.perfcollector <> - dir found : /sys/bus/event_source/devices/kprobe
34 [140457020602240] INFO perfrun.perfcollector <> - format: retprobe config:0 mask:0
34 [140457020602240] WARN perfrun.perfcollector <> - pmu hwInfo is not set, at file: vcs/perfrun1/plugins/perfcollector/src/controller.cpp:657
34 [140457020602240] INFO perfrun.perfcollector <> - pmu added : family : kprobe , id : 0
34 [140457020602240] INFO perfrun.perfcollector <> - dir found : /sys/bus/event_source/devices/uncore_r2pcie
34 [140457020602240] INFO perfrun.perfcollector <> - format: inv config:23 mask:23
34 [140457020602240] INFO perfrun.perfcollector <> - format: edge config:18 mask:18
34 [140457020602240] INFO perfrun.perfcollector <> - format: event config:0-7 mask:0-7
34 [140457020602240] INFO perfrun.perfcollector <> - format: umask config:8-15 mask:8-15
34 [140457020602240] INFO perfrun.perfcollector <> - format: thresh config:24-31 mask:24-31
34 [140457020602240] WARN perfrun.perfcollector <> - pmu hwInfo is not set, at file: vcs/perfrun1/plugins/perfcollector/src/controller.cpp:657
34 [140457020602240] INFO perfrun.perfcollector <> - pmu added : family : uncore_r2pcie , id : 0
34 [140457020602240] INFO perfrun.perfcollector <> - dir found : /sys/bus/event_source/devices/uncore_r3qpi_0
34 [140457020602240] INFO perfrun.perfcollector <> - format: inv config:23 mask:23
34 [140457020602240] INFO perfrun.perfcollector <> - format: edge config:18 mask:18
34 [140457020602240] INFO perfrun.perfcollector <> - format: event config:0-7 mask:0-7
34 [140457020602240] INFO perfrun.perfcollector <> - format: umask config:8-15 mask:8-15
34 [140457020602240] INFO perfrun.perfcollector <> - format: thresh config:24-31 mask:24-31
34 [140457020602240] WARN perfrun.perfcollector <> - pmu hwInfo is not set, at file: vcs/perfrun1/plugins/perfcollector/src/controller.cpp:657
34 [140457020602240] INFO perfrun.perfcollector <> - pmu added : family : uncore_r3qpi , id : 0
34 [140457020602240] INFO perfrun.perfcollector <> - dir found : /sys/bus/event_source/devices/uncore_r3qpi_1
34 [140457020602240] INFO perfrun.perfcollector <> - format: inv config:23 mask:23
34 [140457020602240] INFO perfrun.perfcollector <> - format: edge config:18 mask:18
34 [140457020602240] INFO perfrun.perfcollector <> - format: event config:0-7 mask:0-7
34 [140457020602240] INFO perfrun.perfcollector <> - format: umask config:8-15 mask:8-15
34 [140457020602240] INFO perfrun.perfcollector <> - format: thresh config:24-31 mask:24-31
34 [140457020602240] WARN perfrun.perfcollector <> - pmu hwInfo is not set, at file: vcs/perfrun1/plugins/perfcollector/src/controller.cpp:657
34 [140457020602240] INFO perfrun.perfcollector <> - pmu added : family : uncore_r3qpi , id : 1
34 [140457020602240] INFO perfrun.perfcollector <> - dir found : /sys/bus/event_source/devices/uprobe
34 [140457020602240] INFO perfrun.perfcollector <> - format: retprobe config:0 mask:0
34 [140457020602240] WARN perfrun.perfcollector <> - pmu hwInfo is not set, at file: vcs/perfrun1/plugins/perfcollector/src/controller.cpp:657
34 [140457020602240] INFO perfrun.perfcollector <> - pmu added : family : uprobe , id : 0
34 [140457020602240] INFO perfrun.perfcollector <> - dir found : /sys/bus/event_source/devices/intel_bts
34 [140457020602240] WARN perfrun.perfcollector <> - format subdir doesn't exist, at file: vcs/perfrun1/plugins/perfcollector/src/controller.cpp:578
34 [140457020602240] WARN perfrun.perfcollector <> - pmu hwInfo is not set, at file: vcs/perfrun1/plugins/perfcollector/src/controller.cpp:657
34 [140457020602240] INFO perfrun.perfcollector <> - pmu added : family : intel_bts , id : 0
34 [140457020602240] INFO perfrun.perfcollector <> - dir found : /sys/bus/event_source/devices/breakpoint
34 [140457020602240] WARN perfrun.perfcollector <> - format subdir doesn't exist, at file: vcs/perfrun1/plugins/perfcollector/src/controller.cpp:578
34 [140457020602240] WARN perfrun.perfcollector <> - pmu hwInfo is not set, at file: vcs/perfrun1/plugins/perfcollector/src/controller.cpp:657
34 [140457020602240] INFO perfrun.perfcollector <> - pmu added : family : breakpoint , id : 0
34 [140457020602240] INFO perfrun.perfcollector <> - dir found : /sys/bus/event_source/devices/uncore_ha_0
35 [140457020602240] INFO perfrun.perfcollector <> - format: inv config:23 mask:23
35 [140457020602240] INFO perfrun.perfcollector <> - format: edge config:18 mask:18
35 [140457020602240] INFO perfrun.perfcollector <> - format: event config:0-7 mask:0-7
35 [140457020602240] INFO perfrun.perfcollector <> - format: umask config:8-15 mask:8-15
35 [140457020602240] INFO perfrun.perfcollector <> - format: thresh config:24-31 mask:24-31
35 [140457020602240] WARN perfrun.perfcollector <> - pmu hwInfo is not set, at file: vcs/perfrun1/plugins/perfcollector/src/controller.cpp:657
35 [140457020602240] INFO perfrun.perfcollector <> - pmu added : family : uncore_ha , id : 0
35 [140457020602240] INFO perfrun.perfcollector <> - dir found : /sys/bus/event_source/devices/uncore_ha_1
35 [140457020602240] INFO perfrun.perfcollector <> - format: inv config:23 mask:23
35 [140457020602240] INFO perfrun.perfcollector <> - format: edge config:18 mask:18
35 [140457020602240] INFO perfrun.perfcollector <> - format: event config:0-7 mask:0-7
35 [140457020602240] INFO perfrun.perfcollector <> - format: umask config:8-15 mask:8-15
35 [140457020602240] INFO perfrun.perfcollector <> - format: thresh config:24-31 mask:24-31
35 [140457020602240] WARN perfrun.perfcollector <> - pmu hwInfo is not set, at file: vcs/perfrun1/plugins/perfcollector/src/controller.cpp:657
35 [140457020602240] INFO perfrun.perfcollector <> - pmu added : family : uncore_ha , id : 1
35 [140457020602240] INFO perfrun.perfcollector <> - dir found : /sys/bus/event_source/devices/uncore_ubox
35 [140457020602240] INFO perfrun.perfcollector <> - format: inv config:23 mask:23
35 [140457020602240] INFO perfrun.perfcollector <> - format: edge config:18 mask:18
35 [140457020602240] INFO perfrun.perfcollector <> - format: event config:0-7 mask:0-7
35 [140457020602240] INFO perfrun.perfcollector <> - format: umask config:8-15 mask:8-15
35 [140457020602240] INFO perfrun.perfcollector <> - format: thresh config:24-28 mask:24-28
35 [140457020602240] WARN perfrun.perfcollector <> - pmu hwInfo is not set, at file: vcs/perfrun1/plugins/perfcollector/src/controller.cpp:657
35 [140457020602240] INFO perfrun.perfcollector <> - pmu added : family : uncore_ubox , id : 0
35 [140457020602240] INFO perfrun.perfcollector <> - dir found : /sys/bus/event_source/devices/intel_pt
35 [140457020602240] INFO perfrun.perfcollector <> - format: pt config:0 mask:0
35 [140457020602240] INFO perfrun.perfcollector <> - format: cyc config:1 mask:1
35 [140457020602240] INFO perfrun.perfcollector <> - format: mtc config:9 mask:9
35 [140457020602240] INFO perfrun.perfcollector <> - format: ptw config:12 mask:12
35 [140457020602240] INFO perfrun.perfcollector <> - format: tsc config:10 mask:10
35 [140457020602240] INFO perfrun.perfcollector <> - format: psb_period config:24-27 mask:24-27
35 [140457020602240] INFO perfrun.perfcollector <> - format: fup_on_ptw config:5 mask:5
35 [140457020602240] INFO perfrun.perfcollector <> - format: pwr_evt config:4 mask:4
35 [140457020602240] INFO perfrun.perfcollector <> - format: noretcomp config:11 mask:11
35 [140457020602240] INFO perfrun.perfcollector <> - format: mtc_period config:14-17 mask:14-17
35 [140457020602240] INFO perfrun.perfcollector <> - format: branch config:13 mask:13
35 [140457020602240] INFO perfrun.perfcollector <> - format: cyc_thresh config:19-22 mask:19-22
35 [140457020602240] WARN perfrun.perfcollector <> - pmu hwInfo is not set, at file: vcs/perfrun1/plugins/perfcollector/src/controller.cpp:657
35 [140457020602240] INFO perfrun.perfcollector <> - pmu added : family : intel_pt , id : 0
35 [140457020602240] INFO perfrun.launcher <> - plugin perf has been added successfully
36 [140457020602240] INFO perfrun.launcher <> - plugin tpss has been added successfully
36 [140457020602240] INFO perfrun.launcher <> - plugin cuscol has been added successfully
36 [140457020602240] INFO perfrun.launcher <> - plugin exprof has been added successfully
36 [140457020602240] INFO perfrun.launcher <> - plugin dpdk has been added successfully
36 [140457020602240] INFO perfrun.launcher <> - plugin media has been added successfully
36 [140457020602240] INFO perfrun.launcher <> - plugin commcollector has been added successfully
36 [140457020602240] INFO perfrun.launcher <> - plugin cve has been added successfully
36 [140457020602240] INFO perfrun.launcher <> - the option was added --interval: Specify an interval of data collection (for example, sampling) in milliseconds.
36 [140457020602240] INFO perfrun.launcher <> - the option was added --follow-child: Profile process with or without children.
36 [140457020602240] INFO perfrun.launcher <> - the option was added --gelding: BADMSG: perfrun1.launcher.plugin_manager::gelding
36 [140457020602240] INFO perfrun.launcher <> - the option was added --time-source: Specify time source for measurement. Possible values: sys - wall clock time; tsc - time stamp counter; ext - time from an external source; auto - auto select accurate time source.
36 [140457020602240] INFO perfrun.launcher <> - the option was added --stack: Enable or disable collection of stacks.
36 [140457020602240] INFO perfrun.launcher <> - the option was added --stack-stitching: Enable or disable the stack stitching algorithm for Intel TBB-based applications.
36 [140457020602240] INFO perfrun.launcher <> - the option was added --type: Specify type of data to be collected. For example, --type cpu:counters,waiting:nostack,io.
36 [140457020602240] INFO perfrun.launcher <> - the option was added --mrte-mode: Specify Java/.NET/other managed runtime collection mode. Possible values: native - collect information only for native code; managed - collect information only for managed code; mixed - collect information for both managed and native code; auto - choose the mode based on binary type.
36 [140457020602240] INFO perfrun.launcher <> - the option was added --mrte-mode-list: List supported Java/.NET/other managed runtime collection modes.
37 [140457020602240] INFO perfrun.launcher <> - the option was added --mrte-type: Specify which managed runtimes to collect. Possible values: java - collect information for Java; dotnet - collect information for .NET; python - collect information for CPython. You can specify several values separated by comma.
37 [140457020602240] INFO perfrun.launcher <> - the option was added --mrte-type-list: List supported Java/.NET/other managed runtime types.
37 [140457020602240] INFO perfrun.launcher <> - the option was added --trace-strategy: Specify how to profile a process tree. <string> can be "<process>:trace:notrace" - profile the process but do not profile its children. Shorthand parameters: t - trace, nt - notrace. For example, "vtunedemo.exe:t:t".
37 [140457020602240] INFO perfrun.launcher <> - the option was added --collector: BADMSG: perfrun1.launcher.plugin_manager::collector
37 [140457020602240] INFO perfrun.launcher <> - the option was added --system-wide: Enable system-wide profiling. This mode may require additional permissions.
37 [140457020602240] INFO perfrun.launcher <> - the option was added --kvm-guest: Enable KVM guest OS profiling.
37 [140457020602240] INFO perfrun.launcher <> - the option was added --kvm-guest-kallsyms: Specify a local path to the /proc/kallsyms file copied from the guest OS for proper symbol resolution.
37 [140457020602240] INFO perfrun.launcher <> - the option was added --kvm-guest-modules: Specify a local path to the /proc/modules file copied from the guest OS for proper symbol resolution.
37 [140457020602240] INFO perfrun.launcher <> - the option was added --target-system: BADMSG: perfrun1.launcher.plugin_manager::target-system
37 [140457020602240] INFO perfrun.launcher <> - the option was added --dump-vdso: Dump [vdso] to result directory
37 [140457020602240] INFO perfrun.launcher <> - the option was added --bandwidth-limits: Measure bandwidth limits
37 [140457020602240] INFO perfrun.launcher <> - the option was added --bandwidth-strategy: Bandwidth limits determination specific properties (example: --bandwidth-strategy array-size=0,duration=500).
37 [140457020602240] INFO perfrun.launcher <> - the option was added --bandwidth-config: List of benchmarks to run.
37 [140457020602240] INFO perfrun.launcher <> - the option was added --system-collector-config: Specify subcollectors. Possible values: all, vdso, container, device-info, none.
37 [140457020602240] INFO perfrun.launcher <> - the option was added --itt-config: Specify a sub-set of ITT API to collect.
37 [140457020602240] INFO perfrun.launcher <> - the option was added --itt-debug: Set pseudo-breakpoint at ITT API collector's start to enable the debugger to attach early.
37 [140457020602240] INFO perfrun.launcher <> - the option was added --itt-ring-buffer-multiplier: The size of internal ITT API collector ring buffer, in bytes per second
37 [140457020602240] INFO perfrun.launcher <> - the option was added --ptrace: Ptrace collector.
37 [140457020602240] INFO perfrun.launcher <> - the option was added --target-pid: BADMSG: perfrun1.ptracecollector::target-pid
37 [140457020602240] INFO perfrun.launcher <> - the option was added --ptrace-server-pid: BADMSG: perfrun1.ptracecollector::ptrace-server-pid
37 [140457020602240] INFO perfrun.launcher <> - the option was added --ptrace-trace: BADMSG: perfrun1.ptracecollector::ptrace-trace
37 [140457020602240] INFO perfrun.launcher <> - the option was added --ptrace-time-source: BADMSG: perfrun1.ptracecollector::ptrace-time-source
37 [140457020602240] INFO perfrun.launcher <> - the option was added --ptrace-start-type: BADMSG: perfrun1.ptracecollector::ptrace-start-type
38 [140457020602240] INFO perfrun.launcher <> - the option was added --gpu-config: Specify types of GPU data to be collected. Possible values: preset1, preset2.
38 [140457020602240] INFO perfrun.launcher <> - the option was added --gpu-debug: Enable self-testing of the GPGPU profiling collector.
38 [140457020602240] INFO perfrun.launcher <> - the option was added --stdsrc-config: Specify Standard Sources category tag(s).
38 [140457020602240] INFO perfrun.launcher <> - the option was added --ftrace-config-list: List Linux Ftrace category tag(s).
38 [140457020602240] INFO perfrun.launcher <> - the option was added --ftrace-config: Specify Linux Ftrace category tag(s).
38 [140457020602240] INFO perfrun.launcher <> - the option was added --ftrace-function-groups: Enable tracing of specific groups of functions.
38 [140457020602240] INFO perfrun.launcher <> - the option was added --event-info: BADMSG: perfrun1.stdsrc::event-info
38 [140457020602240] INFO perfrun.launcher <> - the option was added --cpu-list: List supported CPUs.
38 [140457020602240] INFO perfrun.launcher <> - the option was added --target-list: List available targets for performing sampling collection.
38 [140457020602240] INFO perfrun.launcher <> - the option was added --event-value-list: Display event information.
38 [140457020602240] INFO perfrun.launcher <> - the option was added --platform-value-list: Display details of supported platforms.
38 [140457020602240] INFO perfrun.launcher <> - the option was added --uncore-event-list: List uncore events for which a sampling data collection can be performed on this platform.
38 [140457020602240] INFO perfrun.launcher <> - the option was added --modifier-list: Specify the event name <string> for which the modifiers list is requested.
38 [140457020602240] INFO perfrun.launcher <> - the option was added --pmu-list: List supported PMUs.
38 [140457020602240] INFO perfrun.launcher <> - the option was added --os-mode-only: Enable sampling data collection for OS-mode processes only.
38 [140457020602240] INFO perfrun.launcher <> - the option was added --user-mode-only: Enable sampling data collection for user-mode processes only.
38 [140457020602240] INFO perfrun.launcher <> - the option was added --event-config: Perform data collection for the events with <string> configured using the format <event name1>":modifier1=val:modifier2=val/constraint1={:modifier3=val:modifier4=val}...,"<event name2>":... Specify the events(s) to monitor and embed the event names within double quotes("). [:modifier=val] specifies individual event modifiers along with the respective values for a given platform. Note that the modifiers can be generic to an event as well as specific to a constraint (or an event qualifier). The constraint specific special modifiers appear after [/constraint=]. The modifiers can be in decimal or hexadecimal format. Only specific modifiers accept the value as a string. Each event specification is delimited by a comma (,). For a list of supported modifiers and constraints, refer to the documentation.
38 [140457020602240] INFO perfrun.launcher <> - the option was added --chipset-event-config: BADMSG: perfrun1.sep::chipset-event-config
38 [140457020602240] INFO perfrun.launcher <> - the option was added --uncore-event-config: Perform uncore data collection in ebc count mode for the events with <string> configured using the format "<event name1>"...,"<event name2>":... Specify the events(s) to monitor and embed the event names within double quotes(").
38 [140457020602240] INFO perfrun.launcher <> - the option was added --count-emon: Enable counting mode and output the data in EMON format.
38 [140457020602240] INFO perfrun.launcher <> - the option was added --event-based-counts: Enable event-based counting mode. During sampling data collection, event counts data is collected for the list of events specified in -event-config option.
39 [140457020602240] INFO perfrun.launcher <> - the option was added --event-mux-tfactor: Specify the event multiplexing tfactor as <integer> to set the length of the interval between interrupts. The larger the tfactor value, the larger the period between interrupts. Currently this option is only available on Intel platforms codenamed Knights Corner.
39 [140457020602240] INFO perfrun.launcher <> - the option was added --full-pebs-capture: Capture full pebs information.
39 [140457020602240] INFO perfrun.launcher <> - the option was added --last-branch-records: Capture Last Branch Records information.
39 [140457020602240] INFO perfrun.launcher <> - the option was added --pmu-type: Specify the targeted PMU name as <string>.
39 [140457020602240] INFO perfrun.launcher <> - the option was added --platform-type: Specify the targeted platform number as <number>.
39 [140457020602240] INFO perfrun.launcher <> - the option was added --bts-count: Specify the <integer> number of BTS records collected after each sample or context switch (VTSS++ only).
39 [140457020602240] INFO perfrun.launcher <> - the option was added --cpu-mask: Specify which CPU(s) <string> to collect data on. For example, specify "2-8,10,12-14" to sample only CPUs 2 through 8, 10, and 12 through 14.
39 [140457020602240] INFO perfrun.launcher <> - the option was added --event-mux-alg: Specify the event multiplexing algorithm. Possible values: sequence, timer, trigger.
39 [140457020602240] INFO perfrun.launcher <> - the option was added --event-mux-timeslice: Specify the event multiplexing time slice value as <integer>. The time slice specifies the duration between cycles for each event multiplexing group. The default value is 50 milliseconds. This option is valid only for timer-based event multiplexing. Specify the event multiplexing time slice value as <integer>. The time slice specifies the duration between cycles for each event multiplexing group. The default value is 1 millisecond. This option is valid only for timer-based event multiplexing.
39 [140457020602240] INFO perfrun.launcher <> - the option was added --event-mux-factor: Specify the event multiplexing factor as <integer>. It controls the switching of event multiplexing groups. The default factor is 50. This option is valid only for trigger-based event multiplexing. Specify the event multiplexing factor as <integer>. It controls the switching of event multiplexing groups. The default factor is 1. This option is valid only for trigger-based event multiplexing.
39 [140457020602240] INFO perfrun.launcher <> - the option was added --event-mux-trigger: Specify the name of the trigger event for event multiplexing as <string>. This option is valid only for trigger-based event multiplexing. The default trigger is CPU_CLK_UNHALTED.CORE (or CPU_CLK_UNHALTED.THREAD). BADMSG: perfrun1.vtsspp::event-mux-trigger
39 [140457020602240] INFO perfrun.launcher <> - the option was added --pwr-config: BADMSG: perfrun1.vtsspp::pwr-config
39 [140457020602240] INFO perfrun.launcher <> - the option was added --sys-config: BADMSG: perfrun1.vtsspp::sys-config
39 [140457020602240] INFO perfrun.launcher <> - the option was added --pt-mode: BADMSG: perfrun1.vtsspp::pt-mode
39 [140457020602240] INFO perfrun.launcher <> - the option was added --sample-after-multiplier: Specify the sample after multiplier as <double>. This multiplier modifies the sample after value for all the events specified in -event-config option. The values can range from 0.1 to 100.0. SAV multiplier value
39 [140457020602240] INFO perfrun.launcher <> - the option was added --uncore-sampling-interval: Specify the uncore sampling interval as <integer>. This value set the uncore sampling interval for all the uncore events specified in -event-config option.
39 [140457020602240] INFO perfrun.launcher <> - the option was added --count: Enable counting mode. Enable counting mode
39 [140457020602240] INFO perfrun.launcher <> - the option was added --trace-mpi: Configure collector to trace MPI code.
39 [140457020602240] INFO perfrun.launcher <> - the option was added --raw-perf-config: Specify a verified configuration for the Perf collector in the format: <describer>,<content>. For example: map-events-file,<path_to_map_events_file>.
39 [140457020602240] INFO perfrun.launcher <> - the option was added --stackwalk: Specify stack unwinding method. Possible values: online - unwind stacks during collection; offline - unwind stacks after collection is finished. Specify stack unwinding method. Possible value: lbr - unwind stacks during collection. Specify stack unwinding method. Possible values: online - unwind stacks during collection; offline - unwind stacks after collection is finished; lbr - enable LBR-based call stack collection. Specify stack unwinding method. Possible values: online - unwind stacks during collection; offline - unwind stacks after collection is finished. Specify stack unwinding method. Possible values: online - unwind stacks during collection; offline - unwind stacks after collection is finished.
39 [140457020602240] INFO perfrun.launcher <> - the option was added --filter-include: Filter data during collection. Possible values: contended=<on|off> - filter out uncontended events; contended_nostack=<time> - filter out stacks for contended events that take less than <time> microseconds; wait=<time> - ignore transitions and blocks with wait time less than <time> microseconds; wait_nostack=<time> - filter out stacks for waits that take less than <time> microseconds.
39 [140457020602240] INFO perfrun.launcher <> - the option was added --debug-pin: Debug PIN tool and runtime.
40 [140457020602240] INFO perfrun.launcher <> - the option was added --debug-exception: Disallow the application to set own abnormal termination handler.
40 [140457020602240] INFO perfrun.launcher <> - the option was added --trace-type: Specify the trace file granularity. Possible values: per-thread - per-thread trace file generation; per-process - per-process trace file generation.
40 [140457020602240] INFO perfrun.launcher <> - the option was added --instrumentation-type: Specify type of instrumentation.
40 [140457020602240] INFO perfrun.launcher <> - the option was added --altstack: Enable or disable usage of altstacks for profiling signal handlers.
40 [140457020602240] INFO perfrun.launcher <> - the option was added --profiling-signal: BADMSG: perfrun1.ptracecollector::profiling-signal Alternate profiling signal.
40 [140457020602240] INFO perfrun.launcher <> - the option was added --memory-strategy: Specify a minimal memory object size to be traced and a hash table size for faster objects search; for example: --memory-strategy obj-size-min=1024,hash-table-size=4096.
40 [140457020602240] INFO perfrun.launcher <> - the option was added --gpu-profiling-config: Specify a type of deep GPU profiling applied for all kernels and a comma-separated list of GPU kernel names and invocations in the following format: profiling_type[@kernel_name[:start_idx:step:stop_idx]], where profiling_type is one of following: none, bblatency, memlatency; kernel_name is the name of GPU kernel; start_idx is the number of the first invocation; and stop_idx is the number of the last invocation to be profiled.
40 [140457020602240] INFO perfrun.launcher <> - the option was added --custom-collector: Allows to provide arbitrary command line to be run on collection steps.
40 [140457020602240] INFO perfrun.launcher <> - the option was added --exprof-com-list: List available COM ports.
40 [140457020602240] INFO perfrun.launcher <> - the option was added --exprof-dvc-list: List available DvC IDs.
40 [140457020602240] INFO perfrun.launcher <> - the option was added --exprof-trace-channel: BADMSG: perfrun1.exprof::exprof-trace-channel
40 [140457020602240] INFO perfrun.launcher <> - the option was added --exprof-event-config: Specify ExactProfiling Event Classes.
40 [140457020602240] INFO perfrun.launcher <> - the option was added --analyze-dpdk: analyze-dpdk
40 [140457020602240] INFO perfrun.launcher <> - the option was added --network-sampling-interval: network-sampling-interval
40 [140457020602240] INFO perfrun.launcher <> - the option was added --dpdk-file-prefix: dpdk-file-prefix
41 [140457020602240] INFO perfrun.launcher <> - create msngr2::ICliToolContext
41 [140457020602240] INFO perfrun.launcher <> - create file finder object
47 [140456908818176] INFO perfrun.system <> - dumping [vdso] pseudomodule
49 [140456908818176] INFO perfrun.launcher <> - plugin [itt] was disabled because it doesn't support the given collection type.
49 [140456908818176] INFO perfrun.launcher <> - plugin [ptracecollector] was disabled because it doesn't support the given collection type.
49 [140456908818176] INFO perfrun.launcher <> - plugin [gpu] was disabled because it doesn't support the given collection type.
49 [140456908818176] INFO perfrun.launcher <> - plugin [] was disabled because it doesn't support the given collection type.
49 [140456908818176] INFO perfrun.launcher <> - plugin [] was disabled because it doesn't support the given collection type.
49 [140456908818176] INFO perfrun.launcher <> - plugin [] was disabled because it doesn't support the given collection type.
49 [140456908818176] INFO perfrun.launcher <> - plugin [mrte] was disabled because it doesn't support the given collection type.
49 [140456908818176] INFO perfrun.launcher <> - plugin [emon] was disabled because it doesn't support the given collection type.
49 [140456908818176] INFO perfrun.launcher <> - plugin [stdsrc] was disabled because it doesn't support the given collection type.
49 [140456908818176] INFO perfrun.launcher <> - plugin [sep] was disabled because it doesn't support the given collection type.
49 [140456908818176] INFO perfrun.launcher <> - plugin [vtsspp] was disabled because it doesn't support the given collection type.
49 [140456908818176] INFO perfrun.launcher <> - plugin [perf] was disabled because it doesn't support the given collection type.
50 [140456908818176] INFO perfrun.launcher <> - plugin [tpss] was disabled because it doesn't support the given collection type.
50 [140456908818176] INFO perfrun.launcher <> - plugin [cuscol] was disabled because it doesn't support the given collection type.
50 [140456908818176] INFO perfrun.launcher <> - plugin [exprof] was disabled because it doesn't support the given collection type.
50 [140456908818176] INFO perfrun.launcher <> - plugin [dpdk] was disabled because it doesn't support the given collection type.
50 [140456908818176] INFO perfrun.launcher <> - plugin [media] was disabled because it doesn't support the given collection type.
50 [140456908818176] INFO perfrun.commcollector <> - Disabling commcollector because integrity connection type is not used
50 [140456908818176] INFO perfrun.launcher <> - plugin [commcollector] was disabled because it doesn't support the given collection type.
50 [140456908818176] INFO perfrun.launcher <> - plugin [cve] was disabled because it doesn't support the given collection type.
50 [140457020602240] INFO perfrun.launcher <> - Application exit code: 0
50 [140457020602240] INFO perfrun.launcher <> - Exit code: 0
