
24161 : 0xabc2f3bc901b : 1 : spill_jit_data :  Jit agent is not initialized
24161 : 0xabc2f3bde315 : 2 : ittapi_config_mask_get :  --itt-config mask to be applied: 17
24161 : 0xabc2f3be2020 : 2 : ittapi_config_apply_per_lib :  ITTAPI function instrumented: __itt_domain_create
24161 : 0xabc2f3be2e0c : 2 : ittapi_config_apply_per_lib :  ITTAPI function instrumented: __itt_string_handle_create
24161 : 0xabc2f3be3a65 : 2 : ittapi_config_apply_per_lib :  ITTAPI function instrumented: __itt_counter_create
24161 : 0xabc2f3be450a : 2 : ittapi_config_apply_per_lib :  ITTAPI function instrumented: __itt_counter_create_typed
24161 : 0xabc2f3be5006 : 2 : ittapi_config_apply_per_lib :  ITTAPI function instrumented: __itt_pause
24161 : 0xabc2f3be5bb9 : 2 : ittapi_config_apply_per_lib :  ITTAPI function instrumented: __itt_resume
24161 : 0xabc2f3be6710 : 2 : ittapi_config_apply_per_lib :  ITTAPI function instrumented: __itt_thread_set_name
24161 : 0xabc2f3be7352 : 2 : ittapi_config_apply_per_lib :  ITTAPI function instrumented: __itt_thread_ignore
24161 : 0xabc2f3bf50fc : 2 : ittapi_config_apply_per_lib :  ITTAPI function instrumented: __itt_thr_name_set
24161 : 0xabc2f3bf624b : 2 : ittapi_config_apply_per_lib :  ITTAPI function instrumented: __itt_thr_ignore
24161 : 0xabc2f3bf756f : 2 : ittapi_config_apply_per_lib :  ITTAPI function not implemented: __itt_enable_attach
24161 : 0xabc2f3bf8985 : 2 : ittapi_config_apply_per_lib :  ITTAPI function instrumented: __itt_detach
24161 : 0xabc2f3bf92a1 : 2 : ittapi_config_apply_per_lib :  ITTAPI function NOT instrumented (not matched by --itt-config option): __itt_sync_create

24161 : 0xabc2f3bf9be7 : 2 : ittapi_config_apply_per_lib :  ITTAPI function NOT instrumented (not matched by --itt-config option): __itt_sync_rename

24161 : 0xabc2f3bfa4fc : 2 : ittapi_config_apply_per_lib :  ITTAPI function NOT instrumented (not matched by --itt-config option): __itt_sync_destroy

24161 : 0xabc2f3bfad80 : 2 : ittapi_config_apply_per_lib :  ITTAPI function NOT instrumented (not matched by --itt-config option): __itt_sync_prepare

24161 : 0xabc2f3bfb63d : 2 : ittapi_config_apply_per_lib :  ITTAPI function NOT instrumented (not matched by --itt-config option): __itt_sync_cancel

24161 : 0xabc2f3bfbeb6 : 2 : ittapi_config_apply_per_lib :  ITTAPI function NOT instrumented (not matched by --itt-config option): __itt_sync_acquired

24161 : 0xabc2f3bff1d5 : 2 : ittapi_config_apply_per_lib :  ITTAPI function NOT instrumented (not matched by --itt-config option): __itt_sync_releasing

24161 : 0xabc2f3c0025e : 2 : ittapi_config_apply_per_lib :  ITTAPI function not implemented: __itt_suppress_push
24161 : 0xabc2f3c010c8 : 2 : ittapi_config_apply_per_lib :  ITTAPI function not implemented: __itt_suppress_pop
24161 : 0xabc2f3c01e6b : 2 : ittapi_config_apply_per_lib :  ITTAPI function not implemented: __itt_suppress_mark_range
24161 : 0xabc2f3c02b07 : 2 : ittapi_config_apply_per_lib :  ITTAPI function not implemented: __itt_suppress_clear_range
24161 : 0xabc2f3c0337e : 2 : ittapi_config_apply_per_lib :  ITTAPI function NOT instrumented (not matched by --itt-config option): __itt_sync_prepare

24161 : 0xabc2f3c03c35 : 2 : ittapi_config_apply_per_lib :  ITTAPI function NOT instrumented (not matched by --itt-config option): __itt_sync_cancel

24161 : 0xabc2f3c0445e : 2 : ittapi_config_apply_per_lib :  ITTAPI function NOT instrumented (not matched by --itt-config option): __itt_sync_acquired

24161 : 0xabc2f3c04cad : 2 : ittapi_config_apply_per_lib :  ITTAPI function NOT instrumented (not matched by --itt-config option): __itt_sync_releasing

24161 : 0xabc2f3c059c6 : 2 : ittapi_config_apply_per_lib :  ITTAPI function not implemented: __itt_model_site_begin
24161 : 0xabc2f3c085d7 : 2 : ittapi_config_apply_per_lib :  ITTAPI function not implemented: __itt_model_site_end
24161 : 0xabc2f3c09297 : 2 : ittapi_config_apply_per_lib :  ITTAPI function not implemented: __itt_model_task_begin
24161 : 0xabc2f3c09f0e : 2 : ittapi_config_apply_per_lib :  ITTAPI function not implemented: __itt_model_task_end
24161 : 0xabc2f3c0ab1b : 2 : ittapi_config_apply_per_lib :  ITTAPI function not implemented: __itt_model_lock_acquire
24161 : 0xabc2f3c0b72e : 2 : ittapi_config_apply_per_lib :  ITTAPI function not implemented: __itt_model_lock_release
24161 : 0xabc2f3c0c2f1 : 2 : ittapi_config_apply_per_lib :  ITTAPI function not implemented: __itt_model_record_allocation
24161 : 0xabc2f3c0cfd5 : 2 : ittapi_config_apply_per_lib :  ITTAPI function not implemented: __itt_model_record_deallocation
24161 : 0xabc2f3c0dbeb : 2 : ittapi_config_apply_per_lib :  ITTAPI function not implemented: __itt_model_induction_uses
24161 : 0xabc2f3c0e768 : 2 : ittapi_config_apply_per_lib :  ITTAPI function not implemented: __itt_model_reduction_uses
24161 : 0xabc2f3c0f2a7 : 2 : ittapi_config_apply_per_lib :  ITTAPI function not implemented: __itt_model_observe_uses
24161 : 0xabc2f3c12b5f : 2 : ittapi_config_apply_per_lib :  ITTAPI function not implemented: __itt_model_clear_uses
24161 : 0xabc2f3c1397f : 2 : ittapi_config_apply_per_lib :  ITTAPI function not implemented: __itt_model_site_beginA
24161 : 0xabc2f3c14642 : 2 : ittapi_config_apply_per_lib :  ITTAPI function not implemented: __itt_model_site_beginAL
24161 : 0xabc2f3c15233 : 2 : ittapi_config_apply_per_lib :  ITTAPI function not implemented: __itt_model_task_beginA
24161 : 0xabc2f3c190e6 : 2 : ittapi_config_apply_per_lib :  ITTAPI function not implemented: __itt_model_task_beginAL
24161 : 0xabc2f3c19e9e : 2 : ittapi_config_apply_per_lib :  ITTAPI function not implemented: __itt_model_iteration_taskA
24161 : 0xabc2f3c1aac6 : 2 : ittapi_config_apply_per_lib :  ITTAPI function not implemented: __itt_model_iteration_taskAL
24161 : 0xabc2f3c1c2a7 : 2 : ittapi_config_apply_per_lib :  ITTAPI function not implemented: __itt_model_site_end_2
24161 : 0xabc2f3c1ce16 : 2 : ittapi_config_apply_per_lib :  ITTAPI function not implemented: __itt_model_task_end_2
24161 : 0xabc2f3c1da68 : 2 : ittapi_config_apply_per_lib :  ITTAPI function not implemented: __itt_model_lock_acquire_2
24161 : 0xabc2f3c2189e : 2 : ittapi_config_apply_per_lib :  ITTAPI function not implemented: __itt_model_lock_release_2
24161 : 0xabc2f3c2261c : 2 : ittapi_config_apply_per_lib :  ITTAPI function not implemented: __itt_model_aggregate_task
24161 : 0xabc2f3c231fb : 2 : ittapi_config_apply_per_lib :  ITTAPI function not implemented: __itt_model_disable_push
24161 : 0xabc2f3c23d85 : 2 : ittapi_config_apply_per_lib :  ITTAPI function not implemented: __itt_model_disable_pop
24161 : 0xabc2f3c2488a : 2 : ittapi_config_apply_per_lib :  ITTAPI function instrumented: __itt_heap_function_create
24161 : 0xabc2f3c25317 : 2 : ittapi_config_apply_per_lib :  ITTAPI function instrumented: __itt_heap_allocate_begin
24161 : 0xabc2f3c25da6 : 2 : ittapi_config_apply_per_lib :  ITTAPI function instrumented: __itt_heap_allocate_end
24161 : 0xabc2f3c268f7 : 2 : ittapi_config_apply_per_lib :  ITTAPI function instrumented: __itt_heap_free_begin
24161 : 0xabc2f3c27373 : 2 : ittapi_config_apply_per_lib :  ITTAPI function instrumented: __itt_heap_free_end
24161 : 0xabc2f3c27d7b : 2 : ittapi_config_apply_per_lib :  ITTAPI function instrumented: __itt_heap_reallocate_begin
24161 : 0xabc2f3c2a671 : 2 : ittapi_config_apply_per_lib :  ITTAPI function instrumented: __itt_heap_reallocate_end
24161 : 0xabc2f3c2b454 : 2 : ittapi_config_apply_per_lib :  ITTAPI function not implemented: __itt_heap_internal_access_begin
24161 : 0xabc2f3c2c0b8 : 2 : ittapi_config_apply_per_lib :  ITTAPI function not implemented: __itt_heap_internal_access_end
24161 : 0xabc2f3c2ce06 : 2 : ittapi_config_apply_per_lib :  ITTAPI function not implemented: __itt_heap_record_memory_growth_begin
24161 : 0xabc2f3c2db10 : 2 : ittapi_config_apply_per_lib :  ITTAPI function not implemented: __itt_heap_record_memory_growth_end
24161 : 0xabc2f3c2e6c8 : 2 : ittapi_config_apply_per_lib :  ITTAPI function not implemented: __itt_heap_reset_detection
24161 : 0xabc2f3c2f2cb : 2 : ittapi_config_apply_per_lib :  ITTAPI function not implemented: __itt_heap_record
24161 : 0xabc2f3c2fe88 : 2 : ittapi_config_apply_per_lib :  ITTAPI function not implemented: __itt_id_create
24161 : 0xabc2f3c30a6d : 2 : ittapi_config_apply_per_lib :  ITTAPI function not implemented: __itt_id_destroy
24161 : 0xabc2f3c314eb : 2 : ittapi_config_apply_per_lib :  ITTAPI function instrumented: __itt_get_timestamp
24161 : 0xabc2f3c348ca : 2 : ittapi_config_apply_per_lib :  ITTAPI function not implemented: __itt_region_begin
24161 : 0xabc2f3c354fb : 2 : ittapi_config_apply_per_lib :  ITTAPI function not implemented: __itt_region_end
24161 : 0xabc2f3c35f8e : 2 : ittapi_config_apply_per_lib :  ITTAPI function instrumented: __itt_frame_begin_v3
24161 : 0xabc2f3c369a7 : 2 : ittapi_config_apply_per_lib :  ITTAPI function instrumented: __itt_frame_end_v3
24161 : 0xabc2f3c37505 : 2 : ittapi_config_apply_per_lib :  ITTAPI function instrumented: __itt_frame_submit_v3
24161 : 0xabc2f3c37d43 : 2 : ittapi_config_apply_per_lib :  ITTAPI function NOT instrumented (not matched by --itt-config option): __itt_task_group

24161 : 0xabc2f3c385e6 : 2 : ittapi_config_apply_per_lib :  ITTAPI function NOT instrumented (not matched by --itt-config option): __itt_task_begin

24161 : 0xabc2f3c38e33 : 2 : ittapi_config_apply_per_lib :  ITTAPI function NOT instrumented (not matched by --itt-config option): __itt_task_begin_fn

24161 : 0xabc2f3c396c2 : 2 : ittapi_config_apply_per_lib :  ITTAPI function NOT instrumented (not matched by --itt-config option): __itt_task_end

24161 : 0xabc2f3c39fa2 : 2 : ittapi_config_apply_per_lib :  ITTAPI function NOT instrumented (not matched by --itt-config option): __itt_counter_inc_v3

24161 : 0xabc2f3c3c310 : 2 : ittapi_config_apply_per_lib :  ITTAPI function NOT instrumented (not matched by --itt-config option): __itt_counter_inc_delta_v3

24161 : 0xabc2f3c3cc56 : 2 : ittapi_config_apply_per_lib :  ITTAPI function NOT instrumented (not matched by --itt-config option): __itt_counter_dec_v3

24161 : 0xabc2f3c3d4e2 : 2 : ittapi_config_apply_per_lib :  ITTAPI function NOT instrumented (not matched by --itt-config option): __itt_counter_dec_delta_v3

24161 : 0xabc2f3c3e165 : 2 : ittapi_config_apply_per_lib :  ITTAPI function not implemented: __itt_marker
24161 : 0xabc2f3c3ecb0 : 2 : ittapi_config_apply_per_lib :  ITTAPI function instrumented: __itt_metadata_add
24161 : 0xabc2f3c3f86f : 2 : ittapi_config_apply_per_lib :  ITTAPI function not implemented: __itt_metadata_str_add
24161 : 0xabc2f3c4041b : 2 : ittapi_config_apply_per_lib :  ITTAPI function not implemented: __itt_relation_add_to_current
24161 : 0xabc2f3c41054 : 2 : ittapi_config_apply_per_lib :  ITTAPI function not implemented: __itt_relation_add
24161 : 0xabc2f3c41a4b : 2 : ittapi_config_apply_per_lib :  ITTAPI function instrumented: __itt_event_create
24161 : 0xabc2f3c4225b : 2 : ittapi_config_apply_per_lib :  ITTAPI function NOT instrumented (not matched by --itt-config option): __itt_event_start

24161 : 0xabc2f3c4453b : 2 : ittapi_config_apply_per_lib :  ITTAPI function NOT instrumented (not matched by --itt-config option): __itt_event_end

24161 : 0xabc2f3c44e22 : 2 : ittapi_config_apply_per_lib :  ITTAPI function NOT instrumented (not matched by --itt-config option): __itt_sync_set_name

24161 : 0xabc2f3c45668 : 2 : ittapi_config_apply_per_lib :  ITTAPI function NOT instrumented (not matched by --itt-config option): __itt_notify_sync_name

24161 : 0xabc2f3c45f38 : 2 : ittapi_config_apply_per_lib :  ITTAPI function NOT instrumented (not matched by --itt-config option): __itt_notify_sync_prepare

24161 : 0xabc2f3c4679e : 2 : ittapi_config_apply_per_lib :  ITTAPI function NOT instrumented (not matched by --itt-config option): __itt_notify_sync_cancel

24161 : 0xabc2f3c46fdf : 2 : ittapi_config_apply_per_lib :  ITTAPI function NOT instrumented (not matched by --itt-config option): __itt_notify_sync_acquired

24161 : 0xabc2f3c47847 : 2 : ittapi_config_apply_per_lib :  ITTAPI function NOT instrumented (not matched by --itt-config option): __itt_notify_sync_releasing

24161 : 0xabc2f3c48454 : 2 : ittapi_config_apply_per_lib :  ITTAPI function not implemented: __itt_memory_read
24161 : 0xabc2f3c48fb2 : 2 : ittapi_config_apply_per_lib :  ITTAPI function not implemented: __itt_memory_write
24161 : 0xabc2f3c49bb2 : 2 : ittapi_config_apply_per_lib :  ITTAPI function not implemented: __itt_memory_update
24161 : 0xabc2f3c4cd2c : 2 : ittapi_config_apply_per_lib :  ITTAPI function not implemented: __itt_state_get
24161 : 0xabc2f3c4d97e : 2 : ittapi_config_apply_per_lib :  ITTAPI function not implemented: __itt_state_set
24161 : 0xabc2f3c4e41a : 2 : ittapi_config_apply_per_lib :  ITTAPI function not implemented: __itt_obj_mode_set
24161 : 0xabc2f3c4efea : 2 : ittapi_config_apply_per_lib :  ITTAPI function not implemented: __itt_thr_mode_set
24161 : 0xabc2f3c4f9a0 : 2 : ittapi_config_apply_per_lib :  ITTAPI function instrumented: __itt_frame_create
24161 : 0xabc2f3c503d4 : 2 : ittapi_config_apply_per_lib :  ITTAPI function instrumented: __itt_frame_begin
24161 : 0xabc2f3c50e0c : 2 : ittapi_config_apply_per_lib :  ITTAPI function instrumented: __itt_frame_end
24161 : 0xabc2f3c5163e : 2 : ittapi_config_apply_per_lib :  ITTAPI function NOT instrumented (not matched by --itt-config option): __itt_counter_destroy

24161 : 0xabc2f3c51f71 : 2 : ittapi_config_apply_per_lib :  ITTAPI function NOT instrumented (not matched by --itt-config option): __itt_counter_inc

24161 : 0xabc2f3c527ea : 2 : ittapi_config_apply_per_lib :  ITTAPI function NOT instrumented (not matched by --itt-config option): __itt_counter_inc_delta

24161 : 0xabc2f3c54c2a : 2 : ittapi_config_apply_per_lib :  ITTAPI function NOT instrumented (not matched by --itt-config option): __itt_counter_dec

24161 : 0xabc2f3c5552f : 2 : ittapi_config_apply_per_lib :  ITTAPI function NOT instrumented (not matched by --itt-config option): __itt_counter_dec_delta

24161 : 0xabc2f3c55d2e : 2 : ittapi_config_apply_per_lib :  ITTAPI function NOT instrumented (not matched by --itt-config option): __itt_counter_set_value

24161 : 0xabc2f3c5653d : 2 : ittapi_config_apply_per_lib :  ITTAPI function NOT instrumented (not matched by --itt-config option): __itt_counter_set_value_ex

24161 : 0xabc2f3c570ce : 2 : ittapi_config_apply_per_lib :  ITTAPI function not implemented: __itt_mark_create
24161 : 0xabc2f3c57cfd : 2 : ittapi_config_apply_per_lib :  ITTAPI function not implemented: __itt_mark
24161 : 0xabc2f3c58a3e : 2 : ittapi_config_apply_per_lib :  ITTAPI function not implemented: __itt_mark_off
24161 : 0xabc2f3c595d7 : 2 : ittapi_config_apply_per_lib :  ITTAPI function not implemented: __itt_mark_global
24161 : 0xabc2f3c5a22e : 2 : ittapi_config_apply_per_lib :  ITTAPI function not implemented: __itt_mark_global_off
24161 : 0xabc2f3c5add3 : 2 : ittapi_config_apply_per_lib :  ITTAPI function instrumented: __itt_stack_caller_create
24161 : 0xabc2f3c5d37f : 2 : ittapi_config_apply_per_lib :  ITTAPI function instrumented: __itt_stack_caller_destroy
24161 : 0xabc2f3c5df09 : 2 : ittapi_config_apply_per_lib :  ITTAPI function instrumented: __itt_stack_callee_enter
24161 : 0xabc2f3c5e9c4 : 2 : ittapi_config_apply_per_lib :  ITTAPI function instrumented: __itt_stack_callee_leave
24161 : 0xabc2f3c5f55b : 2 : ittapi_config_apply_per_lib :  ITTAPI function not implemented: __itt_clock_domain_create
24161 : 0xabc2f3c60219 : 2 : ittapi_config_apply_per_lib :  ITTAPI function not implemented: __itt_clock_domain_reset
24161 : 0xabc2f3c60d75 : 2 : ittapi_config_apply_per_lib :  ITTAPI function not implemented: __itt_id_create_ex
24161 : 0xabc2f3c618d9 : 2 : ittapi_config_apply_per_lib :  ITTAPI function not implemented: __itt_id_destroy_ex
24161 : 0xabc2f3c62102 : 2 : ittapi_config_apply_per_lib :  ITTAPI function NOT instrumented (not matched by --itt-config option): __itt_task_begin_ex

24161 : 0xabc2f3c62973 : 2 : ittapi_config_apply_per_lib :  ITTAPI function NOT instrumented (not matched by --itt-config option): __itt_task_begin_fn_ex

24161 : 0xabc2f3c631f3 : 2 : ittapi_config_apply_per_lib :  ITTAPI function NOT instrumented (not matched by --itt-config option): __itt_task_end_ex

24161 : 0xabc2f3c6549a : 2 : ittapi_config_apply_per_lib :  ITTAPI function NOT instrumented (not matched by --itt-config option): __itt_task_begin_overlapped

24161 : 0xabc2f3c65d83 : 2 : ittapi_config_apply_per_lib :  ITTAPI function NOT instrumented (not matched by --itt-config option): __itt_task_begin_overlapped_ex

24161 : 0xabc2f3c665fc : 2 : ittapi_config_apply_per_lib :  ITTAPI function NOT instrumented (not matched by --itt-config option): __itt_task_end_overlapped

24161 : 0xabc2f3c66e27 : 2 : ittapi_config_apply_per_lib :  ITTAPI function NOT instrumented (not matched by --itt-config option): __itt_task_end_overlapped_ex

24161 : 0xabc2f3c67a5c : 2 : ittapi_config_apply_per_lib :  ITTAPI function not implemented: __itt_marker_ex
24161 : 0xabc2f3c68689 : 2 : ittapi_config_apply_per_lib :  ITTAPI function not implemented: __itt_metadata_add_with_scope
24161 : 0xabc2f3c69323 : 2 : ittapi_config_apply_per_lib :  ITTAPI function not implemented: __itt_metadata_str_add_with_scope
24161 : 0xabc2f3c6a023 : 2 : ittapi_config_apply_per_lib :  ITTAPI function not implemented: __itt_relation_add_to_current_ex
24161 : 0xabc2f3c6abba : 2 : ittapi_config_apply_per_lib :  ITTAPI function not implemented: __itt_relation_add_ex
24161 : 0xabc2f3c6b779 : 2 : ittapi_config_apply_per_lib :  ITTAPI function not implemented: __itt_track_group_create
24161 : 0xabc2f3c6e720 : 2 : ittapi_config_apply_per_lib :  ITTAPI function not implemented: __itt_track_create
24161 : 0xabc2f3c6f353 : 2 : ittapi_config_apply_per_lib :  ITTAPI function not implemented: __itt_set_track
24161 : 0xabc2f3c6fd96 : 2 : ittapi_config_apply_per_lib :  ITTAPI function instrumented: __itt_api_version
24161 : 0xabc2f3c708bf : 2 : ittapi_config_apply_per_lib :  ITTAPI function not implemented: __itt_av_save
24161 : 0xabc2f3c712e0 : 2 : ittapi_config_apply_per_lib :  ITTAPI function instrumented: __itt_module_load
24161 : 0xabc2f3cd7a22 : 2 : ittapi_config_mask_get :  --itt-config mask to be applied: 17
24161 : 0xabc2f3cd8f40 : 2 : ittapi_config_apply_per_lib :  ITTAPI function instrumented: __itt_domain_create
24161 : 0xabc2f3cd9a91 : 2 : ittapi_config_apply_per_lib :  ITTAPI function instrumented: __itt_string_handle_create
24161 : 0xabc2f3cda5f3 : 2 : ittapi_config_apply_per_lib :  ITTAPI function instrumented: __itt_pause
24161 : 0xabc2f3cdb02c : 2 : ittapi_config_apply_per_lib :  ITTAPI function instrumented: __itt_resume
24161 : 0xabc2f3cdee5b : 2 : ittapi_config_apply_per_lib :  ITTAPI function instrumented: __itt_thread_set_name
24161 : 0xabc2f3cdfb1d : 2 : ittapi_config_apply_per_lib :  ITTAPI function instrumented: __itt_thread_ignore
24161 : 0xabc2f3ce05c6 : 2 : ittapi_config_apply_per_lib :  ITTAPI function instrumented: __itt_thr_name_set
24161 : 0xabc2f3ce10bc : 2 : ittapi_config_apply_per_lib :  ITTAPI function instrumented: __itt_thr_ignore
24161 : 0xabc2f3ce1f4d : 2 : ittapi_config_apply_per_lib :  ITTAPI function not implemented: __itt_enable_attach
24161 : 0xabc2f3ce2af4 : 2 : ittapi_config_apply_per_lib :  ITTAPI function instrumented: __itt_detach
24161 : 0xabc2f3ce3434 : 2 : ittapi_config_apply_per_lib :  ITTAPI function NOT instrumented (not matched by --itt-config option): __itt_sync_create

24161 : 0xabc2f3ce3d5c : 2 : ittapi_config_apply_per_lib :  ITTAPI function NOT instrumented (not matched by --itt-config option): __itt_sync_rename

24161 : 0xabc2f3ce460c : 2 : ittapi_config_apply_per_lib :  ITTAPI function NOT instrumented (not matched by --itt-config option): __itt_sync_destroy

24161 : 0xabc2f3ce4e73 : 2 : ittapi_config_apply_per_lib :  ITTAPI function NOT instrumented (not matched by --itt-config option): __itt_sync_prepare

24161 : 0xabc2f3ce7263 : 2 : ittapi_config_apply_per_lib :  ITTAPI function NOT instrumented (not matched by --itt-config option): __itt_sync_cancel

24161 : 0xabc2f3ce7b52 : 2 : ittapi_config_apply_per_lib :  ITTAPI function NOT instrumented (not matched by --itt-config option): __itt_sync_acquired

24161 : 0xabc2f3ce83b9 : 2 : ittapi_config_apply_per_lib :  ITTAPI function NOT instrumented (not matched by --itt-config option): __itt_sync_releasing

24161 : 0xabc2f3ce909b : 2 : ittapi_config_apply_per_lib :  ITTAPI function not implemented: __itt_suppress_push
24161 : 0xabc2f3ce9dd8 : 2 : ittapi_config_apply_per_lib :  ITTAPI function not implemented: __itt_suppress_pop
24161 : 0xabc2f3ceab06 : 2 : ittapi_config_apply_per_lib :  ITTAPI function not implemented: __itt_suppress_mark_range
24161 : 0xabc2f3ceb737 : 2 : ittapi_config_apply_per_lib :  ITTAPI function not implemented: __itt_suppress_clear_range
24161 : 0xabc2f3cebfdc : 2 : ittapi_config_apply_per_lib :  ITTAPI function NOT instrumented (not matched by --itt-config option): __itt_sync_prepare

24161 : 0xabc2f3cec859 : 2 : ittapi_config_apply_per_lib :  ITTAPI function NOT instrumented (not matched by --itt-config option): __itt_sync_cancel

24161 : 0xabc2f3ced063 : 2 : ittapi_config_apply_per_lib :  ITTAPI function NOT instrumented (not matched by --itt-config option): __itt_sync_acquired

24161 : 0xabc2f3cf04cd : 2 : ittapi_config_apply_per_lib :  ITTAPI function NOT instrumented (not matched by --itt-config option): __itt_sync_releasing

24161 : 0xabc2f3cf13d0 : 2 : ittapi_config_apply_per_lib :  ITTAPI function not implemented: __itt_model_site_begin
24161 : 0xabc2f3cf202d : 2 : ittapi_config_apply_per_lib :  ITTAPI function not implemented: __itt_model_site_end
24161 : 0xabc2f3cf2c3c : 2 : ittapi_config_apply_per_lib :  ITTAPI function not implemented: __itt_model_task_begin
24161 : 0xabc2f3cf37cd : 2 : ittapi_config_apply_per_lib :  ITTAPI function not implemented: __itt_model_task_end
24161 : 0xabc2f3cf436c : 2 : ittapi_config_apply_per_lib :  ITTAPI function not implemented: __itt_model_lock_acquire
24161 : 0xabc2f3cf4ee7 : 2 : ittapi_config_apply_per_lib :  ITTAPI function not implemented: __itt_model_lock_release
24161 : 0xabc2f3cf5adf : 2 : ittapi_config_apply_per_lib :  ITTAPI function not implemented: __itt_model_record_allocation
24161 : 0xabc2f3cf67bb : 2 : ittapi_config_apply_per_lib :  ITTAPI function not implemented: __itt_model_record_deallocation
24161 : 0xabc2f3cf73ee : 2 : ittapi_config_apply_per_lib :  ITTAPI function not implemented: __itt_model_induction_uses
24161 : 0xabc2f3cf9d29 : 2 : ittapi_config_apply_per_lib :  ITTAPI function not implemented: __itt_model_reduction_uses
24161 : 0xabc2f3cfa947 : 2 : ittapi_config_apply_per_lib :  ITTAPI function not implemented: __itt_model_observe_uses
24161 : 0xabc2f3cfb4ad : 2 : ittapi_config_apply_per_lib :  ITTAPI function not implemented: __itt_model_clear_uses
24161 : 0xabc2f3cfc12a : 2 : ittapi_config_apply_per_lib :  ITTAPI function not implemented: __itt_model_site_beginA
24161 : 0xabc2f3cfcd20 : 2 : ittapi_config_apply_per_lib :  ITTAPI function not implemented: __itt_model_site_beginAL
24161 : 0xabc2f3cfd918 : 2 : ittapi_config_apply_per_lib :  ITTAPI function not implemented: __itt_model_task_beginA
24161 : 0xabc2f3cfe5a4 : 2 : ittapi_config_apply_per_lib :  ITTAPI function not implemented: __itt_model_task_beginAL
24161 : 0xabc2f3cff1a2 : 2 : ittapi_config_apply_per_lib :  ITTAPI function not implemented: __itt_model_iteration_taskA
24161 : 0xabc2f3cffd24 : 2 : ittapi_config_apply_per_lib :  ITTAPI function not implemented: __itt_model_iteration_taskAL
24161 : 0xabc2f3d00919 : 2 : ittapi_config_apply_per_lib :  ITTAPI function not implemented: __itt_model_site_end_2
24161 : 0xabc2f3d02efe : 2 : ittapi_config_apply_per_lib :  ITTAPI function not implemented: __itt_model_task_end_2
24161 : 0xabc2f3d03c3b : 2 : ittapi_config_apply_per_lib :  ITTAPI function not implemented: __itt_model_lock_acquire_2
24161 : 0xabc2f3d04815 : 2 : ittapi_config_apply_per_lib :  ITTAPI function not implemented: __itt_model_lock_release_2
24161 : 0xabc2f3d05388 : 2 : ittapi_config_apply_per_lib :  ITTAPI function not implemented: __itt_model_aggregate_task
24161 : 0xabc2f3d05f29 : 2 : ittapi_config_apply_per_lib :  ITTAPI function not implemented: __itt_model_disable_push
24161 : 0xabc2f3d06a83 : 2 : ittapi_config_apply_per_lib :  ITTAPI function not implemented: __itt_model_disable_pop
24161 : 0xabc2f3d074b9 : 2 : ittapi_config_apply_per_lib :  ITTAPI function instrumented: __itt_heap_function_create
24161 : 0xabc2f3d07f4d : 2 : ittapi_config_apply_per_lib :  ITTAPI function instrumented: __itt_heap_allocate_begin
24161 : 0xabc2f3d089a9 : 2 : ittapi_config_apply_per_lib :  ITTAPI function instrumented: __itt_heap_allocate_end
24161 : 0xabc2f3d094bd : 2 : ittapi_config_apply_per_lib :  ITTAPI function instrumented: __itt_heap_free_begin
24161 : 0xabc2f3d100f4 : 2 : ittapi_config_apply_per_lib :  ITTAPI function instrumented: __itt_heap_free_end
24161 : 0xabc2f3d10d5c : 2 : ittapi_config_apply_per_lib :  ITTAPI function instrumented: __itt_heap_reallocate_begin
24161 : 0xabc2f3d118c4 : 2 : ittapi_config_apply_per_lib :  ITTAPI function instrumented: __itt_heap_reallocate_end
24161 : 0xabc2f3d125a9 : 2 : ittapi_config_apply_per_lib :  ITTAPI function not implemented: __itt_heap_internal_access_begin
24161 : 0xabc2f3d13247 : 2 : ittapi_config_apply_per_lib :  ITTAPI function not implemented: __itt_heap_internal_access_end
24161 : 0xabc2f3d13f0e : 2 : ittapi_config_apply_per_lib :  ITTAPI function not implemented: __itt_heap_record_memory_growth_begin
24161 : 0xabc2f3d14bce : 2 : ittapi_config_apply_per_lib :  ITTAPI function not implemented: __itt_heap_record_memory_growth_end
24161 : 0xabc2f3d157e6 : 2 : ittapi_config_apply_per_lib :  ITTAPI function not implemented: __itt_heap_reset_detection
24161 : 0xabc2f3d16374 : 2 : ittapi_config_apply_per_lib :  ITTAPI function not implemented: __itt_heap_record
24161 : 0xabc2f3d16f16 : 2 : ittapi_config_apply_per_lib :  ITTAPI function not implemented: __itt_id_create
24161 : 0xabc2f3d1987d : 2 : ittapi_config_apply_per_lib :  ITTAPI function not implemented: __itt_id_destroy
24161 : 0xabc2f3d1a3db : 2 : ittapi_config_apply_per_lib :  ITTAPI function instrumented: __itt_get_timestamp
24161 : 0xabc2f3d1aeb6 : 2 : ittapi_config_apply_per_lib :  ITTAPI function not implemented: __itt_region_begin
24161 : 0xabc2f3d1ba62 : 2 : ittapi_config_apply_per_lib :  ITTAPI function not implemented: __itt_region_end
24161 : 0xabc2f3d1c4eb : 2 : ittapi_config_apply_per_lib :  ITTAPI function instrumented: __itt_frame_begin_v3
24161 : 0xabc2f3d1cf36 : 2 : ittapi_config_apply_per_lib :  ITTAPI function instrumented: __itt_frame_end_v3
24161 : 0xabc2f3d1da57 : 2 : ittapi_config_apply_per_lib :  ITTAPI function instrumented: __itt_frame_submit_v3
24161 : 0xabc2f3d1e32d : 2 : ittapi_config_apply_per_lib :  ITTAPI function NOT instrumented (not matched by --itt-config option): __itt_task_group

24161 : 0xabc2f3d1ec0b : 2 : ittapi_config_apply_per_lib :  ITTAPI function NOT instrumented (not matched by --itt-config option): __itt_task_begin

24161 : 0xabc2f3d1f4a6 : 2 : ittapi_config_apply_per_lib :  ITTAPI function NOT instrumented (not matched by --itt-config option): __itt_task_begin_fn

24161 : 0xabc2f3d21717 : 2 : ittapi_config_apply_per_lib :  ITTAPI function NOT instrumented (not matched by --itt-config option): __itt_task_end

24161 : 0xabc2f3d22054 : 2 : ittapi_config_apply_per_lib :  ITTAPI function NOT instrumented (not matched by --itt-config option): __itt_counter_inc_v3

24161 : 0xabc2f3d22930 : 2 : ittapi_config_apply_per_lib :  ITTAPI function NOT instrumented (not matched by --itt-config option): __itt_counter_inc_delta_v3

24161 : 0xabc2f3d235b6 : 2 : ittapi_config_apply_per_lib :  ITTAPI function not implemented: __itt_marker
24161 : 0xabc2f3d240e5 : 2 : ittapi_config_apply_per_lib :  ITTAPI function instrumented: __itt_metadata_add
24161 : 0xabc2f3d24cf4 : 2 : ittapi_config_apply_per_lib :  ITTAPI function not implemented: __itt_metadata_str_add
24161 : 0xabc2f3d25991 : 2 : ittapi_config_apply_per_lib :  ITTAPI function not implemented: __itt_relation_add_to_current
24161 : 0xabc2f3d2653b : 2 : ittapi_config_apply_per_lib :  ITTAPI function not implemented: __itt_relation_add
24161 : 0xabc2f3d26fae : 2 : ittapi_config_apply_per_lib :  ITTAPI function instrumented: __itt_event_create
24161 : 0xabc2f3d277ec : 2 : ittapi_config_apply_per_lib :  ITTAPI function NOT instrumented (not matched by --itt-config option): __itt_event_start

24161 : 0xabc2f3d29a7c : 2 : ittapi_config_apply_per_lib :  ITTAPI function NOT instrumented (not matched by --itt-config option): __itt_event_end

24161 : 0xabc2f3d2a383 : 2 : ittapi_config_apply_per_lib :  ITTAPI function NOT instrumented (not matched by --itt-config option): __itt_sync_set_name

24161 : 0xabc2f3d2abe1 : 2 : ittapi_config_apply_per_lib :  ITTAPI function NOT instrumented (not matched by --itt-config option): __itt_notify_sync_name

24161 : 0xabc2f3d2b509 : 2 : ittapi_config_apply_per_lib :  ITTAPI function NOT instrumented (not matched by --itt-config option): __itt_notify_sync_prepare

24161 : 0xabc2f3d2be07 : 2 : ittapi_config_apply_per_lib :  ITTAPI function NOT instrumented (not matched by --itt-config option): __itt_notify_sync_cancel

24161 : 0xabc2f3d2c6a0 : 2 : ittapi_config_apply_per_lib :  ITTAPI function NOT instrumented (not matched by --itt-config option): __itt_notify_sync_acquired

24161 : 0xabc2f3d2cf2c : 2 : ittapi_config_apply_per_lib :  ITTAPI function NOT instrumented (not matched by --itt-config option): __itt_notify_sync_releasing

24161 : 0xabc2f3d2db8e : 2 : ittapi_config_apply_per_lib :  ITTAPI function not implemented: __itt_memory_read
24161 : 0xabc2f3d2e703 : 2 : ittapi_config_apply_per_lib :  ITTAPI function not implemented: __itt_memory_write
24161 : 0xabc2f3d2f29c : 2 : ittapi_config_apply_per_lib :  ITTAPI function not implemented: __itt_memory_update
24161 : 0xabc2f3d322f4 : 2 : ittapi_config_apply_per_lib :  ITTAPI function not implemented: __itt_state_get
24161 : 0xabc2f3d32ee3 : 2 : ittapi_config_apply_per_lib :  ITTAPI function not implemented: __itt_state_set
24161 : 0xabc2f3d33a35 : 2 : ittapi_config_apply_per_lib :  ITTAPI function not implemented: __itt_obj_mode_set
24161 : 0xabc2f3d345ac : 2 : ittapi_config_apply_per_lib :  ITTAPI function not implemented: __itt_thr_mode_set
24161 : 0xabc2f3d34f92 : 2 : ittapi_config_apply_per_lib :  ITTAPI function instrumented: __itt_frame_create
24161 : 0xabc2f3d359be : 2 : ittapi_config_apply_per_lib :  ITTAPI function instrumented: __itt_frame_begin
24161 : 0xabc2f3d363bb : 2 : ittapi_config_apply_per_lib :  ITTAPI function instrumented: __itt_frame_end
24161 : 0xabc2f3d36e86 : 2 : ittapi_config_apply_per_lib :  ITTAPI function instrumented: __itt_counter_create
24161 : 0xabc2f3d376c4 : 2 : ittapi_config_apply_per_lib :  ITTAPI function NOT instrumented (not matched by --itt-config option): __itt_counter_destroy

24161 : 0xabc2f3d37ff4 : 2 : ittapi_config_apply_per_lib :  ITTAPI function NOT instrumented (not matched by --itt-config option): __itt_counter_inc

24161 : 0xabc2f3d3a3a1 : 2 : ittapi_config_apply_per_lib :  ITTAPI function NOT instrumented (not matched by --itt-config option): __itt_counter_inc_delta

24161 : 0xabc2f3d3b009 : 2 : ittapi_config_apply_per_lib :  ITTAPI function not implemented: __itt_mark_create
24161 : 0xabc2f3d3bc16 : 2 : ittapi_config_apply_per_lib :  ITTAPI function not implemented: __itt_mark
24161 : 0xabc2f3d3c8ce : 2 : ittapi_config_apply_per_lib :  ITTAPI function not implemented: __itt_mark_off
24161 : 0xabc2f3d3d430 : 2 : ittapi_config_apply_per_lib :  ITTAPI function not implemented: __itt_mark_global
24161 : 0xabc2f3d3e01d : 2 : ittapi_config_apply_per_lib :  ITTAPI function not implemented: __itt_mark_global_off
24161 : 0xabc2f3d3eb84 : 2 : ittapi_config_apply_per_lib :  ITTAPI function instrumented: __itt_stack_caller_create
24161 : 0xabc2f3d3f608 : 2 : ittapi_config_apply_per_lib :  ITTAPI function instrumented: __itt_stack_caller_destroy
24161 : 0xabc2f3d4015b : 2 : ittapi_config_apply_per_lib :  ITTAPI function instrumented: __itt_stack_callee_enter
24161 : 0xabc2f3d40c2c : 2 : ittapi_config_apply_per_lib :  ITTAPI function instrumented: __itt_stack_callee_leave
24161 : 0xabc2f3d4321f : 2 : ittapi_config_apply_per_lib :  ITTAPI function not implemented: __itt_clock_domain_create
24161 : 0xabc2f3d43f4b : 2 : ittapi_config_apply_per_lib :  ITTAPI function not implemented: __itt_clock_domain_reset
24161 : 0xabc2f3d44a9a : 2 : ittapi_config_apply_per_lib :  ITTAPI function not implemented: __itt_id_create_ex
24161 : 0xabc2f3d45653 : 2 : ittapi_config_apply_per_lib :  ITTAPI function not implemented: __itt_id_destroy_ex
24161 : 0xabc2f3d45e82 : 2 : ittapi_config_apply_per_lib :  ITTAPI function NOT instrumented (not matched by --itt-config option): __itt_task_begin_ex

24161 : 0xabc2f3d466f1 : 2 : ittapi_config_apply_per_lib :  ITTAPI function NOT instrumented (not matched by --itt-config option): __itt_task_begin_fn_ex

24161 : 0xabc2f3d46fbe : 2 : ittapi_config_apply_per_lib :  ITTAPI function NOT instrumented (not matched by --itt-config option): __itt_task_end_ex

24161 : 0xabc2f3d4780b : 2 : ittapi_config_apply_per_lib :  ITTAPI function NOT instrumented (not matched by --itt-config option): __itt_task_begin_overlapped

24161 : 0xabc2f3d4807e : 2 : ittapi_config_apply_per_lib :  ITTAPI function NOT instrumented (not matched by --itt-config option): __itt_task_begin_overlapped_ex

24161 : 0xabc2f3d488da : 2 : ittapi_config_apply_per_lib :  ITTAPI function NOT instrumented (not matched by --itt-config option): __itt_task_end_overlapped

24161 : 0xabc2f3d4b4a1 : 2 : ittapi_config_apply_per_lib :  ITTAPI function NOT instrumented (not matched by --itt-config option): __itt_task_end_overlapped_ex

24161 : 0xabc2f3d4c2c0 : 2 : ittapi_config_apply_per_lib :  ITTAPI function not implemented: __itt_marker_ex
24161 : 0xabc2f3d4cf3c : 2 : ittapi_config_apply_per_lib :  ITTAPI function not implemented: __itt_metadata_add_with_scope
24161 : 0xabc2f3d4dc3a : 2 : ittapi_config_apply_per_lib :  ITTAPI function not implemented: __itt_metadata_str_add_with_scope
24161 : 0xabc2f3d4e99d : 2 : ittapi_config_apply_per_lib :  ITTAPI function not implemented: __itt_relation_add_to_current_ex
24161 : 0xabc2f3d4f5bb : 2 : ittapi_config_apply_per_lib :  ITTAPI function not implemented: __itt_relation_add_ex
24161 : 0xabc2f3d50199 : 2 : ittapi_config_apply_per_lib :  ITTAPI function not implemented: __itt_track_group_create
24161 : 0xabc2f3d50cd3 : 2 : ittapi_config_apply_per_lib :  ITTAPI function not implemented: __itt_track_create
24161 : 0xabc2f3d51831 : 2 : ittapi_config_apply_per_lib :  ITTAPI function not implemented: __itt_set_track
24161 : 0xabc2f3d522c2 : 2 : ittapi_config_apply_per_lib :  ITTAPI function instrumented: __itt_api_version
24161 : 0xabc2f3d54a14 : 2 : ittapi_config_apply_per_lib :  ITTAPI function not implemented: __itt_av_save