
17957 : 0x3636fdadb8a : 1 : spill_jit_data :  Jit agent is not initialized
17957 : 0x3636fdc1450 : 2 : ittapi_config_mask_get :  --itt-config mask to be applied: 17
17957 : 0x3636fdc454e : 2 : ittapi_config_apply_per_lib :  ITTAPI function instrumented: __itt_domain_create
17957 : 0x3636fdc5030 : 2 : ittapi_config_apply_per_lib :  ITTAPI function instrumented: __itt_string_handle_create
17957 : 0x3636fdc57de : 2 : ittapi_config_apply_per_lib :  ITTAPI function instrumented: __itt_pause
17957 : 0x3636fdc6077 : 2 : ittapi_config_apply_per_lib :  ITTAPI function instrumented: __itt_resume
17957 : 0x3636fdc67ac : 2 : ittapi_config_apply_per_lib :  ITTAPI function instrumented: __itt_thread_set_name
17957 : 0x3636fdc6fa1 : 2 : ittapi_config_apply_per_lib :  ITTAPI function instrumented: __itt_thread_ignore
17957 : 0x3636fdc776d : 2 : ittapi_config_apply_per_lib :  ITTAPI function instrumented: __itt_thr_name_set
17957 : 0x3636fdc7f15 : 2 : ittapi_config_apply_per_lib :  ITTAPI function instrumented: __itt_thr_ignore
17957 : 0x3636fdd1e9e : 2 : ittapi_config_apply_per_lib :  ITTAPI function not implemented: __itt_enable_attach
17957 : 0x3636fdd3155 : 2 : ittapi_config_apply_per_lib :  ITTAPI function instrumented: __itt_detach
17957 : 0x3636fdd36fb : 2 : ittapi_config_apply_per_lib :  ITTAPI function NOT instrumented (not matched by --itt-config option): __itt_sync_create

17957 : 0x3636fdd3d93 : 2 : ittapi_config_apply_per_lib :  ITTAPI function NOT instrumented (not matched by --itt-config option): __itt_sync_rename

17957 : 0x3636fdd4399 : 2 : ittapi_config_apply_per_lib :  ITTAPI function NOT instrumented (not matched by --itt-config option): __itt_sync_destroy

17957 : 0x3636fdd494b : 2 : ittapi_config_apply_per_lib :  ITTAPI function NOT instrumented (not matched by --itt-config option): __itt_sync_prepare

17957 : 0x3636fdd4eb4 : 2 : ittapi_config_apply_per_lib :  ITTAPI function NOT instrumented (not matched by --itt-config option): __itt_sync_cancel

17957 : 0x3636fdd542b : 2 : ittapi_config_apply_per_lib :  ITTAPI function NOT instrumented (not matched by --itt-config option): __itt_sync_acquired

17957 : 0x3636fdd59c5 : 2 : ittapi_config_apply_per_lib :  ITTAPI function NOT instrumented (not matched by --itt-config option): __itt_sync_releasing

17957 : 0x3636fdd62f3 : 2 : ittapi_config_apply_per_lib :  ITTAPI function not implemented: __itt_suppress_push
17957 : 0x3636fdd88e5 : 2 : ittapi_config_apply_per_lib :  ITTAPI function not implemented: __itt_suppress_pop
17957 : 0x3636fdd924f : 2 : ittapi_config_apply_per_lib :  ITTAPI function not implemented: __itt_suppress_mark_range
17957 : 0x3636fdd99fc : 2 : ittapi_config_apply_per_lib :  ITTAPI function not implemented: __itt_suppress_clear_range
17957 : 0x3636fdd9f49 : 2 : ittapi_config_apply_per_lib :  ITTAPI function NOT instrumented (not matched by --itt-config option): __itt_sync_prepare

17957 : 0x3636fdda4ce : 2 : ittapi_config_apply_per_lib :  ITTAPI function NOT instrumented (not matched by --itt-config option): __itt_sync_cancel

17957 : 0x3636fddaac6 : 2 : ittapi_config_apply_per_lib :  ITTAPI function NOT instrumented (not matched by --itt-config option): __itt_sync_acquired

17957 : 0x3636fddb018 : 2 : ittapi_config_apply_per_lib :  ITTAPI function NOT instrumented (not matched by --itt-config option): __itt_sync_releasing

17957 : 0x3636fddbafd : 2 : ittapi_config_apply_per_lib :  ITTAPI function not implemented: __itt_model_site_begin
17957 : 0x3636fddc320 : 2 : ittapi_config_apply_per_lib :  ITTAPI function not implemented: __itt_model_site_end
17957 : 0x3636fddca56 : 2 : ittapi_config_apply_per_lib :  ITTAPI function not implemented: __itt_model_task_begin
17957 : 0x3636fdde48d : 2 : ittapi_config_apply_per_lib :  ITTAPI function not implemented: __itt_model_task_end
17957 : 0x3636fddec63 : 2 : ittapi_config_apply_per_lib :  ITTAPI function not implemented: __itt_model_lock_acquire
17957 : 0x3636fddf416 : 2 : ittapi_config_apply_per_lib :  ITTAPI function not implemented: __itt_model_lock_release
17957 : 0x3636fddfcf4 : 2 : ittapi_config_apply_per_lib :  ITTAPI function not implemented: __itt_model_record_allocation
17957 : 0x3636fde050b : 2 : ittapi_config_apply_per_lib :  ITTAPI function not implemented: __itt_model_record_deallocation
17957 : 0x3636fde0c6c : 2 : ittapi_config_apply_per_lib :  ITTAPI function not implemented: __itt_model_induction_uses
17957 : 0x3636fde135d : 2 : ittapi_config_apply_per_lib :  ITTAPI function not implemented: __itt_model_reduction_uses
17957 : 0x3636fde1a7d : 2 : ittapi_config_apply_per_lib :  ITTAPI function not implemented: __itt_model_observe_uses
17957 : 0x3636fde21b6 : 2 : ittapi_config_apply_per_lib :  ITTAPI function not implemented: __itt_model_clear_uses
17957 : 0x3636fde297d : 2 : ittapi_config_apply_per_lib :  ITTAPI function not implemented: __itt_model_site_beginA
17957 : 0x3636fde5041 : 2 : ittapi_config_apply_per_lib :  ITTAPI function not implemented: __itt_model_site_beginAL
17957 : 0x3636fde57cd : 2 : ittapi_config_apply_per_lib :  ITTAPI function not implemented: __itt_model_task_beginA
17957 : 0x3636fde5fa1 : 2 : ittapi_config_apply_per_lib :  ITTAPI function not implemented: __itt_model_task_beginAL
17957 : 0x3636fde66ed : 2 : ittapi_config_apply_per_lib :  ITTAPI function not implemented: __itt_model_iteration_taskA
17957 : 0x3636fde6e25 : 2 : ittapi_config_apply_per_lib :  ITTAPI function not implemented: __itt_model_iteration_taskAL
17957 : 0x3636fde756d : 2 : ittapi_config_apply_per_lib :  ITTAPI function not implemented: __itt_model_site_end_2
17957 : 0x3636fde7bfc : 2 : ittapi_config_apply_per_lib :  ITTAPI function not implemented: __itt_model_task_end_2
17957 : 0x3636fde8493 : 2 : ittapi_config_apply_per_lib :  ITTAPI function not implemented: __itt_model_lock_acquire_2
17957 : 0x3636fde8bef : 2 : ittapi_config_apply_per_lib :  ITTAPI function not implemented: __itt_model_lock_release_2
17957 : 0x3636fde92e0 : 2 : ittapi_config_apply_per_lib :  ITTAPI function not implemented: __itt_model_aggregate_task
17957 : 0x3636fdeaeff : 2 : ittapi_config_apply_per_lib :  ITTAPI function not implemented: __itt_model_disable_push
17957 : 0x3636fdeb65e : 2 : ittapi_config_apply_per_lib :  ITTAPI function not implemented: __itt_model_disable_pop
17957 : 0x3636fdebcea : 2 : ittapi_config_apply_per_lib :  ITTAPI function instrumented: __itt_heap_function_create
17957 : 0x3636fdec3d6 : 2 : ittapi_config_apply_per_lib :  ITTAPI function instrumented: __itt_heap_allocate_begin
17957 : 0x3636fdeca28 : 2 : ittapi_config_apply_per_lib :  ITTAPI function instrumented: __itt_heap_allocate_end
17957 : 0x3636fded0d5 : 2 : ittapi_config_apply_per_lib :  ITTAPI function instrumented: __itt_heap_free_begin
17957 : 0x3636fded75f : 2 : ittapi_config_apply_per_lib :  ITTAPI function instrumented: __itt_heap_free_end
17957 : 0x3636fdede11 : 2 : ittapi_config_apply_per_lib :  ITTAPI function instrumented: __itt_heap_reallocate_begin
17957 : 0x3636fdee4c8 : 2 : ittapi_config_apply_per_lib :  ITTAPI function instrumented: __itt_heap_reallocate_end
17957 : 0x3636fdeec79 : 2 : ittapi_config_apply_per_lib :  ITTAPI function not implemented: __itt_heap_internal_access_begin
17957 : 0x3636fdf04f7 : 2 : ittapi_config_apply_per_lib :  ITTAPI function not implemented: __itt_heap_internal_access_end
17957 : 0x3636fdf0d83 : 2 : ittapi_config_apply_per_lib :  ITTAPI function not implemented: __itt_heap_record_memory_growth_begin
17957 : 0x3636fdf152e : 2 : ittapi_config_apply_per_lib :  ITTAPI function not implemented: __itt_heap_record_memory_growth_end
17957 : 0x3636fdf1d39 : 2 : ittapi_config_apply_per_lib :  ITTAPI function not implemented: __itt_heap_reset_detection
17957 : 0x3636fdf24f4 : 2 : ittapi_config_apply_per_lib :  ITTAPI function not implemented: __itt_heap_record
17957 : 0x3636fdf2c27 : 2 : ittapi_config_apply_per_lib :  ITTAPI function not implemented: __itt_id_create
17957 : 0x3636fdf333d : 2 : ittapi_config_apply_per_lib :  ITTAPI function not implemented: __itt_id_destroy
17957 : 0x3636fdf39f8 : 2 : ittapi_config_apply_per_lib :  ITTAPI function instrumented: __itt_get_timestamp
17957 : 0x3636fdf4095 : 2 : ittapi_config_apply_per_lib :  ITTAPI function not implemented: __itt_region_begin
17957 : 0x3636fdf47b7 : 2 : ittapi_config_apply_per_lib :  ITTAPI function not implemented: __itt_region_end
17957 : 0x3636fdf6a94 : 2 : ittapi_config_apply_per_lib :  ITTAPI function instrumented: __itt_frame_begin_v3
17957 : 0x3636fdf717a : 2 : ittapi_config_apply_per_lib :  ITTAPI function instrumented: __itt_frame_end_v3
17957 : 0x3636fdf7893 : 2 : ittapi_config_apply_per_lib :  ITTAPI function instrumented: __itt_frame_submit_v3
17957 : 0x3636fdf7d9c : 2 : ittapi_config_apply_per_lib :  ITTAPI function NOT instrumented (not matched by --itt-config option): __itt_task_group

17957 : 0x3636fdf833e : 2 : ittapi_config_apply_per_lib :  ITTAPI function NOT instrumented (not matched by --itt-config option): __itt_task_begin

17957 : 0x3636fdf882d : 2 : ittapi_config_apply_per_lib :  ITTAPI function NOT instrumented (not matched by --itt-config option): __itt_task_begin_fn

17957 : 0x3636fdf8d52 : 2 : ittapi_config_apply_per_lib :  ITTAPI function NOT instrumented (not matched by --itt-config option): __itt_task_end

17957 : 0x3636fdf92c7 : 2 : ittapi_config_apply_per_lib :  ITTAPI function NOT instrumented (not matched by --itt-config option): __itt_counter_inc_v3

17957 : 0x3636fdf97f2 : 2 : ittapi_config_apply_per_lib :  ITTAPI function NOT instrumented (not matched by --itt-config option): __itt_counter_inc_delta_v3

17957 : 0x3636fdf9f74 : 2 : ittapi_config_apply_per_lib :  ITTAPI function not implemented: __itt_marker
17957 : 0x3636fdfbaa1 : 2 : ittapi_config_apply_per_lib :  ITTAPI function instrumented: __itt_metadata_add
17957 : 0x3636fdfc263 : 2 : ittapi_config_apply_per_lib :  ITTAPI function not implemented: __itt_metadata_str_add
17957 : 0x3636fdfca08 : 2 : ittapi_config_apply_per_lib :  ITTAPI function not implemented: __itt_relation_add_to_current
17957 : 0x3636fdfd12c : 2 : ittapi_config_apply_per_lib :  ITTAPI function not implemented: __itt_relation_add
17957 : 0x3636fdfd74a : 2 : ittapi_config_apply_per_lib :  ITTAPI function instrumented: __itt_event_create
17957 : 0x3636fdfdc2c : 2 : ittapi_config_apply_per_lib :  ITTAPI function NOT instrumented (not matched by --itt-config option): __itt_event_start

17957 : 0x3636fdfe202 : 2 : ittapi_config_apply_per_lib :  ITTAPI function NOT instrumented (not matched by --itt-config option): __itt_event_end

17957 : 0x3636fdfe72a : 2 : ittapi_config_apply_per_lib :  ITTAPI function NOT instrumented (not matched by --itt-config option): __itt_sync_set_name

17957 : 0x3636fdfec4b : 2 : ittapi_config_apply_per_lib :  ITTAPI function NOT instrumented (not matched by --itt-config option): __itt_notify_sync_name

17957 : 0x3636fdff1a0 : 2 : ittapi_config_apply_per_lib :  ITTAPI function NOT instrumented (not matched by --itt-config option): __itt_notify_sync_prepare

17957 : 0x3636fe009cc : 2 : ittapi_config_apply_per_lib :  ITTAPI function NOT instrumented (not matched by --itt-config option): __itt_notify_sync_cancel

17957 : 0x3636fe00f33 : 2 : ittapi_config_apply_per_lib :  ITTAPI function NOT instrumented (not matched by --itt-config option): __itt_notify_sync_acquired

17957 : 0x3636fe01498 : 2 : ittapi_config_apply_per_lib :  ITTAPI function NOT instrumented (not matched by --itt-config option): __itt_notify_sync_releasing

17957 : 0x3636fe01bcc : 2 : ittapi_config_apply_per_lib :  ITTAPI function not implemented: __itt_memory_read
17957 : 0x3636fe02307 : 2 : ittapi_config_apply_per_lib :  ITTAPI function not implemented: __itt_memory_write
17957 : 0x3636fe02a9f : 2 : ittapi_config_apply_per_lib :  ITTAPI function not implemented: __itt_memory_update
17957 : 0x3636fe03260 : 2 : ittapi_config_apply_per_lib :  ITTAPI function not implemented: __itt_state_get
17957 : 0x3636fe039ab : 2 : ittapi_config_apply_per_lib :  ITTAPI function not implemented: __itt_state_set
17957 : 0x3636fe04078 : 2 : ittapi_config_apply_per_lib :  ITTAPI function not implemented: __itt_obj_mode_set
17957 : 0x3636fe04779 : 2 : ittapi_config_apply_per_lib :  ITTAPI function not implemented: __itt_thr_mode_set
17957 : 0x3636fe060e5 : 2 : ittapi_config_apply_per_lib :  ITTAPI function instrumented: __itt_frame_create
17957 : 0x3636fe0677b : 2 : ittapi_config_apply_per_lib :  ITTAPI function instrumented: __itt_frame_begin
17957 : 0x3636fe06dd5 : 2 : ittapi_config_apply_per_lib :  ITTAPI function instrumented: __itt_frame_end
17957 : 0x3636fe07478 : 2 : ittapi_config_apply_per_lib :  ITTAPI function instrumented: __itt_counter_create
17957 : 0x3636fe07999 : 2 : ittapi_config_apply_per_lib :  ITTAPI function NOT instrumented (not matched by --itt-config option): __itt_counter_destroy

17957 : 0x3636fe07f69 : 2 : ittapi_config_apply_per_lib :  ITTAPI function NOT instrumented (not matched by --itt-config option): __itt_counter_inc

17957 : 0x3636fe0846e : 2 : ittapi_config_apply_per_lib :  ITTAPI function NOT instrumented (not matched by --itt-config option): __itt_counter_inc_delta

17957 : 0x3636fe08d53 : 2 : ittapi_config_apply_per_lib :  ITTAPI function not implemented: __itt_mark_create
17957 : 0x3636fe09465 : 2 : ittapi_config_apply_per_lib :  ITTAPI function not implemented: __itt_mark
17957 : 0x3636fe09d32 : 2 : ittapi_config_apply_per_lib :  ITTAPI function not implemented: __itt_mark_off
17957 : 0x3636fe0c0f6 : 2 : ittapi_config_apply_per_lib :  ITTAPI function not implemented: __itt_mark_global
17957 : 0x3636fe0c94d : 2 : ittapi_config_apply_per_lib :  ITTAPI function not implemented: __itt_mark_global_off
17957 : 0x3636fe0d0ec : 2 : ittapi_config_apply_per_lib :  ITTAPI function instrumented: __itt_stack_caller_create
17957 : 0x3636fe0d7a9 : 2 : ittapi_config_apply_per_lib :  ITTAPI function instrumented: __itt_stack_caller_destroy
17957 : 0x3636fe0de8f : 2 : ittapi_config_apply_per_lib :  ITTAPI function instrumented: __itt_stack_callee_enter
17957 : 0x3636fe0e581 : 2 : ittapi_config_apply_per_lib :  ITTAPI function instrumented: __itt_stack_callee_leave
17957 : 0x3636fe0ec7b : 2 : ittapi_config_apply_per_lib :  ITTAPI function not implemented: __itt_clock_domain_create
17957 : 0x3636fe0f3e0 : 2 : ittapi_config_apply_per_lib :  ITTAPI function not implemented: __itt_clock_domain_reset
17957 : 0x3636fe0faba : 2 : ittapi_config_apply_per_lib :  ITTAPI function not implemented: __itt_id_create_ex
17957 : 0x3636fe1016a : 2 : ittapi_config_apply_per_lib :  ITTAPI function not implemented: __itt_id_destroy_ex
17957 : 0x3636fe11774 : 2 : ittapi_config_apply_per_lib :  ITTAPI function NOT instrumented (not matched by --itt-config option): __itt_task_begin_ex

17957 : 0x3636fe11d1b : 2 : ittapi_config_apply_per_lib :  ITTAPI function NOT instrumented (not matched by --itt-config option): __itt_task_begin_fn_ex

17957 : 0x3636fe12288 : 2 : ittapi_config_apply_per_lib :  ITTAPI function NOT instrumented (not matched by --itt-config option): __itt_task_end_ex

17957 : 0x3636fe1279d : 2 : ittapi_config_apply_per_lib :  ITTAPI function NOT instrumented (not matched by --itt-config option): __itt_task_begin_overlapped

17957 : 0x3636fe12cb4 : 2 : ittapi_config_apply_per_lib :  ITTAPI function NOT instrumented (not matched by --itt-config option): __itt_task_begin_overlapped_ex

17957 : 0x3636fe13192 : 2 : ittapi_config_apply_per_lib :  ITTAPI function NOT instrumented (not matched by --itt-config option): __itt_task_end_overlapped

17957 : 0x3636fe13681 : 2 : ittapi_config_apply_per_lib :  ITTAPI function NOT instrumented (not matched by --itt-config option): __itt_task_end_overlapped_ex

17957 : 0x3636fe13e26 : 2 : ittapi_config_apply_per_lib :  ITTAPI function not implemented: __itt_marker_ex
17957 : 0x3636fe14674 : 2 : ittapi_config_apply_per_lib :  ITTAPI function not implemented: __itt_metadata_add_with_scope
17957 : 0x3636fe14e6a : 2 : ittapi_config_apply_per_lib :  ITTAPI function not implemented: __itt_metadata_str_add_with_scope
17957 : 0x3636fe1671b : 2 : ittapi_config_apply_per_lib :  ITTAPI function not implemented: __itt_relation_add_to_current_ex
17957 : 0x3636fe16eaf : 2 : ittapi_config_apply_per_lib :  ITTAPI function not implemented: __itt_relation_add_ex
17957 : 0x3636fe1760d : 2 : ittapi_config_apply_per_lib :  ITTAPI function not implemented: __itt_track_group_create
17957 : 0x3636fe17d16 : 2 : ittapi_config_apply_per_lib :  ITTAPI function not implemented: __itt_track_create
17957 : 0x3636fe183fa : 2 : ittapi_config_apply_per_lib :  ITTAPI function not implemented: __itt_set_track
17957 : 0x3636fe18a26 : 2 : ittapi_config_apply_per_lib :  ITTAPI function instrumented: __itt_api_version
17957 : 0x3636fe1916e : 2 : ittapi_config_apply_per_lib :  ITTAPI function not implemented: __itt_av_save
17957 : 0x36370789cd3 : 2 : ittapi_config_mask_get :  --itt-config mask to be applied: 17
17957 : 0x3637078ae1b : 2 : ittapi_config_apply_per_lib :  ITTAPI function instrumented: __itt_domain_create
17957 : 0x3637078b591 : 2 : ittapi_config_apply_per_lib :  ITTAPI function instrumented: __itt_string_handle_create
17957 : 0x3637078ffd0 : 2 : ittapi_config_apply_per_lib :  ITTAPI function instrumented: __itt_pause
17957 : 0x36370790802 : 2 : ittapi_config_apply_per_lib :  ITTAPI function instrumented: __itt_resume
17957 : 0x36370790f32 : 2 : ittapi_config_apply_per_lib :  ITTAPI function instrumented: __itt_thread_set_name
17957 : 0x36370791643 : 2 : ittapi_config_apply_per_lib :  ITTAPI function instrumented: __itt_thread_ignore
17957 : 0x36370791cd7 : 2 : ittapi_config_apply_per_lib :  ITTAPI function instrumented: __itt_thr_name_set
17957 : 0x3637079235c : 2 : ittapi_config_apply_per_lib :  ITTAPI function instrumented: __itt_thr_ignore
17957 : 0x36370792d46 : 2 : ittapi_config_apply_per_lib :  ITTAPI function not implemented: __itt_enable_attach
17957 : 0x363707934b8 : 2 : ittapi_config_apply_per_lib :  ITTAPI function instrumented: __itt_detach
17957 : 0x363707939f5 : 2 : ittapi_config_apply_per_lib :  ITTAPI function NOT instrumented (not matched by --itt-config option): __itt_sync_create

17957 : 0x36370794007 : 2 : ittapi_config_apply_per_lib :  ITTAPI function NOT instrumented (not matched by --itt-config option): __itt_sync_rename

17957 : 0x36370795903 : 2 : ittapi_config_apply_per_lib :  ITTAPI function NOT instrumented (not matched by --itt-config option): __itt_sync_destroy

17957 : 0x36370795ee9 : 2 : ittapi_config_apply_per_lib :  ITTAPI function NOT instrumented (not matched by --itt-config option): __itt_sync_prepare

17957 : 0x36370796425 : 2 : ittapi_config_apply_per_lib :  ITTAPI function NOT instrumented (not matched by --itt-config option): __itt_sync_cancel

17957 : 0x36370796971 : 2 : ittapi_config_apply_per_lib :  ITTAPI function NOT instrumented (not matched by --itt-config option): __itt_sync_acquired

17957 : 0x36370796e65 : 2 : ittapi_config_apply_per_lib :  ITTAPI function NOT instrumented (not matched by --itt-config option): __itt_sync_releasing

17957 : 0x363707976b4 : 2 : ittapi_config_apply_per_lib :  ITTAPI function not implemented: __itt_suppress_push
17957 : 0x36370797f4a : 2 : ittapi_config_apply_per_lib :  ITTAPI function not implemented: __itt_suppress_pop
17957 : 0x363707986f7 : 2 : ittapi_config_apply_per_lib :  ITTAPI function not implemented: __itt_suppress_mark_range
17957 : 0x36370798e7f : 2 : ittapi_config_apply_per_lib :  ITTAPI function not implemented: __itt_suppress_clear_range
17957 : 0x363707993c3 : 2 : ittapi_config_apply_per_lib :  ITTAPI function NOT instrumented (not matched by --itt-config option): __itt_sync_prepare

17957 : 0x3637079a901 : 2 : ittapi_config_apply_per_lib :  ITTAPI function NOT instrumented (not matched by --itt-config option): __itt_sync_cancel

17957 : 0x3637079ae49 : 2 : ittapi_config_apply_per_lib :  ITTAPI function NOT instrumented (not matched by --itt-config option): __itt_sync_acquired

17957 : 0x3637079b331 : 2 : ittapi_config_apply_per_lib :  ITTAPI function NOT instrumented (not matched by --itt-config option): __itt_sync_releasing

17957 : 0x3637079bb1e : 2 : ittapi_config_apply_per_lib :  ITTAPI function not implemented: __itt_model_site_begin
17957 : 0x3637079c28d : 2 : ittapi_config_apply_per_lib :  ITTAPI function not implemented: __itt_model_site_end
17957 : 0x3637079c992 : 2 : ittapi_config_apply_per_lib :  ITTAPI function not implemented: __itt_model_task_begin
17957 : 0x3637079d0be : 2 : ittapi_config_apply_per_lib :  ITTAPI function not implemented: __itt_model_task_end
17957 : 0x3637079d7bb : 2 : ittapi_config_apply_per_lib :  ITTAPI function not implemented: __itt_model_lock_acquire
17957 : 0x3637079deeb : 2 : ittapi_config_apply_per_lib :  ITTAPI function not implemented: __itt_model_lock_release
17957 : 0x3637079e60c : 2 : ittapi_config_apply_per_lib :  ITTAPI function not implemented: __itt_model_record_allocation
17957 : 0x363707a0504 : 2 : ittapi_config_apply_per_lib :  ITTAPI function not implemented: __itt_model_record_deallocation
17957 : 0x363707a0c8f : 2 : ittapi_config_apply_per_lib :  ITTAPI function not implemented: __itt_model_induction_uses
17957 : 0x363707a1367 : 2 : ittapi_config_apply_per_lib :  ITTAPI function not implemented: __itt_model_reduction_uses
17957 : 0x363707a1a3d : 2 : ittapi_config_apply_per_lib :  ITTAPI function not implemented: __itt_model_observe_uses
17957 : 0x363707a219c : 2 : ittapi_config_apply_per_lib :  ITTAPI function not implemented: __itt_model_clear_uses
17957 : 0x363707a294f : 2 : ittapi_config_apply_per_lib :  ITTAPI function not implemented: __itt_model_site_beginA
17957 : 0x363707a30b9 : 2 : ittapi_config_apply_per_lib :  ITTAPI function not implemented: __itt_model_site_beginAL
17957 : 0x363707a37d3 : 2 : ittapi_config_apply_per_lib :  ITTAPI function not implemented: __itt_model_task_beginA
17957 : 0x363707a3f33 : 2 : ittapi_config_apply_per_lib :  ITTAPI function not implemented: __itt_model_task_beginAL
17957 : 0x363707a4653 : 2 : ittapi_config_apply_per_lib :  ITTAPI function not implemented: __itt_model_iteration_taskA
17957 : 0x363707a5e99 : 2 : ittapi_config_apply_per_lib :  ITTAPI function not implemented: __itt_model_iteration_taskAL
17957 : 0x363707a65ad : 2 : ittapi_config_apply_per_lib :  ITTAPI function not implemented: __itt_model_site_end_2
17957 : 0x363707a6c29 : 2 : ittapi_config_apply_per_lib :  ITTAPI function not implemented: __itt_model_task_end_2
17957 : 0x363707a7389 : 2 : ittapi_config_apply_per_lib :  ITTAPI function not implemented: __itt_model_lock_acquire_2
17957 : 0x363707a7aa2 : 2 : ittapi_config_apply_per_lib :  ITTAPI function not implemented: __itt_model_lock_release_2
17957 : 0x363707a8190 : 2 : ittapi_config_apply_per_lib :  ITTAPI function not implemented: __itt_model_aggregate_task
17957 : 0x363707a8894 : 2 : ittapi_config_apply_per_lib :  ITTAPI function not implemented: __itt_model_disable_push
17957 : 0x363707a8f7b : 2 : ittapi_config_apply_per_lib :  ITTAPI function not implemented: __itt_model_disable_pop
17957 : 0x363707a95aa : 2 : ittapi_config_apply_per_lib :  ITTAPI function instrumented: __itt_heap_function_create
17957 : 0x363707a9c5d : 2 : ittapi_config_apply_per_lib :  ITTAPI function instrumented: __itt_heap_allocate_begin
17957 : 0x363707ab23b : 2 : ittapi_config_apply_per_lib :  ITTAPI function instrumented: __itt_heap_allocate_end
17957 : 0x363707ab90d : 2 : ittapi_config_apply_per_lib :  ITTAPI function instrumented: __itt_heap_free_begin
17957 : 0x363707abef1 : 2 : ittapi_config_apply_per_lib :  ITTAPI function instrumented: __itt_heap_free_end
17957 : 0x363707ac54f : 2 : ittapi_config_apply_per_lib :  ITTAPI function instrumented: __itt_heap_reallocate_begin
17957 : 0x363707acba0 : 2 : ittapi_config_apply_per_lib :  ITTAPI function instrumented: __itt_heap_reallocate_end
17957 : 0x363707ad321 : 2 : ittapi_config_apply_per_lib :  ITTAPI function not implemented: __itt_heap_internal_access_begin
17957 : 0x363707adaad : 2 : ittapi_config_apply_per_lib :  ITTAPI function not implemented: __itt_heap_internal_access_end
17957 : 0x363707ae263 : 2 : ittapi_config_apply_per_lib :  ITTAPI function not implemented: __itt_heap_record_memory_growth_begin
17957 : 0x363707aea23 : 2 : ittapi_config_apply_per_lib :  ITTAPI function not implemented: __itt_heap_record_memory_growth_end
17957 : 0x363707af192 : 2 : ittapi_config_apply_per_lib :  ITTAPI function not implemented: __itt_heap_reset_detection
17957 : 0x363707b082c : 2 : ittapi_config_apply_per_lib :  ITTAPI function not implemented: __itt_heap_record
17957 : 0x363707b0f9d : 2 : ittapi_config_apply_per_lib :  ITTAPI function not implemented: __itt_id_create
17957 : 0x363707b169d : 2 : ittapi_config_apply_per_lib :  ITTAPI function not implemented: __itt_id_destroy
17957 : 0x363707b1cf5 : 2 : ittapi_config_apply_per_lib :  ITTAPI function instrumented: __itt_get_timestamp
17957 : 0x363707b23d0 : 2 : ittapi_config_apply_per_lib :  ITTAPI function not implemented: __itt_region_begin
17957 : 0x363707b2a81 : 2 : ittapi_config_apply_per_lib :  ITTAPI function not implemented: __itt_region_end
17957 : 0x363707b30f8 : 2 : ittapi_config_apply_per_lib :  ITTAPI function instrumented: __itt_frame_begin_v3
17957 : 0x363707b376b : 2 : ittapi_config_apply_per_lib :  ITTAPI function instrumented: __itt_frame_end_v3
17957 : 0x363707b3dc5 : 2 : ittapi_config_apply_per_lib :  ITTAPI function instrumented: __itt_frame_submit_v3
17957 : 0x363707b42c1 : 2 : ittapi_config_apply_per_lib :  ITTAPI function NOT instrumented (not matched by --itt-config option): __itt_task_group

17957 : 0x363707b5d94 : 2 : ittapi_config_apply_per_lib :  ITTAPI function NOT instrumented (not matched by --itt-config option): __itt_task_begin

17957 : 0x363707b634a : 2 : ittapi_config_apply_per_lib :  ITTAPI function NOT instrumented (not matched by --itt-config option): __itt_task_begin_fn

17957 : 0x363707b687d : 2 : ittapi_config_apply_per_lib :  ITTAPI function NOT instrumented (not matched by --itt-config option): __itt_task_end

17957 : 0x363707b6dac : 2 : ittapi_config_apply_per_lib :  ITTAPI function NOT instrumented (not matched by --itt-config option): __itt_counter_inc_v3

17957 : 0x363707b72fd : 2 : ittapi_config_apply_per_lib :  ITTAPI function NOT instrumented (not matched by --itt-config option): __itt_counter_inc_delta_v3

17957 : 0x363707b7af9 : 2 : ittapi_config_apply_per_lib :  ITTAPI function not implemented: __itt_marker
17957 : 0x363707b81bf : 2 : ittapi_config_apply_per_lib :  ITTAPI function instrumented: __itt_metadata_add
17957 : 0x363707b88fe : 2 : ittapi_config_apply_per_lib :  ITTAPI function not implemented: __itt_metadata_str_add
17957 : 0x363707b9051 : 2 : ittapi_config_apply_per_lib :  ITTAPI function not implemented: __itt_relation_add_to_current
17957 : 0x363707b9731 : 2 : ittapi_config_apply_per_lib :  ITTAPI function not implemented: __itt_relation_add
17957 : 0x363707bae1c : 2 : ittapi_config_apply_per_lib :  ITTAPI function instrumented: __itt_event_create
17957 : 0x363707bb367 : 2 : ittapi_config_apply_per_lib :  ITTAPI function NOT instrumented (not matched by --itt-config option): __itt_event_start

17957 : 0x363707bb86f : 2 : ittapi_config_apply_per_lib :  ITTAPI function NOT instrumented (not matched by --itt-config option): __itt_event_end

17957 : 0x363707bbd97 : 2 : ittapi_config_apply_per_lib :  ITTAPI function NOT instrumented (not matched by --itt-config option): __itt_sync_set_name

17957 : 0x363707bc285 : 2 : ittapi_config_apply_per_lib :  ITTAPI function NOT instrumented (not matched by --itt-config option): __itt_notify_sync_name

17957 : 0x363707bc7a5 : 2 : ittapi_config_apply_per_lib :  ITTAPI function NOT instrumented (not matched by --itt-config option): __itt_notify_sync_prepare

17957 : 0x363707bccc8 : 2 : ittapi_config_apply_per_lib :  ITTAPI function NOT instrumented (not matched by --itt-config option): __itt_notify_sync_cancel

17957 : 0x363707bd1de : 2 : ittapi_config_apply_per_lib :  ITTAPI function NOT instrumented (not matched by --itt-config option): __itt_notify_sync_acquired

17957 : 0x363707bd6f9 : 2 : ittapi_config_apply_per_lib :  ITTAPI function NOT instrumented (not matched by --itt-config option): __itt_notify_sync_releasing

17957 : 0x363707bde23 : 2 : ittapi_config_apply_per_lib :  ITTAPI function not implemented: __itt_memory_read
17957 : 0x363707bf4e0 : 2 : ittapi_config_apply_per_lib :  ITTAPI function not implemented: __itt_memory_write
17957 : 0x363707bfc36 : 2 : ittapi_config_apply_per_lib :  ITTAPI function not implemented: __itt_memory_update
17957 : 0x363707c0333 : 2 : ittapi_config_apply_per_lib :  ITTAPI function not implemented: __itt_state_get
17957 : 0x363707c09f4 : 2 : ittapi_config_apply_per_lib :  ITTAPI function not implemented: __itt_state_set
17957 : 0x363707c10c7 : 2 : ittapi_config_apply_per_lib :  ITTAPI function not implemented: __itt_obj_mode_set
17957 : 0x363707c17d7 : 2 : ittapi_config_apply_per_lib :  ITTAPI function not implemented: __itt_thr_mode_set
17957 : 0x363707c1dd3 : 2 : ittapi_config_apply_per_lib :  ITTAPI function instrumented: __itt_frame_create
17957 : 0x363707c23d8 : 2 : ittapi_config_apply_per_lib :  ITTAPI function instrumented: __itt_frame_begin
17957 : 0x363707c29b6 : 2 : ittapi_config_apply_per_lib :  ITTAPI function instrumented: __itt_frame_end
17957 : 0x363707c2fd3 : 2 : ittapi_config_apply_per_lib :  ITTAPI function instrumented: __itt_counter_create
17957 : 0x363707c4a79 : 2 : ittapi_config_apply_per_lib :  ITTAPI function NOT instrumented (not matched by --itt-config option): __itt_counter_destroy

17957 : 0x363707c503b : 2 : ittapi_config_apply_per_lib :  ITTAPI function NOT instrumented (not matched by --itt-config option): __itt_counter_inc

17957 : 0x363707c5567 : 2 : ittapi_config_apply_per_lib :  ITTAPI function NOT instrumented (not matched by --itt-config option): __itt_counter_inc_delta

17957 : 0x363707c5ca4 : 2 : ittapi_config_apply_per_lib :  ITTAPI function not implemented: __itt_mark_create
17957 : 0x363707c63a6 : 2 : ittapi_config_apply_per_lib :  ITTAPI function not implemented: __itt_mark
17957 : 0x363707c6b73 : 2 : ittapi_config_apply_per_lib :  ITTAPI function not implemented: __itt_mark_off
17957 : 0x363707c7289 : 2 : ittapi_config_apply_per_lib :  ITTAPI function not implemented: __itt_mark_global
17957 : 0x363707c79e4 : 2 : ittapi_config_apply_per_lib :  ITTAPI function not implemented: __itt_mark_global_off
17957 : 0x363707c80f1 : 2 : ittapi_config_apply_per_lib :  ITTAPI function instrumented: __itt_stack_caller_create
17957 : 0x363707c879e : 2 : ittapi_config_apply_per_lib :  ITTAPI function instrumented: __itt_stack_caller_destroy
17957 : 0x363707c9f4b : 2 : ittapi_config_apply_per_lib :  ITTAPI function instrumented: __itt_stack_callee_enter
17957 : 0x363707ca5d5 : 2 : ittapi_config_apply_per_lib :  ITTAPI function instrumented: __itt_stack_callee_leave
17957 : 0x363707cacba : 2 : ittapi_config_apply_per_lib :  ITTAPI function not implemented: __itt_clock_domain_create
17957 : 0x363707cb43f : 2 : ittapi_config_apply_per_lib :  ITTAPI function not implemented: __itt_clock_domain_reset
17957 : 0x363707cbb37 : 2 : ittapi_config_apply_per_lib :  ITTAPI function not implemented: __itt_id_create_ex
17957 : 0x363707cc215 : 2 : ittapi_config_apply_per_lib :  ITTAPI function not implemented: __itt_id_destroy_ex
17957 : 0x363707cc70e : 2 : ittapi_config_apply_per_lib :  ITTAPI function NOT instrumented (not matched by --itt-config option): __itt_task_begin_ex

17957 : 0x363707ccc12 : 2 : ittapi_config_apply_per_lib :  ITTAPI function NOT instrumented (not matched by --itt-config option): __itt_task_begin_fn_ex

17957 : 0x363707cd115 : 2 : ittapi_config_apply_per_lib :  ITTAPI function NOT instrumented (not matched by --itt-config option): __itt_task_end_ex

17957 : 0x363707cd614 : 2 : ittapi_config_apply_per_lib :  ITTAPI function NOT instrumented (not matched by --itt-config option): __itt_task_begin_overlapped

17957 : 0x363707ceb3d : 2 : ittapi_config_apply_per_lib :  ITTAPI function NOT instrumented (not matched by --itt-config option): __itt_task_begin_overlapped_ex

17957 : 0x363707cf0b7 : 2 : ittapi_config_apply_per_lib :  ITTAPI function NOT instrumented (not matched by --itt-config option): __itt_task_end_overlapped

17957 : 0x363707cf5b4 : 2 : ittapi_config_apply_per_lib :  ITTAPI function NOT instrumented (not matched by --itt-config option): __itt_task_end_overlapped_ex

17957 : 0x363707cfd12 : 2 : ittapi_config_apply_per_lib :  ITTAPI function not implemented: __itt_marker_ex
17957 : 0x363707d0485 : 2 : ittapi_config_apply_per_lib :  ITTAPI function not implemented: __itt_metadata_add_with_scope
17957 : 0x363707d0c1d : 2 : ittapi_config_apply_per_lib :  ITTAPI function not implemented: __itt_metadata_str_add_with_scope
17957 : 0x363707d146d : 2 : ittapi_config_apply_per_lib :  ITTAPI function not implemented: __itt_relation_add_to_current_ex
17957 : 0x363707d1bf7 : 2 : ittapi_config_apply_per_lib :  ITTAPI function not implemented: __itt_relation_add_ex
17957 : 0x363707d234f : 2 : ittapi_config_apply_per_lib :  ITTAPI function not implemented: __itt_track_group_create
17957 : 0x363707d29fa : 2 : ittapi_config_apply_per_lib :  ITTAPI function not implemented: __itt_track_create